2026-03-11 23:26:32.905 +05:30 [WRN] Entity 'Product' has a global query filter defined and is the required end of a relationship with the entity 'CartItem'. This may lead to unexpected results when the required entity is filtered out. Either configure the navigation as optional, or define matching query filters for both entities in the navigation. See https://go.microsoft.com/fwlink/?linkid=2131316 for more information.
2026-03-11 23:26:32.971 +05:30 [WRN] Entity 'ApplicationUser' has a global query filter defined and is the required end of a relationship with the entity 'Notification'. This may lead to unexpected results when the required entity is filtered out. Either configure the navigation as optional, or define matching query filters for both entities in the navigation. See https://go.microsoft.com/fwlink/?linkid=2131316 for more information.
2026-03-11 23:26:32.976 +05:30 [WRN] Entity 'Order' has a global query filter defined and is the required end of a relationship with the entity 'OrderItem'. This may lead to unexpected results when the required entity is filtered out. Either configure the navigation as optional, or define matching query filters for both entities in the navigation. See https://go.microsoft.com/fwlink/?linkid=2131316 for more information.
2026-03-11 23:26:32.978 +05:30 [WRN] Entity 'ApplicationUser' has a global query filter defined and is the required end of a relationship with the entity 'Payment'. This may lead to unexpected results when the required entity is filtered out. Either configure the navigation as optional, or define matching query filters for both entities in the navigation. See https://go.microsoft.com/fwlink/?linkid=2131316 for more information.
2026-03-11 23:26:34.178 +05:30 [INF] Executed DbCommand (331ms) [Parameters=[], CommandType='"Text"', CommandTimeout='60']
CREATE DATABASE [ServicePlatformDb];
2026-03-11 23:26:34.331 +05:30 [INF] Executed DbCommand (139ms) [Parameters=[], CommandType='"Text"', CommandTimeout='60']
IF SERVERPROPERTY('EngineEdition') <> 5
BEGIN
    ALTER DATABASE [ServicePlatformDb] SET READ_COMMITTED_SNAPSHOT ON;
END;
2026-03-11 23:26:34.366 +05:30 [INF] Executed DbCommand (8ms) [Parameters=[], CommandType='"Text"', CommandTimeout='30']
SELECT 1
2026-03-11 23:26:34.560 +05:30 [INF] Executed DbCommand (9ms) [Parameters=[], CommandType='"Text"', CommandTimeout='30']
CREATE TABLE [AspNetRoles] (
    [Id] nvarchar(450) NOT NULL,
    [Name] nvarchar(256) NULL,
    [NormalizedName] nvarchar(256) NULL,
    [ConcurrencyStamp] nvarchar(max) NULL,
    CONSTRAINT [PK_AspNetRoles] PRIMARY KEY ([Id])
);
2026-03-11 23:26:34.566 +05:30 [INF] Executed DbCommand (3ms) [Parameters=[], CommandType='"Text"', CommandTimeout='30']
CREATE TABLE [AspNetUsers] (
    [Id] nvarchar(450) NOT NULL,
    [FullName] nvarchar(100) NOT NULL,
    [Mobile] nvarchar(15) NULL,
    [State] nvarchar(100) NULL,
    [ProfileImageUrl] nvarchar(500) NULL,
    [Address] nvarchar(500) NULL,
    [Latitude] float NULL,
    [Longitude] float NULL,
    [CreatedAt] datetime2 NOT NULL,
    [UpdatedAt] datetime2 NULL,
    [IsActive] bit NOT NULL,
    [IsDeleted] bit NOT NULL,
    [UserName] nvarchar(256) NULL,
    [NormalizedUserName] nvarchar(256) NULL,
    [Email] nvarchar(256) NULL,
    [NormalizedEmail] nvarchar(256) NULL,
    [EmailConfirmed] bit NOT NULL,
    [PasswordHash] nvarchar(max) NULL,
    [SecurityStamp] nvarchar(max) NULL,
    [ConcurrencyStamp] nvarchar(max) NULL,
    [PhoneNumber] nvarchar(max) NULL,
    [PhoneNumberConfirmed] bit NOT NULL,
    [TwoFactorEnabled] bit NOT NULL,
    [LockoutEnd] datetimeoffset NULL,
    [LockoutEnabled] bit NOT NULL,
    [AccessFailedCount] int NOT NULL,
    CONSTRAINT [PK_AspNetUsers] PRIMARY KEY ([Id])
);
2026-03-11 23:26:34.573 +05:30 [INF] Executed DbCommand (3ms) [Parameters=[], CommandType='"Text"', CommandTimeout='30']
CREATE TABLE [ServiceCategories] (
    [Id] int NOT NULL IDENTITY,
    [Name] nvarchar(100) NOT NULL,
    [Description] nvarchar(500) NULL,
    [Icon] nvarchar(100) NULL,
    [IsActive] bit NOT NULL,
    [CreatedAt] datetime2 NOT NULL,
    CONSTRAINT [PK_ServiceCategories] PRIMARY KEY ([Id])
);
2026-03-11 23:26:34.578 +05:30 [INF] Executed DbCommand (3ms) [Parameters=[], CommandType='"Text"', CommandTimeout='30']
CREATE TABLE [AspNetRoleClaims] (
    [Id] int NOT NULL IDENTITY,
    [RoleId] nvarchar(450) NOT NULL,
    [ClaimType] nvarchar(max) NULL,
    [ClaimValue] nvarchar(max) NULL,
    CONSTRAINT [PK_AspNetRoleClaims] PRIMARY KEY ([Id]),
    CONSTRAINT [FK_AspNetRoleClaims_AspNetRoles_RoleId] FOREIGN KEY ([RoleId]) REFERENCES [AspNetRoles] ([Id]) ON DELETE CASCADE
);
2026-03-11 23:26:34.585 +05:30 [INF] Executed DbCommand (5ms) [Parameters=[], CommandType='"Text"', CommandTimeout='30']
CREATE TABLE [Appointments] (
    [Id] int NOT NULL IDENTITY,
    [Title] nvarchar(200) NOT NULL,
    [Description] nvarchar(1000) NULL,
    [ScheduledDate] datetime2 NOT NULL,
    [TimeSlot] nvarchar(100) NULL,
    [Status] int NOT NULL,
    [CreatedAt] datetime2 NOT NULL,
    [UpdatedAt] datetime2 NULL,
    [IsDeleted] bit NOT NULL,
    [UserId] nvarchar(450) NOT NULL,
    [ServiceProviderId] nvarchar(450) NULL,
    CONSTRAINT [PK_Appointments] PRIMARY KEY ([Id]),
    CONSTRAINT [FK_Appointments_AspNetUsers_ServiceProviderId] FOREIGN KEY ([ServiceProviderId]) REFERENCES [AspNetUsers] ([Id]) ON DELETE NO ACTION,
    CONSTRAINT [FK_Appointments_AspNetUsers_UserId] FOREIGN KEY ([UserId]) REFERENCES [AspNetUsers] ([Id]) ON DELETE NO ACTION
);
2026-03-11 23:26:34.591 +05:30 [INF] Executed DbCommand (2ms) [Parameters=[], CommandType='"Text"', CommandTimeout='30']
CREATE TABLE [AspNetUserClaims] (
    [Id] int NOT NULL IDENTITY,
    [UserId] nvarchar(450) NOT NULL,
    [ClaimType] nvarchar(max) NULL,
    [ClaimValue] nvarchar(max) NULL,
    CONSTRAINT [PK_AspNetUserClaims] PRIMARY KEY ([Id]),
    CONSTRAINT [FK_AspNetUserClaims_AspNetUsers_UserId] FOREIGN KEY ([UserId]) REFERENCES [AspNetUsers] ([Id]) ON DELETE CASCADE
);
2026-03-11 23:26:34.596 +05:30 [INF] Executed DbCommand (3ms) [Parameters=[], CommandType='"Text"', CommandTimeout='30']
CREATE TABLE [AspNetUserLogins] (
    [LoginProvider] nvarchar(450) NOT NULL,
    [ProviderKey] nvarchar(450) NOT NULL,
    [ProviderDisplayName] nvarchar(max) NULL,
    [UserId] nvarchar(450) NOT NULL,
    CONSTRAINT [PK_AspNetUserLogins] PRIMARY KEY ([LoginProvider], [ProviderKey]),
    CONSTRAINT [FK_AspNetUserLogins_AspNetUsers_UserId] FOREIGN KEY ([UserId]) REFERENCES [AspNetUsers] ([Id]) ON DELETE CASCADE
);
2026-03-11 23:26:34.601 +05:30 [INF] Executed DbCommand (2ms) [Parameters=[], CommandType='"Text"', CommandTimeout='30']
CREATE TABLE [AspNetUserRoles] (
    [UserId] nvarchar(450) NOT NULL,
    [RoleId] nvarchar(450) NOT NULL,
    CONSTRAINT [PK_AspNetUserRoles] PRIMARY KEY ([UserId], [RoleId]),
    CONSTRAINT [FK_AspNetUserRoles_AspNetRoles_RoleId] FOREIGN KEY ([RoleId]) REFERENCES [AspNetRoles] ([Id]) ON DELETE CASCADE,
    CONSTRAINT [FK_AspNetUserRoles_AspNetUsers_UserId] FOREIGN KEY ([UserId]) REFERENCES [AspNetUsers] ([Id]) ON DELETE CASCADE
);
2026-03-11 23:26:34.605 +05:30 [INF] Executed DbCommand (2ms) [Parameters=[], CommandType='"Text"', CommandTimeout='30']
CREATE TABLE [AspNetUserTokens] (
    [UserId] nvarchar(450) NOT NULL,
    [LoginProvider] nvarchar(450) NOT NULL,
    [Name] nvarchar(450) NOT NULL,
    [Value] nvarchar(max) NULL,
    CONSTRAINT [PK_AspNetUserTokens] PRIMARY KEY ([UserId], [LoginProvider], [Name]),
    CONSTRAINT [FK_AspNetUserTokens_AspNetUsers_UserId] FOREIGN KEY ([UserId]) REFERENCES [AspNetUsers] ([Id]) ON DELETE CASCADE
);
2026-03-11 23:26:34.611 +05:30 [INF] Executed DbCommand (3ms) [Parameters=[], CommandType='"Text"', CommandTimeout='30']
CREATE TABLE [Feedbacks] (
    [Id] int NOT NULL IDENTITY,
    [Subject] nvarchar(200) NOT NULL,
    [Message] nvarchar(2000) NOT NULL,
    [Category] nvarchar(100) NULL,
    [IsResolved] bit NOT NULL,
    [AdminResponse] nvarchar(1000) NULL,
    [CreatedAt] datetime2 NOT NULL,
    [ResolvedAt] datetime2 NULL,
    [IsDeleted] bit NOT NULL,
    [UserId] nvarchar(450) NOT NULL,
    CONSTRAINT [PK_Feedbacks] PRIMARY KEY ([Id]),
    CONSTRAINT [FK_Feedbacks_AspNetUsers_UserId] FOREIGN KEY ([UserId]) REFERENCES [AspNetUsers] ([Id]) ON DELETE NO ACTION
);
2026-03-11 23:26:34.615 +05:30 [INF] Executed DbCommand (2ms) [Parameters=[], CommandType='"Text"', CommandTimeout='30']
CREATE TABLE [Notifications] (
    [Id] int NOT NULL IDENTITY,
    [Title] nvarchar(200) NOT NULL,
    [Message] nvarchar(500) NOT NULL,
    [Type] int NOT NULL,
    [Link] nvarchar(500) NULL,
    [IsRead] bit NOT NULL,
    [CreatedAt] datetime2 NOT NULL,
    [UserId] nvarchar(450) NOT NULL,
    CONSTRAINT [PK_Notifications] PRIMARY KEY ([Id]),
    CONSTRAINT [FK_Notifications_AspNetUsers_UserId] FOREIGN KEY ([UserId]) REFERENCES [AspNetUsers] ([Id]) ON DELETE CASCADE
);
2026-03-11 23:26:34.620 +05:30 [INF] Executed DbCommand (3ms) [Parameters=[], CommandType='"Text"', CommandTimeout='30']
CREATE TABLE [Orders] (
    [Id] int NOT NULL IDENTITY,
    [OrderNumber] nvarchar(50) NOT NULL,
    [TotalAmount] decimal(18,2) NOT NULL,
    [TaxAmount] decimal(18,2) NULL,
    [ShippingAmount] decimal(18,2) NULL,
    [Status] int NOT NULL,
    [ShippingAddress] nvarchar(500) NULL,
    [Notes] nvarchar(1000) NULL,
    [CreatedAt] datetime2 NOT NULL,
    [UpdatedAt] datetime2 NULL,
    [IsDeleted] bit NOT NULL,
    [UserId] nvarchar(450) NOT NULL,
    CONSTRAINT [PK_Orders] PRIMARY KEY ([Id]),
    CONSTRAINT [FK_Orders_AspNetUsers_UserId] FOREIGN KEY ([UserId]) REFERENCES [AspNetUsers] ([Id]) ON DELETE NO ACTION
);
2026-03-11 23:26:34.624 +05:30 [INF] Executed DbCommand (2ms) [Parameters=[], CommandType='"Text"', CommandTimeout='30']
CREATE TABLE [Products] (
    [Id] int NOT NULL IDENTITY,
    [Name] nvarchar(200) NOT NULL,
    [Description] nvarchar(2000) NULL,
    [Price] decimal(18,2) NOT NULL,
    [DiscountPrice] decimal(18,2) NULL,
    [Category] nvarchar(100) NULL,
    [ImageUrl] nvarchar(500) NULL,
    [StockQuantity] int NOT NULL,
    [SKU] nvarchar(50) NULL,
    [IsActive] bit NOT NULL,
    [IsDeleted] bit NOT NULL,
    [CreatedAt] datetime2 NOT NULL,
    [UpdatedAt] datetime2 NULL,
    [ShopkeeperId] nvarchar(450) NOT NULL,
    CONSTRAINT [PK_Products] PRIMARY KEY ([Id]),
    CONSTRAINT [FK_Products_AspNetUsers_ShopkeeperId] FOREIGN KEY ([ShopkeeperId]) REFERENCES [AspNetUsers] ([Id]) ON DELETE NO ACTION
);
2026-03-11 23:26:34.628 +05:30 [INF] Executed DbCommand (2ms) [Parameters=[], CommandType='"Text"', CommandTimeout='30']
CREATE TABLE [ServiceRequests] (
    [Id] int NOT NULL IDENTITY,
    [Title] nvarchar(200) NOT NULL,
    [Description] nvarchar(2000) NOT NULL,
    [RequestType] int NOT NULL,
    [Status] int NOT NULL,
    [Category] nvarchar(100) NULL,
    [Latitude] float NULL,
    [Longitude] float NULL,
    [LocationAddress] nvarchar(500) NULL,
    [CreatedAt] datetime2 NOT NULL,
    [AcceptedAt] datetime2 NULL,
    [CompletedAt] datetime2 NULL,
    [UpdatedAt] datetime2 NULL,
    [IsDeleted] bit NOT NULL,
    [Notes] nvarchar(1000) NULL,
    [UserId] nvarchar(450) NOT NULL,
    [ServiceProviderId] nvarchar(450) NULL,
    CONSTRAINT [PK_ServiceRequests] PRIMARY KEY ([Id]),
    CONSTRAINT [FK_ServiceRequests_AspNetUsers_ServiceProviderId] FOREIGN KEY ([ServiceProviderId]) REFERENCES [AspNetUsers] ([Id]) ON DELETE NO ACTION,
    CONSTRAINT [FK_ServiceRequests_AspNetUsers_UserId] FOREIGN KEY ([UserId]) REFERENCES [AspNetUsers] ([Id]) ON DELETE NO ACTION
);
2026-03-11 23:26:34.634 +05:30 [INF] Executed DbCommand (3ms) [Parameters=[], CommandType='"Text"', CommandTimeout='30']
CREATE TABLE [CartItems] (
    [Id] int NOT NULL IDENTITY,
    [Quantity] int NOT NULL,
    [AddedAt] datetime2 NOT NULL,
    [UserId] nvarchar(450) NOT NULL,
    [ProductId] int NOT NULL,
    CONSTRAINT [PK_CartItems] PRIMARY KEY ([Id]),
    CONSTRAINT [FK_CartItems_AspNetUsers_UserId] FOREIGN KEY ([UserId]) REFERENCES [AspNetUsers] ([Id]) ON DELETE NO ACTION,
    CONSTRAINT [FK_CartItems_Products_ProductId] FOREIGN KEY ([ProductId]) REFERENCES [Products] ([Id]) ON DELETE NO ACTION
);
2026-03-11 23:26:34.639 +05:30 [INF] Executed DbCommand (2ms) [Parameters=[], CommandType='"Text"', CommandTimeout='30']
CREATE TABLE [OrderItems] (
    [Id] int NOT NULL IDENTITY,
    [Quantity] int NOT NULL,
    [UnitPrice] decimal(18,2) NOT NULL,
    [TotalPrice] decimal(18,2) NOT NULL,
    [OrderId] int NOT NULL,
    [ProductId] int NOT NULL,
    CONSTRAINT [PK_OrderItems] PRIMARY KEY ([Id]),
    CONSTRAINT [FK_OrderItems_Orders_OrderId] FOREIGN KEY ([OrderId]) REFERENCES [Orders] ([Id]) ON DELETE CASCADE,
    CONSTRAINT [FK_OrderItems_Products_ProductId] FOREIGN KEY ([ProductId]) REFERENCES [Products] ([Id]) ON DELETE NO ACTION
);
2026-03-11 23:26:34.646 +05:30 [INF] Executed DbCommand (3ms) [Parameters=[], CommandType='"Text"', CommandTimeout='30']
CREATE TABLE [Payments] (
    [Id] int NOT NULL IDENTITY,
    [Amount] decimal(18,2) NOT NULL,
    [Currency] nvarchar(10) NOT NULL,
    [Status] int NOT NULL,
    [Gateway] int NOT NULL,
    [TransactionId] nvarchar(200) NULL,
    [GatewayOrderId] nvarchar(200) NULL,
    [GatewayPaymentId] nvarchar(200) NULL,
    [GatewaySignature] nvarchar(500) NULL,
    [FailureReason] nvarchar(1000) NULL,
    [CreatedAt] datetime2 NOT NULL,
    [CompletedAt] datetime2 NULL,
    [UserId] nvarchar(450) NOT NULL,
    [OrderId] int NULL,
    [ServiceRequestId] int NULL,
    CONSTRAINT [PK_Payments] PRIMARY KEY ([Id]),
    CONSTRAINT [FK_Payments_AspNetUsers_UserId] FOREIGN KEY ([UserId]) REFERENCES [AspNetUsers] ([Id]) ON DELETE NO ACTION,
    CONSTRAINT [FK_Payments_Orders_OrderId] FOREIGN KEY ([OrderId]) REFERENCES [Orders] ([Id]) ON DELETE NO ACTION,
    CONSTRAINT [FK_Payments_ServiceRequests_ServiceRequestId] FOREIGN KEY ([ServiceRequestId]) REFERENCES [ServiceRequests] ([Id]) ON DELETE NO ACTION
);
2026-03-11 23:26:34.651 +05:30 [INF] Executed DbCommand (3ms) [Parameters=[], CommandType='"Text"', CommandTimeout='30']
CREATE TABLE [Ratings] (
    [Id] int NOT NULL IDENTITY,
    [Stars] int NOT NULL,
    [ReviewText] nvarchar(1000) NULL,
    [CreatedAt] datetime2 NOT NULL,
    [IsDeleted] bit NOT NULL,
    [UserId] nvarchar(450) NOT NULL,
    [ServiceProviderId] nvarchar(450) NOT NULL,
    [ServiceRequestId] int NULL,
    CONSTRAINT [PK_Ratings] PRIMARY KEY ([Id]),
    CONSTRAINT [FK_Ratings_AspNetUsers_ServiceProviderId] FOREIGN KEY ([ServiceProviderId]) REFERENCES [AspNetUsers] ([Id]) ON DELETE NO ACTION,
    CONSTRAINT [FK_Ratings_AspNetUsers_UserId] FOREIGN KEY ([UserId]) REFERENCES [AspNetUsers] ([Id]) ON DELETE NO ACTION,
    CONSTRAINT [FK_Ratings_ServiceRequests_ServiceRequestId] FOREIGN KEY ([ServiceRequestId]) REFERENCES [ServiceRequests] ([Id]) ON DELETE NO ACTION
);
2026-03-11 23:26:34.712 +05:30 [INF] Executed DbCommand (58ms) [Parameters=[], CommandType='"Text"', CommandTimeout='30']
IF EXISTS (SELECT * FROM [sys].[identity_columns] WHERE [name] IN (N'Id', N'CreatedAt', N'Description', N'Icon', N'IsActive', N'Name') AND [object_id] = OBJECT_ID(N'[ServiceCategories]'))
    SET IDENTITY_INSERT [ServiceCategories] ON;
INSERT INTO [ServiceCategories] ([Id], [CreatedAt], [Description], [Icon], [IsActive], [Name])
VALUES (1, '2026-03-11T17:56:32.7517263Z', N'Plumbing and pipe repair services', N'fas fa-wrench', CAST(1 AS bit), N'Plumbing'),
(2, '2026-03-11T17:56:32.7519730Z', N'Electrical repair and installation', N'fas fa-bolt', CAST(1 AS bit), N'Electrical'),
(3, '2026-03-11T17:56:32.7519734Z', N'Woodwork and furniture repair', N'fas fa-hammer', CAST(1 AS bit), N'Carpentry'),
(4, '2026-03-11T17:56:32.7519737Z', N'Home and office cleaning services', N'fas fa-broom', CAST(1 AS bit), N'Cleaning'),
(5, '2026-03-11T17:56:32.7519740Z', N'Interior and exterior painting', N'fas fa-paint-roller', CAST(1 AS bit), N'Painting'),
(6, '2026-03-11T17:56:32.7519742Z', N'Heating, ventilation and air conditioning', N'fas fa-fan', CAST(1 AS bit), N'HVAC'),
(7, '2026-03-11T17:56:32.7519745Z', N'Home appliance repair services', N'fas fa-tools', CAST(1 AS bit), N'Appliance Repair'),
(8, '2026-03-11T17:56:32.7519747Z', N'Pest control and fumigation', N'fas fa-bug', CAST(1 AS bit), N'Pest Control');
IF EXISTS (SELECT * FROM [sys].[identity_columns] WHERE [name] IN (N'Id', N'CreatedAt', N'Description', N'Icon', N'IsActive', N'Name') AND [object_id] = OBJECT_ID(N'[ServiceCategories]'))
    SET IDENTITY_INSERT [ServiceCategories] OFF;
2026-03-11 23:26:34.720 +05:30 [INF] Executed DbCommand (5ms) [Parameters=[], CommandType='"Text"', CommandTimeout='30']
CREATE INDEX [IX_Appointments_ScheduledDate] ON [Appointments] ([ScheduledDate]);
2026-03-11 23:26:34.723 +05:30 [INF] Executed DbCommand (1ms) [Parameters=[], CommandType='"Text"', CommandTimeout='30']
CREATE INDEX [IX_Appointments_ServiceProviderId] ON [Appointments] ([ServiceProviderId]);
2026-03-11 23:26:34.726 +05:30 [INF] Executed DbCommand (1ms) [Parameters=[], CommandType='"Text"', CommandTimeout='30']
CREATE INDEX [IX_Appointments_UserId] ON [Appointments] ([UserId]);
2026-03-11 23:26:34.730 +05:30 [INF] Executed DbCommand (1ms) [Parameters=[], CommandType='"Text"', CommandTimeout='30']
CREATE INDEX [IX_AspNetRoleClaims_RoleId] ON [AspNetRoleClaims] ([RoleId]);
2026-03-11 23:26:34.735 +05:30 [INF] Executed DbCommand (3ms) [Parameters=[], CommandType='"Text"', CommandTimeout='30']
CREATE UNIQUE INDEX [RoleNameIndex] ON [AspNetRoles] ([NormalizedName]) WHERE [NormalizedName] IS NOT NULL;
2026-03-11 23:26:34.739 +05:30 [INF] Executed DbCommand (1ms) [Parameters=[], CommandType='"Text"', CommandTimeout='30']
CREATE INDEX [IX_AspNetUserClaims_UserId] ON [AspNetUserClaims] ([UserId]);
2026-03-11 23:26:34.741 +05:30 [INF] Executed DbCommand (1ms) [Parameters=[], CommandType='"Text"', CommandTimeout='30']
CREATE INDEX [IX_AspNetUserLogins_UserId] ON [AspNetUserLogins] ([UserId]);
2026-03-11 23:26:34.745 +05:30 [INF] Executed DbCommand (1ms) [Parameters=[], CommandType='"Text"', CommandTimeout='30']
CREATE INDEX [IX_AspNetUserRoles_RoleId] ON [AspNetUserRoles] ([RoleId]);
2026-03-11 23:26:34.748 +05:30 [INF] Executed DbCommand (1ms) [Parameters=[], CommandType='"Text"', CommandTimeout='30']
CREATE INDEX [EmailIndex] ON [AspNetUsers] ([NormalizedEmail]);
2026-03-11 23:26:34.751 +05:30 [INF] Executed DbCommand (1ms) [Parameters=[], CommandType='"Text"', CommandTimeout='30']
CREATE INDEX [IX_AspNetUsers_Email] ON [AspNetUsers] ([Email]);
2026-03-11 23:26:34.754 +05:30 [INF] Executed DbCommand (1ms) [Parameters=[], CommandType='"Text"', CommandTimeout='30']
CREATE INDEX [IX_AspNetUsers_IsDeleted] ON [AspNetUsers] ([IsDeleted]);
2026-03-11 23:26:34.757 +05:30 [INF] Executed DbCommand (1ms) [Parameters=[], CommandType='"Text"', CommandTimeout='30']
CREATE UNIQUE INDEX [UserNameIndex] ON [AspNetUsers] ([NormalizedUserName]) WHERE [NormalizedUserName] IS NOT NULL;
2026-03-11 23:26:34.761 +05:30 [INF] Executed DbCommand (1ms) [Parameters=[], CommandType='"Text"', CommandTimeout='30']
CREATE INDEX [IX_CartItems_ProductId] ON [CartItems] ([ProductId]);
2026-03-11 23:26:34.765 +05:30 [INF] Executed DbCommand (1ms) [Parameters=[], CommandType='"Text"', CommandTimeout='30']
CREATE UNIQUE INDEX [IX_CartItems_UserId_ProductId] ON [CartItems] ([UserId], [ProductId]);
2026-03-11 23:26:34.767 +05:30 [INF] Executed DbCommand (1ms) [Parameters=[], CommandType='"Text"', CommandTimeout='30']
CREATE INDEX [IX_Feedbacks_UserId] ON [Feedbacks] ([UserId]);
2026-03-11 23:26:34.771 +05:30 [INF] Executed DbCommand (1ms) [Parameters=[], CommandType='"Text"', CommandTimeout='30']
CREATE INDEX [IX_Notifications_CreatedAt] ON [Notifications] ([CreatedAt]);
2026-03-11 23:26:34.774 +05:30 [INF] Executed DbCommand (1ms) [Parameters=[], CommandType='"Text"', CommandTimeout='30']
CREATE INDEX [IX_Notifications_UserId_IsRead] ON [Notifications] ([UserId], [IsRead]);
2026-03-11 23:26:34.778 +05:30 [INF] Executed DbCommand (1ms) [Parameters=[], CommandType='"Text"', CommandTimeout='30']
CREATE INDEX [IX_OrderItems_OrderId] ON [OrderItems] ([OrderId]);
2026-03-11 23:26:34.781 +05:30 [INF] Executed DbCommand (1ms) [Parameters=[], CommandType='"Text"', CommandTimeout='30']
CREATE INDEX [IX_OrderItems_ProductId] ON [OrderItems] ([ProductId]);
2026-03-11 23:26:34.784 +05:30 [INF] Executed DbCommand (1ms) [Parameters=[], CommandType='"Text"', CommandTimeout='30']
CREATE UNIQUE INDEX [IX_Orders_OrderNumber] ON [Orders] ([OrderNumber]);
2026-03-11 23:26:34.788 +05:30 [INF] Executed DbCommand (2ms) [Parameters=[], CommandType='"Text"', CommandTimeout='30']
CREATE INDEX [IX_Orders_Status] ON [Orders] ([Status]);
2026-03-11 23:26:34.792 +05:30 [INF] Executed DbCommand (2ms) [Parameters=[], CommandType='"Text"', CommandTimeout='30']
CREATE INDEX [IX_Orders_UserId] ON [Orders] ([UserId]);
2026-03-11 23:26:34.795 +05:30 [INF] Executed DbCommand (1ms) [Parameters=[], CommandType='"Text"', CommandTimeout='30']
CREATE UNIQUE INDEX [IX_Payments_OrderId] ON [Payments] ([OrderId]) WHERE [OrderId] IS NOT NULL;
2026-03-11 23:26:34.798 +05:30 [INF] Executed DbCommand (1ms) [Parameters=[], CommandType='"Text"', CommandTimeout='30']
CREATE UNIQUE INDEX [IX_Payments_ServiceRequestId] ON [Payments] ([ServiceRequestId]) WHERE [ServiceRequestId] IS NOT NULL;
2026-03-11 23:26:34.801 +05:30 [INF] Executed DbCommand (1ms) [Parameters=[], CommandType='"Text"', CommandTimeout='30']
CREATE INDEX [IX_Payments_Status] ON [Payments] ([Status]);
2026-03-11 23:26:34.804 +05:30 [INF] Executed DbCommand (1ms) [Parameters=[], CommandType='"Text"', CommandTimeout='30']
CREATE INDEX [IX_Payments_TransactionId] ON [Payments] ([TransactionId]);
2026-03-11 23:26:34.807 +05:30 [INF] Executed DbCommand (1ms) [Parameters=[], CommandType='"Text"', CommandTimeout='30']
CREATE INDEX [IX_Payments_UserId] ON [Payments] ([UserId]);
2026-03-11 23:26:34.811 +05:30 [INF] Executed DbCommand (1ms) [Parameters=[], CommandType='"Text"', CommandTimeout='30']
CREATE INDEX [IX_Products_Category] ON [Products] ([Category]);
2026-03-11 23:26:34.815 +05:30 [INF] Executed DbCommand (1ms) [Parameters=[], CommandType='"Text"', CommandTimeout='30']
CREATE INDEX [IX_Products_IsActive] ON [Products] ([IsActive]);
2026-03-11 23:26:34.818 +05:30 [INF] Executed DbCommand (1ms) [Parameters=[], CommandType='"Text"', CommandTimeout='30']
CREATE INDEX [IX_Products_ShopkeeperId] ON [Products] ([ShopkeeperId]);
2026-03-11 23:26:34.823 +05:30 [INF] Executed DbCommand (2ms) [Parameters=[], CommandType='"Text"', CommandTimeout='30']
CREATE INDEX [IX_Ratings_ServiceProviderId] ON [Ratings] ([ServiceProviderId]);
2026-03-11 23:26:34.828 +05:30 [INF] Executed DbCommand (1ms) [Parameters=[], CommandType='"Text"', CommandTimeout='30']
CREATE INDEX [IX_Ratings_ServiceRequestId] ON [Ratings] ([ServiceRequestId]);
2026-03-11 23:26:34.831 +05:30 [INF] Executed DbCommand (1ms) [Parameters=[], CommandType='"Text"', CommandTimeout='30']
CREATE INDEX [IX_Ratings_UserId] ON [Ratings] ([UserId]);
2026-03-11 23:26:34.834 +05:30 [INF] Executed DbCommand (1ms) [Parameters=[], CommandType='"Text"', CommandTimeout='30']
CREATE INDEX [IX_ServiceRequests_CreatedAt] ON [ServiceRequests] ([CreatedAt]);
2026-03-11 23:26:34.838 +05:30 [INF] Executed DbCommand (2ms) [Parameters=[], CommandType='"Text"', CommandTimeout='30']
CREATE INDEX [IX_ServiceRequests_ServiceProviderId] ON [ServiceRequests] ([ServiceProviderId]);
2026-03-11 23:26:34.842 +05:30 [INF] Executed DbCommand (2ms) [Parameters=[], CommandType='"Text"', CommandTimeout='30']
CREATE INDEX [IX_ServiceRequests_Status] ON [ServiceRequests] ([Status]);
2026-03-11 23:26:34.845 +05:30 [INF] Executed DbCommand (1ms) [Parameters=[], CommandType='"Text"', CommandTimeout='30']
CREATE INDEX [IX_ServiceRequests_UserId] ON [ServiceRequests] ([UserId]);
2026-03-11 23:26:34.880 +05:30 [INF] User profile is available. Using 'C:\Users\Priya Devrani\AppData\Local\ASP.NET\DataProtection-Keys' as key repository and Windows DPAPI to encrypt keys at rest.
2026-03-11 23:26:35.221 +05:30 [INF] Executed DbCommand (36ms) [Parameters=[@normalizedName='?' (Size = 256)], CommandType='"Text"', CommandTimeout='30']
SELECT TOP(1) [a].[Id], [a].[ConcurrencyStamp], [a].[Name], [a].[NormalizedName]
FROM [AspNetRoles] AS [a]
WHERE [a].[NormalizedName] = @normalizedName
2026-03-11 23:26:35.241 +05:30 [INF] Executed DbCommand (1ms) [Parameters=[@normalizedName='?' (Size = 256)], CommandType='"Text"', CommandTimeout='30']
SELECT TOP(1) [a].[Id], [a].[ConcurrencyStamp], [a].[Name], [a].[NormalizedName]
FROM [AspNetRoles] AS [a]
WHERE [a].[NormalizedName] = @normalizedName
2026-03-11 23:26:35.350 +05:30 [INF] Executed DbCommand (4ms) [Parameters=[@p0='?' (Size = 450), @p1='?' (Size = 4000), @p2='?' (Size = 256), @p3='?' (Size = 256)], CommandType='"Text"', CommandTimeout='30']
SET IMPLICIT_TRANSACTIONS OFF;
SET NOCOUNT ON;
INSERT INTO [AspNetRoles] ([Id], [ConcurrencyStamp], [Name], [NormalizedName])
VALUES (@p0, @p1, @p2, @p3);
2026-03-11 23:26:35.365 +05:30 [INF] Executed DbCommand (5ms) [Parameters=[@normalizedName='?' (Size = 256)], CommandType='"Text"', CommandTimeout='30']
SELECT TOP(1) [a].[Id], [a].[ConcurrencyStamp], [a].[Name], [a].[NormalizedName]
FROM [AspNetRoles] AS [a]
WHERE [a].[NormalizedName] = @normalizedName
2026-03-11 23:26:35.368 +05:30 [INF] Executed DbCommand (1ms) [Parameters=[@normalizedName='?' (Size = 256)], CommandType='"Text"', CommandTimeout='30']
SELECT TOP(1) [a].[Id], [a].[ConcurrencyStamp], [a].[Name], [a].[NormalizedName]
FROM [AspNetRoles] AS [a]
WHERE [a].[NormalizedName] = @normalizedName
2026-03-11 23:26:35.374 +05:30 [INF] Executed DbCommand (1ms) [Parameters=[@p0='?' (Size = 450), @p1='?' (Size = 4000), @p2='?' (Size = 256), @p3='?' (Size = 256)], CommandType='"Text"', CommandTimeout='30']
SET IMPLICIT_TRANSACTIONS OFF;
SET NOCOUNT ON;
INSERT INTO [AspNetRoles] ([Id], [ConcurrencyStamp], [Name], [NormalizedName])
VALUES (@p0, @p1, @p2, @p3);
2026-03-11 23:26:35.377 +05:30 [INF] Executed DbCommand (1ms) [Parameters=[@normalizedName='?' (Size = 256)], CommandType='"Text"', CommandTimeout='30']
SELECT TOP(1) [a].[Id], [a].[ConcurrencyStamp], [a].[Name], [a].[NormalizedName]
FROM [AspNetRoles] AS [a]
WHERE [a].[NormalizedName] = @normalizedName
2026-03-11 23:26:35.382 +05:30 [INF] Executed DbCommand (1ms) [Parameters=[@normalizedName='?' (Size = 256)], CommandType='"Text"', CommandTimeout='30']
SELECT TOP(1) [a].[Id], [a].[ConcurrencyStamp], [a].[Name], [a].[NormalizedName]
FROM [AspNetRoles] AS [a]
WHERE [a].[NormalizedName] = @normalizedName
2026-03-11 23:26:35.386 +05:30 [INF] Executed DbCommand (1ms) [Parameters=[@p0='?' (Size = 450), @p1='?' (Size = 4000), @p2='?' (Size = 256), @p3='?' (Size = 256)], CommandType='"Text"', CommandTimeout='30']
SET IMPLICIT_TRANSACTIONS OFF;
SET NOCOUNT ON;
INSERT INTO [AspNetRoles] ([Id], [ConcurrencyStamp], [Name], [NormalizedName])
VALUES (@p0, @p1, @p2, @p3);
2026-03-11 23:26:35.390 +05:30 [INF] Executed DbCommand (0ms) [Parameters=[@normalizedName='?' (Size = 256)], CommandType='"Text"', CommandTimeout='30']
SELECT TOP(1) [a].[Id], [a].[ConcurrencyStamp], [a].[Name], [a].[NormalizedName]
FROM [AspNetRoles] AS [a]
WHERE [a].[NormalizedName] = @normalizedName
2026-03-11 23:26:35.393 +05:30 [INF] Executed DbCommand (0ms) [Parameters=[@normalizedName='?' (Size = 256)], CommandType='"Text"', CommandTimeout='30']
SELECT TOP(1) [a].[Id], [a].[ConcurrencyStamp], [a].[Name], [a].[NormalizedName]
FROM [AspNetRoles] AS [a]
WHERE [a].[NormalizedName] = @normalizedName
2026-03-11 23:26:35.397 +05:30 [INF] Executed DbCommand (1ms) [Parameters=[@p0='?' (Size = 450), @p1='?' (Size = 4000), @p2='?' (Size = 256), @p3='?' (Size = 256)], CommandType='"Text"', CommandTimeout='30']
SET IMPLICIT_TRANSACTIONS OFF;
SET NOCOUNT ON;
INSERT INTO [AspNetRoles] ([Id], [ConcurrencyStamp], [Name], [NormalizedName])
VALUES (@p0, @p1, @p2, @p3);
2026-03-11 23:26:35.424 +05:30 [INF] Executed DbCommand (4ms) [Parameters=[@normalizedEmail='?' (Size = 256)], CommandType='"Text"', CommandTimeout='30']
SELECT TOP(2) [a].[Id], [a].[AccessFailedCount], [a].[Address], [a].[ConcurrencyStamp], [a].[CreatedAt], [a].[Email], [a].[EmailConfirmed], [a].[FullName], [a].[IsActive], [a].[IsDeleted], [a].[Latitude], [a].[LockoutEnabled], [a].[LockoutEnd], [a].[Longitude], [a].[Mobile], [a].[NormalizedEmail], [a].[NormalizedUserName], [a].[PasswordHash], [a].[PhoneNumber], [a].[PhoneNumberConfirmed], [a].[ProfileImageUrl], [a].[SecurityStamp], [a].[State], [a].[TwoFactorEnabled], [a].[UpdatedAt], [a].[UserName]
FROM [AspNetUsers] AS [a]
WHERE [a].[IsDeleted] = CAST(0 AS bit) AND [a].[NormalizedEmail] = @normalizedEmail
2026-03-11 23:26:35.555 +05:30 [INF] Executed DbCommand (8ms) [Parameters=[@normalizedUserName='?' (Size = 256)], CommandType='"Text"', CommandTimeout='30']
SELECT TOP(1) [a].[Id], [a].[AccessFailedCount], [a].[Address], [a].[ConcurrencyStamp], [a].[CreatedAt], [a].[Email], [a].[EmailConfirmed], [a].[FullName], [a].[IsActive], [a].[IsDeleted], [a].[Latitude], [a].[LockoutEnabled], [a].[LockoutEnd], [a].[Longitude], [a].[Mobile], [a].[NormalizedEmail], [a].[NormalizedUserName], [a].[PasswordHash], [a].[PhoneNumber], [a].[PhoneNumberConfirmed], [a].[ProfileImageUrl], [a].[SecurityStamp], [a].[State], [a].[TwoFactorEnabled], [a].[UpdatedAt], [a].[UserName]
FROM [AspNetUsers] AS [a]
WHERE [a].[IsDeleted] = CAST(0 AS bit) AND [a].[NormalizedUserName] = @normalizedUserName
2026-03-11 23:26:35.562 +05:30 [INF] Executed DbCommand (2ms) [Parameters=[@normalizedEmail='?' (Size = 256)], CommandType='"Text"', CommandTimeout='30']
SELECT TOP(2) [a].[Id], [a].[AccessFailedCount], [a].[Address], [a].[ConcurrencyStamp], [a].[CreatedAt], [a].[Email], [a].[EmailConfirmed], [a].[FullName], [a].[IsActive], [a].[IsDeleted], [a].[Latitude], [a].[LockoutEnabled], [a].[LockoutEnd], [a].[Longitude], [a].[Mobile], [a].[NormalizedEmail], [a].[NormalizedUserName], [a].[PasswordHash], [a].[PhoneNumber], [a].[PhoneNumberConfirmed], [a].[ProfileImageUrl], [a].[SecurityStamp], [a].[State], [a].[TwoFactorEnabled], [a].[UpdatedAt], [a].[UserName]
FROM [AspNetUsers] AS [a]
WHERE [a].[IsDeleted] = CAST(0 AS bit) AND [a].[NormalizedEmail] = @normalizedEmail
2026-03-11 23:26:35.680 +05:30 [INF] Executed DbCommand (8ms) [Parameters=[@p0='?' (Size = 450), @p1='?' (DbType = Int32), @p2='?' (Size = 500), @p3='?' (Size = 4000), @p4='?' (DbType = DateTime2), @p5='?' (Size = 256), @p6='?' (DbType = Boolean), @p7='?' (Size = 100), @p8='?' (DbType = Boolean), @p9='?' (DbType = Boolean), @p10='?' (DbType = Double), @p11='?' (DbType = Boolean), @p12='?' (DbType = DateTimeOffset), @p13='?' (DbType = Double), @p14='?' (Size = 15), @p15='?' (Size = 256), @p16='?' (Size = 256), @p17='?' (Size = 4000), @p18='?' (Size = 4000), @p19='?' (DbType = Boolean), @p20='?' (Size = 500), @p21='?' (Size = 4000), @p22='?' (Size = 100), @p23='?' (DbType = Boolean), @p24='?' (DbType = DateTime2), @p25='?' (Size = 256)], CommandType='"Text"', CommandTimeout='30']
SET IMPLICIT_TRANSACTIONS OFF;
SET NOCOUNT ON;
INSERT INTO [AspNetUsers] ([Id], [AccessFailedCount], [Address], [ConcurrencyStamp], [CreatedAt], [Email], [EmailConfirmed], [FullName], [IsActive], [IsDeleted], [Latitude], [LockoutEnabled], [LockoutEnd], [Longitude], [Mobile], [NormalizedEmail], [NormalizedUserName], [PasswordHash], [PhoneNumber], [PhoneNumberConfirmed], [ProfileImageUrl], [SecurityStamp], [State], [TwoFactorEnabled], [UpdatedAt], [UserName])
VALUES (@p0, @p1, @p2, @p3, @p4, @p5, @p6, @p7, @p8, @p9, @p10, @p11, @p12, @p13, @p14, @p15, @p16, @p17, @p18, @p19, @p20, @p21, @p22, @p23, @p24, @p25);
2026-03-11 23:26:35.698 +05:30 [INF] Executed DbCommand (7ms) [Parameters=[@normalizedRoleName='?' (Size = 256)], CommandType='"Text"', CommandTimeout='30']
SELECT TOP(2) [a].[Id], [a].[ConcurrencyStamp], [a].[Name], [a].[NormalizedName]
FROM [AspNetRoles] AS [a]
WHERE [a].[NormalizedName] = @normalizedRoleName
2026-03-11 23:26:35.748 +05:30 [INF] Executed DbCommand (6ms) [Parameters=[@p='?' (Size = 450), @p1='?' (Size = 450)], CommandType='"Text"', CommandTimeout='30']
SELECT TOP(1) [a].[UserId], [a].[RoleId]
FROM [AspNetUserRoles] AS [a]
WHERE [a].[UserId] = @p AND [a].[RoleId] = @p1
2026-03-11 23:26:35.756 +05:30 [INF] Executed DbCommand (4ms) [Parameters=[@normalizedRoleName='?' (Size = 256)], CommandType='"Text"', CommandTimeout='30']
SELECT TOP(2) [a].[Id], [a].[ConcurrencyStamp], [a].[Name], [a].[NormalizedName]
FROM [AspNetRoles] AS [a]
WHERE [a].[NormalizedName] = @normalizedRoleName
2026-03-11 23:26:35.790 +05:30 [INF] Executed DbCommand (18ms) [Parameters=[@normalizedUserName='?' (Size = 256)], CommandType='"Text"', CommandTimeout='30']
SELECT TOP(1) [a].[Id], [a].[AccessFailedCount], [a].[Address], [a].[ConcurrencyStamp], [a].[CreatedAt], [a].[Email], [a].[EmailConfirmed], [a].[FullName], [a].[IsActive], [a].[IsDeleted], [a].[Latitude], [a].[LockoutEnabled], [a].[LockoutEnd], [a].[Longitude], [a].[Mobile], [a].[NormalizedEmail], [a].[NormalizedUserName], [a].[PasswordHash], [a].[PhoneNumber], [a].[PhoneNumberConfirmed], [a].[ProfileImageUrl], [a].[SecurityStamp], [a].[State], [a].[TwoFactorEnabled], [a].[UpdatedAt], [a].[UserName]
FROM [AspNetUsers] AS [a]
WHERE [a].[IsDeleted] = CAST(0 AS bit) AND [a].[NormalizedUserName] = @normalizedUserName
2026-03-11 23:26:35.799 +05:30 [INF] Executed DbCommand (5ms) [Parameters=[@normalizedEmail='?' (Size = 256)], CommandType='"Text"', CommandTimeout='30']
SELECT TOP(2) [a].[Id], [a].[AccessFailedCount], [a].[Address], [a].[ConcurrencyStamp], [a].[CreatedAt], [a].[Email], [a].[EmailConfirmed], [a].[FullName], [a].[IsActive], [a].[IsDeleted], [a].[Latitude], [a].[LockoutEnabled], [a].[LockoutEnd], [a].[Longitude], [a].[Mobile], [a].[NormalizedEmail], [a].[NormalizedUserName], [a].[PasswordHash], [a].[PhoneNumber], [a].[PhoneNumberConfirmed], [a].[ProfileImageUrl], [a].[SecurityStamp], [a].[State], [a].[TwoFactorEnabled], [a].[UpdatedAt], [a].[UserName]
FROM [AspNetUsers] AS [a]
WHERE [a].[IsDeleted] = CAST(0 AS bit) AND [a].[NormalizedEmail] = @normalizedEmail
2026-03-11 23:26:35.831 +05:30 [INF] Executed DbCommand (13ms) [Parameters=[@p0='?' (Size = 450), @p1='?' (Size = 450), @p27='?' (Size = 450), @p2='?' (DbType = Int32), @p3='?' (Size = 500), @p4='?' (Size = 4000), @p28='?' (Size = 4000), @p5='?' (DbType = DateTime2), @p6='?' (Size = 256), @p7='?' (DbType = Boolean), @p8='?' (Size = 100), @p9='?' (DbType = Boolean), @p10='?' (DbType = Boolean), @p11='?' (DbType = Double), @p12='?' (DbType = Boolean), @p13='?' (DbType = DateTimeOffset), @p14='?' (DbType = Double), @p15='?' (Size = 15), @p16='?' (Size = 256), @p17='?' (Size = 256), @p18='?' (Size = 4000), @p19='?' (Size = 4000), @p20='?' (DbType = Boolean), @p21='?' (Size = 500), @p22='?' (Size = 4000), @p23='?' (Size = 100), @p24='?' (DbType = Boolean), @p25='?' (DbType = DateTime2), @p26='?' (Size = 256)], CommandType='"Text"', CommandTimeout='30']
SET NOCOUNT ON;
INSERT INTO [AspNetUserRoles] ([RoleId], [UserId])
VALUES (@p0, @p1);
UPDATE [AspNetUsers] SET [AccessFailedCount] = @p2, [Address] = @p3, [ConcurrencyStamp] = @p4, [CreatedAt] = @p5, [Email] = @p6, [EmailConfirmed] = @p7, [FullName] = @p8, [IsActive] = @p9, [IsDeleted] = @p10, [Latitude] = @p11, [LockoutEnabled] = @p12, [LockoutEnd] = @p13, [Longitude] = @p14, [Mobile] = @p15, [NormalizedEmail] = @p16, [NormalizedUserName] = @p17, [PasswordHash] = @p18, [PhoneNumber] = @p19, [PhoneNumberConfirmed] = @p20, [ProfileImageUrl] = @p21, [SecurityStamp] = @p22, [State] = @p23, [TwoFactorEnabled] = @p24, [UpdatedAt] = @p25, [UserName] = @p26
OUTPUT 1
WHERE [Id] = @p27 AND [ConcurrencyStamp] = @p28;
2026-03-11 23:26:35.844 +05:30 [INF] Executed DbCommand (6ms) [Parameters=[@normalizedEmail='?' (Size = 256)], CommandType='"Text"', CommandTimeout='30']
SELECT TOP(2) [a].[Id], [a].[AccessFailedCount], [a].[Address], [a].[ConcurrencyStamp], [a].[CreatedAt], [a].[Email], [a].[EmailConfirmed], [a].[FullName], [a].[IsActive], [a].[IsDeleted], [a].[Latitude], [a].[LockoutEnabled], [a].[LockoutEnd], [a].[Longitude], [a].[Mobile], [a].[NormalizedEmail], [a].[NormalizedUserName], [a].[PasswordHash], [a].[PhoneNumber], [a].[PhoneNumberConfirmed], [a].[ProfileImageUrl], [a].[SecurityStamp], [a].[State], [a].[TwoFactorEnabled], [a].[UpdatedAt], [a].[UserName]
FROM [AspNetUsers] AS [a]
WHERE [a].[IsDeleted] = CAST(0 AS bit) AND [a].[NormalizedEmail] = @normalizedEmail
2026-03-11 23:26:35.915 +05:30 [INF] Executed DbCommand (4ms) [Parameters=[@normalizedUserName='?' (Size = 256)], CommandType='"Text"', CommandTimeout='30']
SELECT TOP(1) [a].[Id], [a].[AccessFailedCount], [a].[Address], [a].[ConcurrencyStamp], [a].[CreatedAt], [a].[Email], [a].[EmailConfirmed], [a].[FullName], [a].[IsActive], [a].[IsDeleted], [a].[Latitude], [a].[LockoutEnabled], [a].[LockoutEnd], [a].[Longitude], [a].[Mobile], [a].[NormalizedEmail], [a].[NormalizedUserName], [a].[PasswordHash], [a].[PhoneNumber], [a].[PhoneNumberConfirmed], [a].[ProfileImageUrl], [a].[SecurityStamp], [a].[State], [a].[TwoFactorEnabled], [a].[UpdatedAt], [a].[UserName]
FROM [AspNetUsers] AS [a]
WHERE [a].[IsDeleted] = CAST(0 AS bit) AND [a].[NormalizedUserName] = @normalizedUserName
2026-03-11 23:26:35.919 +05:30 [INF] Executed DbCommand (1ms) [Parameters=[@normalizedEmail='?' (Size = 256)], CommandType='"Text"', CommandTimeout='30']
SELECT TOP(2) [a].[Id], [a].[AccessFailedCount], [a].[Address], [a].[ConcurrencyStamp], [a].[CreatedAt], [a].[Email], [a].[EmailConfirmed], [a].[FullName], [a].[IsActive], [a].[IsDeleted], [a].[Latitude], [a].[LockoutEnabled], [a].[LockoutEnd], [a].[Longitude], [a].[Mobile], [a].[NormalizedEmail], [a].[NormalizedUserName], [a].[PasswordHash], [a].[PhoneNumber], [a].[PhoneNumberConfirmed], [a].[ProfileImageUrl], [a].[SecurityStamp], [a].[State], [a].[TwoFactorEnabled], [a].[UpdatedAt], [a].[UserName]
FROM [AspNetUsers] AS [a]
WHERE [a].[IsDeleted] = CAST(0 AS bit) AND [a].[NormalizedEmail] = @normalizedEmail
2026-03-11 23:26:35.930 +05:30 [INF] Executed DbCommand (5ms) [Parameters=[@p0='?' (Size = 450), @p1='?' (DbType = Int32), @p2='?' (Size = 500), @p3='?' (Size = 4000), @p4='?' (DbType = DateTime2), @p5='?' (Size = 256), @p6='?' (DbType = Boolean), @p7='?' (Size = 100), @p8='?' (DbType = Boolean), @p9='?' (DbType = Boolean), @p10='?' (DbType = Double), @p11='?' (DbType = Boolean), @p12='?' (DbType = DateTimeOffset), @p13='?' (DbType = Double), @p14='?' (Size = 15), @p15='?' (Size = 256), @p16='?' (Size = 256), @p17='?' (Size = 4000), @p18='?' (Size = 4000), @p19='?' (DbType = Boolean), @p20='?' (Size = 500), @p21='?' (Size = 4000), @p22='?' (Size = 100), @p23='?' (DbType = Boolean), @p24='?' (DbType = DateTime2), @p25='?' (Size = 256)], CommandType='"Text"', CommandTimeout='30']
SET IMPLICIT_TRANSACTIONS OFF;
SET NOCOUNT ON;
INSERT INTO [AspNetUsers] ([Id], [AccessFailedCount], [Address], [ConcurrencyStamp], [CreatedAt], [Email], [EmailConfirmed], [FullName], [IsActive], [IsDeleted], [Latitude], [LockoutEnabled], [LockoutEnd], [Longitude], [Mobile], [NormalizedEmail], [NormalizedUserName], [PasswordHash], [PhoneNumber], [PhoneNumberConfirmed], [ProfileImageUrl], [SecurityStamp], [State], [TwoFactorEnabled], [UpdatedAt], [UserName])
VALUES (@p0, @p1, @p2, @p3, @p4, @p5, @p6, @p7, @p8, @p9, @p10, @p11, @p12, @p13, @p14, @p15, @p16, @p17, @p18, @p19, @p20, @p21, @p22, @p23, @p24, @p25);
2026-03-11 23:26:35.939 +05:30 [INF] Executed DbCommand (6ms) [Parameters=[@normalizedRoleName='?' (Size = 256)], CommandType='"Text"', CommandTimeout='30']
SELECT TOP(2) [a].[Id], [a].[ConcurrencyStamp], [a].[Name], [a].[NormalizedName]
FROM [AspNetRoles] AS [a]
WHERE [a].[NormalizedName] = @normalizedRoleName
2026-03-11 23:26:35.947 +05:30 [INF] Executed DbCommand (3ms) [Parameters=[@p='?' (Size = 450), @p1='?' (Size = 450)], CommandType='"Text"', CommandTimeout='30']
SELECT TOP(1) [a].[UserId], [a].[RoleId]
FROM [AspNetUserRoles] AS [a]
WHERE [a].[UserId] = @p AND [a].[RoleId] = @p1
2026-03-11 23:26:35.951 +05:30 [INF] Executed DbCommand (1ms) [Parameters=[@normalizedRoleName='?' (Size = 256)], CommandType='"Text"', CommandTimeout='30']
SELECT TOP(2) [a].[Id], [a].[ConcurrencyStamp], [a].[Name], [a].[NormalizedName]
FROM [AspNetRoles] AS [a]
WHERE [a].[NormalizedName] = @normalizedRoleName
2026-03-11 23:26:35.965 +05:30 [INF] Executed DbCommand (9ms) [Parameters=[@normalizedUserName='?' (Size = 256)], CommandType='"Text"', CommandTimeout='30']
SELECT TOP(1) [a].[Id], [a].[AccessFailedCount], [a].[Address], [a].[ConcurrencyStamp], [a].[CreatedAt], [a].[Email], [a].[EmailConfirmed], [a].[FullName], [a].[IsActive], [a].[IsDeleted], [a].[Latitude], [a].[LockoutEnabled], [a].[LockoutEnd], [a].[Longitude], [a].[Mobile], [a].[NormalizedEmail], [a].[NormalizedUserName], [a].[PasswordHash], [a].[PhoneNumber], [a].[PhoneNumberConfirmed], [a].[ProfileImageUrl], [a].[SecurityStamp], [a].[State], [a].[TwoFactorEnabled], [a].[UpdatedAt], [a].[UserName]
FROM [AspNetUsers] AS [a]
WHERE [a].[IsDeleted] = CAST(0 AS bit) AND [a].[NormalizedUserName] = @normalizedUserName
2026-03-11 23:26:35.969 +05:30 [INF] Executed DbCommand (2ms) [Parameters=[@normalizedEmail='?' (Size = 256)], CommandType='"Text"', CommandTimeout='30']
SELECT TOP(2) [a].[Id], [a].[AccessFailedCount], [a].[Address], [a].[ConcurrencyStamp], [a].[CreatedAt], [a].[Email], [a].[EmailConfirmed], [a].[FullName], [a].[IsActive], [a].[IsDeleted], [a].[Latitude], [a].[LockoutEnabled], [a].[LockoutEnd], [a].[Longitude], [a].[Mobile], [a].[NormalizedEmail], [a].[NormalizedUserName], [a].[PasswordHash], [a].[PhoneNumber], [a].[PhoneNumberConfirmed], [a].[ProfileImageUrl], [a].[SecurityStamp], [a].[State], [a].[TwoFactorEnabled], [a].[UpdatedAt], [a].[UserName]
FROM [AspNetUsers] AS [a]
WHERE [a].[IsDeleted] = CAST(0 AS bit) AND [a].[NormalizedEmail] = @normalizedEmail
2026-03-11 23:26:35.985 +05:30 [INF] Executed DbCommand (11ms) [Parameters=[@p0='?' (Size = 450), @p1='?' (Size = 450), @p27='?' (Size = 450), @p2='?' (DbType = Int32), @p3='?' (Size = 500), @p4='?' (Size = 4000), @p28='?' (Size = 4000), @p5='?' (DbType = DateTime2), @p6='?' (Size = 256), @p7='?' (DbType = Boolean), @p8='?' (Size = 100), @p9='?' (DbType = Boolean), @p10='?' (DbType = Boolean), @p11='?' (DbType = Double), @p12='?' (DbType = Boolean), @p13='?' (DbType = DateTimeOffset), @p14='?' (DbType = Double), @p15='?' (Size = 15), @p16='?' (Size = 256), @p17='?' (Size = 256), @p18='?' (Size = 4000), @p19='?' (Size = 4000), @p20='?' (DbType = Boolean), @p21='?' (Size = 500), @p22='?' (Size = 4000), @p23='?' (Size = 100), @p24='?' (DbType = Boolean), @p25='?' (DbType = DateTime2), @p26='?' (Size = 256)], CommandType='"Text"', CommandTimeout='30']
SET NOCOUNT ON;
INSERT INTO [AspNetUserRoles] ([RoleId], [UserId])
VALUES (@p0, @p1);
UPDATE [AspNetUsers] SET [AccessFailedCount] = @p2, [Address] = @p3, [ConcurrencyStamp] = @p4, [CreatedAt] = @p5, [Email] = @p6, [EmailConfirmed] = @p7, [FullName] = @p8, [IsActive] = @p9, [IsDeleted] = @p10, [Latitude] = @p11, [LockoutEnabled] = @p12, [LockoutEnd] = @p13, [Longitude] = @p14, [Mobile] = @p15, [NormalizedEmail] = @p16, [NormalizedUserName] = @p17, [PasswordHash] = @p18, [PhoneNumber] = @p19, [PhoneNumberConfirmed] = @p20, [ProfileImageUrl] = @p21, [SecurityStamp] = @p22, [State] = @p23, [TwoFactorEnabled] = @p24, [UpdatedAt] = @p25, [UserName] = @p26
OUTPUT 1
WHERE [Id] = @p27 AND [ConcurrencyStamp] = @p28;
2026-03-11 23:26:35.991 +05:30 [INF] Executed DbCommand (3ms) [Parameters=[@normalizedEmail='?' (Size = 256)], CommandType='"Text"', CommandTimeout='30']
SELECT TOP(2) [a].[Id], [a].[AccessFailedCount], [a].[Address], [a].[ConcurrencyStamp], [a].[CreatedAt], [a].[Email], [a].[EmailConfirmed], [a].[FullName], [a].[IsActive], [a].[IsDeleted], [a].[Latitude], [a].[LockoutEnabled], [a].[LockoutEnd], [a].[Longitude], [a].[Mobile], [a].[NormalizedEmail], [a].[NormalizedUserName], [a].[PasswordHash], [a].[PhoneNumber], [a].[PhoneNumberConfirmed], [a].[ProfileImageUrl], [a].[SecurityStamp], [a].[State], [a].[TwoFactorEnabled], [a].[UpdatedAt], [a].[UserName]
FROM [AspNetUsers] AS [a]
WHERE [a].[IsDeleted] = CAST(0 AS bit) AND [a].[NormalizedEmail] = @normalizedEmail
2026-03-11 23:26:36.079 +05:30 [INF] Executed DbCommand (11ms) [Parameters=[@normalizedUserName='?' (Size = 256)], CommandType='"Text"', CommandTimeout='30']
SELECT TOP(1) [a].[Id], [a].[AccessFailedCount], [a].[Address], [a].[ConcurrencyStamp], [a].[CreatedAt], [a].[Email], [a].[EmailConfirmed], [a].[FullName], [a].[IsActive], [a].[IsDeleted], [a].[Latitude], [a].[LockoutEnabled], [a].[LockoutEnd], [a].[Longitude], [a].[Mobile], [a].[NormalizedEmail], [a].[NormalizedUserName], [a].[PasswordHash], [a].[PhoneNumber], [a].[PhoneNumberConfirmed], [a].[ProfileImageUrl], [a].[SecurityStamp], [a].[State], [a].[TwoFactorEnabled], [a].[UpdatedAt], [a].[UserName]
FROM [AspNetUsers] AS [a]
WHERE [a].[IsDeleted] = CAST(0 AS bit) AND [a].[NormalizedUserName] = @normalizedUserName
2026-03-11 23:26:36.087 +05:30 [INF] Executed DbCommand (5ms) [Parameters=[@normalizedEmail='?' (Size = 256)], CommandType='"Text"', CommandTimeout='30']
SELECT TOP(2) [a].[Id], [a].[AccessFailedCount], [a].[Address], [a].[ConcurrencyStamp], [a].[CreatedAt], [a].[Email], [a].[EmailConfirmed], [a].[FullName], [a].[IsActive], [a].[IsDeleted], [a].[Latitude], [a].[LockoutEnabled], [a].[LockoutEnd], [a].[Longitude], [a].[Mobile], [a].[NormalizedEmail], [a].[NormalizedUserName], [a].[PasswordHash], [a].[PhoneNumber], [a].[PhoneNumberConfirmed], [a].[ProfileImageUrl], [a].[SecurityStamp], [a].[State], [a].[TwoFactorEnabled], [a].[UpdatedAt], [a].[UserName]
FROM [AspNetUsers] AS [a]
WHERE [a].[IsDeleted] = CAST(0 AS bit) AND [a].[NormalizedEmail] = @normalizedEmail
2026-03-11 23:26:36.095 +05:30 [INF] Executed DbCommand (4ms) [Parameters=[@p0='?' (Size = 450), @p1='?' (DbType = Int32), @p2='?' (Size = 500), @p3='?' (Size = 4000), @p4='?' (DbType = DateTime2), @p5='?' (Size = 256), @p6='?' (DbType = Boolean), @p7='?' (Size = 100), @p8='?' (DbType = Boolean), @p9='?' (DbType = Boolean), @p10='?' (DbType = Double), @p11='?' (DbType = Boolean), @p12='?' (DbType = DateTimeOffset), @p13='?' (DbType = Double), @p14='?' (Size = 15), @p15='?' (Size = 256), @p16='?' (Size = 256), @p17='?' (Size = 4000), @p18='?' (Size = 4000), @p19='?' (DbType = Boolean), @p20='?' (Size = 500), @p21='?' (Size = 4000), @p22='?' (Size = 100), @p23='?' (DbType = Boolean), @p24='?' (DbType = DateTime2), @p25='?' (Size = 256)], CommandType='"Text"', CommandTimeout='30']
SET IMPLICIT_TRANSACTIONS OFF;
SET NOCOUNT ON;
INSERT INTO [AspNetUsers] ([Id], [AccessFailedCount], [Address], [ConcurrencyStamp], [CreatedAt], [Email], [EmailConfirmed], [FullName], [IsActive], [IsDeleted], [Latitude], [LockoutEnabled], [LockoutEnd], [Longitude], [Mobile], [NormalizedEmail], [NormalizedUserName], [PasswordHash], [PhoneNumber], [PhoneNumberConfirmed], [ProfileImageUrl], [SecurityStamp], [State], [TwoFactorEnabled], [UpdatedAt], [UserName])
VALUES (@p0, @p1, @p2, @p3, @p4, @p5, @p6, @p7, @p8, @p9, @p10, @p11, @p12, @p13, @p14, @p15, @p16, @p17, @p18, @p19, @p20, @p21, @p22, @p23, @p24, @p25);
2026-03-11 23:26:36.104 +05:30 [INF] Executed DbCommand (6ms) [Parameters=[@normalizedRoleName='?' (Size = 256)], CommandType='"Text"', CommandTimeout='30']
SELECT TOP(2) [a].[Id], [a].[ConcurrencyStamp], [a].[Name], [a].[NormalizedName]
FROM [AspNetRoles] AS [a]
WHERE [a].[NormalizedName] = @normalizedRoleName
2026-03-11 23:26:36.109 +05:30 [INF] Executed DbCommand (2ms) [Parameters=[@p='?' (Size = 450), @p1='?' (Size = 450)], CommandType='"Text"', CommandTimeout='30']
SELECT TOP(1) [a].[UserId], [a].[RoleId]
FROM [AspNetUserRoles] AS [a]
WHERE [a].[UserId] = @p AND [a].[RoleId] = @p1
2026-03-11 23:26:36.112 +05:30 [INF] Executed DbCommand (0ms) [Parameters=[@normalizedRoleName='?' (Size = 256)], CommandType='"Text"', CommandTimeout='30']
SELECT TOP(2) [a].[Id], [a].[ConcurrencyStamp], [a].[Name], [a].[NormalizedName]
FROM [AspNetRoles] AS [a]
WHERE [a].[NormalizedName] = @normalizedRoleName
2026-03-11 23:26:36.125 +05:30 [INF] Executed DbCommand (1ms) [Parameters=[@normalizedUserName='?' (Size = 256)], CommandType='"Text"', CommandTimeout='30']
SELECT TOP(1) [a].[Id], [a].[AccessFailedCount], [a].[Address], [a].[ConcurrencyStamp], [a].[CreatedAt], [a].[Email], [a].[EmailConfirmed], [a].[FullName], [a].[IsActive], [a].[IsDeleted], [a].[Latitude], [a].[LockoutEnabled], [a].[LockoutEnd], [a].[Longitude], [a].[Mobile], [a].[NormalizedEmail], [a].[NormalizedUserName], [a].[PasswordHash], [a].[PhoneNumber], [a].[PhoneNumberConfirmed], [a].[ProfileImageUrl], [a].[SecurityStamp], [a].[State], [a].[TwoFactorEnabled], [a].[UpdatedAt], [a].[UserName]
FROM [AspNetUsers] AS [a]
WHERE [a].[IsDeleted] = CAST(0 AS bit) AND [a].[NormalizedUserName] = @normalizedUserName
2026-03-11 23:26:36.129 +05:30 [INF] Executed DbCommand (1ms) [Parameters=[@normalizedEmail='?' (Size = 256)], CommandType='"Text"', CommandTimeout='30']
SELECT TOP(2) [a].[Id], [a].[AccessFailedCount], [a].[Address], [a].[ConcurrencyStamp], [a].[CreatedAt], [a].[Email], [a].[EmailConfirmed], [a].[FullName], [a].[IsActive], [a].[IsDeleted], [a].[Latitude], [a].[LockoutEnabled], [a].[LockoutEnd], [a].[Longitude], [a].[Mobile], [a].[NormalizedEmail], [a].[NormalizedUserName], [a].[PasswordHash], [a].[PhoneNumber], [a].[PhoneNumberConfirmed], [a].[ProfileImageUrl], [a].[SecurityStamp], [a].[State], [a].[TwoFactorEnabled], [a].[UpdatedAt], [a].[UserName]
FROM [AspNetUsers] AS [a]
WHERE [a].[IsDeleted] = CAST(0 AS bit) AND [a].[NormalizedEmail] = @normalizedEmail
2026-03-11 23:26:36.141 +05:30 [INF] Executed DbCommand (7ms) [Parameters=[@p0='?' (Size = 450), @p1='?' (Size = 450), @p27='?' (Size = 450), @p2='?' (DbType = Int32), @p3='?' (Size = 500), @p4='?' (Size = 4000), @p28='?' (Size = 4000), @p5='?' (DbType = DateTime2), @p6='?' (Size = 256), @p7='?' (DbType = Boolean), @p8='?' (Size = 100), @p9='?' (DbType = Boolean), @p10='?' (DbType = Boolean), @p11='?' (DbType = Double), @p12='?' (DbType = Boolean), @p13='?' (DbType = DateTimeOffset), @p14='?' (DbType = Double), @p15='?' (Size = 15), @p16='?' (Size = 256), @p17='?' (Size = 256), @p18='?' (Size = 4000), @p19='?' (Size = 4000), @p20='?' (DbType = Boolean), @p21='?' (Size = 500), @p22='?' (Size = 4000), @p23='?' (Size = 100), @p24='?' (DbType = Boolean), @p25='?' (DbType = DateTime2), @p26='?' (Size = 256)], CommandType='"Text"', CommandTimeout='30']
SET NOCOUNT ON;
INSERT INTO [AspNetUserRoles] ([RoleId], [UserId])
VALUES (@p0, @p1);
UPDATE [AspNetUsers] SET [AccessFailedCount] = @p2, [Address] = @p3, [ConcurrencyStamp] = @p4, [CreatedAt] = @p5, [Email] = @p6, [EmailConfirmed] = @p7, [FullName] = @p8, [IsActive] = @p9, [IsDeleted] = @p10, [Latitude] = @p11, [LockoutEnabled] = @p12, [LockoutEnd] = @p13, [Longitude] = @p14, [Mobile] = @p15, [NormalizedEmail] = @p16, [NormalizedUserName] = @p17, [PasswordHash] = @p18, [PhoneNumber] = @p19, [PhoneNumberConfirmed] = @p20, [ProfileImageUrl] = @p21, [SecurityStamp] = @p22, [State] = @p23, [TwoFactorEnabled] = @p24, [UpdatedAt] = @p25, [UserName] = @p26
OUTPUT 1
WHERE [Id] = @p27 AND [ConcurrencyStamp] = @p28;
2026-03-11 23:26:36.145 +05:30 [INF] Executed DbCommand (1ms) [Parameters=[@normalizedEmail='?' (Size = 256)], CommandType='"Text"', CommandTimeout='30']
SELECT TOP(2) [a].[Id], [a].[AccessFailedCount], [a].[Address], [a].[ConcurrencyStamp], [a].[CreatedAt], [a].[Email], [a].[EmailConfirmed], [a].[FullName], [a].[IsActive], [a].[IsDeleted], [a].[Latitude], [a].[LockoutEnabled], [a].[LockoutEnd], [a].[Longitude], [a].[Mobile], [a].[NormalizedEmail], [a].[NormalizedUserName], [a].[PasswordHash], [a].[PhoneNumber], [a].[PhoneNumberConfirmed], [a].[ProfileImageUrl], [a].[SecurityStamp], [a].[State], [a].[TwoFactorEnabled], [a].[UpdatedAt], [a].[UserName]
FROM [AspNetUsers] AS [a]
WHERE [a].[IsDeleted] = CAST(0 AS bit) AND [a].[NormalizedEmail] = @normalizedEmail
2026-03-11 23:26:36.226 +05:30 [INF] Executed DbCommand (10ms) [Parameters=[@normalizedUserName='?' (Size = 256)], CommandType='"Text"', CommandTimeout='30']
SELECT TOP(1) [a].[Id], [a].[AccessFailedCount], [a].[Address], [a].[ConcurrencyStamp], [a].[CreatedAt], [a].[Email], [a].[EmailConfirmed], [a].[FullName], [a].[IsActive], [a].[IsDeleted], [a].[Latitude], [a].[LockoutEnabled], [a].[LockoutEnd], [a].[Longitude], [a].[Mobile], [a].[NormalizedEmail], [a].[NormalizedUserName], [a].[PasswordHash], [a].[PhoneNumber], [a].[PhoneNumberConfirmed], [a].[ProfileImageUrl], [a].[SecurityStamp], [a].[State], [a].[TwoFactorEnabled], [a].[UpdatedAt], [a].[UserName]
FROM [AspNetUsers] AS [a]
WHERE [a].[IsDeleted] = CAST(0 AS bit) AND [a].[NormalizedUserName] = @normalizedUserName
2026-03-11 23:26:36.233 +05:30 [INF] Executed DbCommand (4ms) [Parameters=[@normalizedEmail='?' (Size = 256)], CommandType='"Text"', CommandTimeout='30']
SELECT TOP(2) [a].[Id], [a].[AccessFailedCount], [a].[Address], [a].[ConcurrencyStamp], [a].[CreatedAt], [a].[Email], [a].[EmailConfirmed], [a].[FullName], [a].[IsActive], [a].[IsDeleted], [a].[Latitude], [a].[LockoutEnabled], [a].[LockoutEnd], [a].[Longitude], [a].[Mobile], [a].[NormalizedEmail], [a].[NormalizedUserName], [a].[PasswordHash], [a].[PhoneNumber], [a].[PhoneNumberConfirmed], [a].[ProfileImageUrl], [a].[SecurityStamp], [a].[State], [a].[TwoFactorEnabled], [a].[UpdatedAt], [a].[UserName]
FROM [AspNetUsers] AS [a]
WHERE [a].[IsDeleted] = CAST(0 AS bit) AND [a].[NormalizedEmail] = @normalizedEmail
2026-03-11 23:26:36.241 +05:30 [INF] Executed DbCommand (4ms) [Parameters=[@p0='?' (Size = 450), @p1='?' (DbType = Int32), @p2='?' (Size = 500), @p3='?' (Size = 4000), @p4='?' (DbType = DateTime2), @p5='?' (Size = 256), @p6='?' (DbType = Boolean), @p7='?' (Size = 100), @p8='?' (DbType = Boolean), @p9='?' (DbType = Boolean), @p10='?' (DbType = Double), @p11='?' (DbType = Boolean), @p12='?' (DbType = DateTimeOffset), @p13='?' (DbType = Double), @p14='?' (Size = 15), @p15='?' (Size = 256), @p16='?' (Size = 256), @p17='?' (Size = 4000), @p18='?' (Size = 4000), @p19='?' (DbType = Boolean), @p20='?' (Size = 500), @p21='?' (Size = 4000), @p22='?' (Size = 100), @p23='?' (DbType = Boolean), @p24='?' (DbType = DateTime2), @p25='?' (Size = 256)], CommandType='"Text"', CommandTimeout='30']
SET IMPLICIT_TRANSACTIONS OFF;
SET NOCOUNT ON;
INSERT INTO [AspNetUsers] ([Id], [AccessFailedCount], [Address], [ConcurrencyStamp], [CreatedAt], [Email], [EmailConfirmed], [FullName], [IsActive], [IsDeleted], [Latitude], [LockoutEnabled], [LockoutEnd], [Longitude], [Mobile], [NormalizedEmail], [NormalizedUserName], [PasswordHash], [PhoneNumber], [PhoneNumberConfirmed], [ProfileImageUrl], [SecurityStamp], [State], [TwoFactorEnabled], [UpdatedAt], [UserName])
VALUES (@p0, @p1, @p2, @p3, @p4, @p5, @p6, @p7, @p8, @p9, @p10, @p11, @p12, @p13, @p14, @p15, @p16, @p17, @p18, @p19, @p20, @p21, @p22, @p23, @p24, @p25);
2026-03-11 23:26:36.250 +05:30 [INF] Executed DbCommand (6ms) [Parameters=[@normalizedRoleName='?' (Size = 256)], CommandType='"Text"', CommandTimeout='30']
SELECT TOP(2) [a].[Id], [a].[ConcurrencyStamp], [a].[Name], [a].[NormalizedName]
FROM [AspNetRoles] AS [a]
WHERE [a].[NormalizedName] = @normalizedRoleName
2026-03-11 23:26:36.260 +05:30 [INF] Executed DbCommand (7ms) [Parameters=[@p='?' (Size = 450), @p1='?' (Size = 450)], CommandType='"Text"', CommandTimeout='30']
SELECT TOP(1) [a].[UserId], [a].[RoleId]
FROM [AspNetUserRoles] AS [a]
WHERE [a].[UserId] = @p AND [a].[RoleId] = @p1
2026-03-11 23:26:36.264 +05:30 [INF] Executed DbCommand (1ms) [Parameters=[@normalizedRoleName='?' (Size = 256)], CommandType='"Text"', CommandTimeout='30']
SELECT TOP(2) [a].[Id], [a].[ConcurrencyStamp], [a].[Name], [a].[NormalizedName]
FROM [AspNetRoles] AS [a]
WHERE [a].[NormalizedName] = @normalizedRoleName
2026-03-11 23:26:36.272 +05:30 [INF] Executed DbCommand (6ms) [Parameters=[@normalizedUserName='?' (Size = 256)], CommandType='"Text"', CommandTimeout='30']
SELECT TOP(1) [a].[Id], [a].[AccessFailedCount], [a].[Address], [a].[ConcurrencyStamp], [a].[CreatedAt], [a].[Email], [a].[EmailConfirmed], [a].[FullName], [a].[IsActive], [a].[IsDeleted], [a].[Latitude], [a].[LockoutEnabled], [a].[LockoutEnd], [a].[Longitude], [a].[Mobile], [a].[NormalizedEmail], [a].[NormalizedUserName], [a].[PasswordHash], [a].[PhoneNumber], [a].[PhoneNumberConfirmed], [a].[ProfileImageUrl], [a].[SecurityStamp], [a].[State], [a].[TwoFactorEnabled], [a].[UpdatedAt], [a].[UserName]
FROM [AspNetUsers] AS [a]
WHERE [a].[IsDeleted] = CAST(0 AS bit) AND [a].[NormalizedUserName] = @normalizedUserName
2026-03-11 23:26:36.278 +05:30 [INF] Executed DbCommand (3ms) [Parameters=[@normalizedEmail='?' (Size = 256)], CommandType='"Text"', CommandTimeout='30']
SELECT TOP(2) [a].[Id], [a].[AccessFailedCount], [a].[Address], [a].[ConcurrencyStamp], [a].[CreatedAt], [a].[Email], [a].[EmailConfirmed], [a].[FullName], [a].[IsActive], [a].[IsDeleted], [a].[Latitude], [a].[LockoutEnabled], [a].[LockoutEnd], [a].[Longitude], [a].[Mobile], [a].[NormalizedEmail], [a].[NormalizedUserName], [a].[PasswordHash], [a].[PhoneNumber], [a].[PhoneNumberConfirmed], [a].[ProfileImageUrl], [a].[SecurityStamp], [a].[State], [a].[TwoFactorEnabled], [a].[UpdatedAt], [a].[UserName]
FROM [AspNetUsers] AS [a]
WHERE [a].[IsDeleted] = CAST(0 AS bit) AND [a].[NormalizedEmail] = @normalizedEmail
2026-03-11 23:26:36.295 +05:30 [INF] Executed DbCommand (14ms) [Parameters=[@p0='?' (Size = 450), @p1='?' (Size = 450), @p27='?' (Size = 450), @p2='?' (DbType = Int32), @p3='?' (Size = 500), @p4='?' (Size = 4000), @p28='?' (Size = 4000), @p5='?' (DbType = DateTime2), @p6='?' (Size = 256), @p7='?' (DbType = Boolean), @p8='?' (Size = 100), @p9='?' (DbType = Boolean), @p10='?' (DbType = Boolean), @p11='?' (DbType = Double), @p12='?' (DbType = Boolean), @p13='?' (DbType = DateTimeOffset), @p14='?' (DbType = Double), @p15='?' (Size = 15), @p16='?' (Size = 256), @p17='?' (Size = 256), @p18='?' (Size = 4000), @p19='?' (Size = 4000), @p20='?' (DbType = Boolean), @p21='?' (Size = 500), @p22='?' (Size = 4000), @p23='?' (Size = 100), @p24='?' (DbType = Boolean), @p25='?' (DbType = DateTime2), @p26='?' (Size = 256)], CommandType='"Text"', CommandTimeout='30']
SET NOCOUNT ON;
INSERT INTO [AspNetUserRoles] ([RoleId], [UserId])
VALUES (@p0, @p1);
UPDATE [AspNetUsers] SET [AccessFailedCount] = @p2, [Address] = @p3, [ConcurrencyStamp] = @p4, [CreatedAt] = @p5, [Email] = @p6, [EmailConfirmed] = @p7, [FullName] = @p8, [IsActive] = @p9, [IsDeleted] = @p10, [Latitude] = @p11, [LockoutEnabled] = @p12, [LockoutEnd] = @p13, [Longitude] = @p14, [Mobile] = @p15, [NormalizedEmail] = @p16, [NormalizedUserName] = @p17, [PasswordHash] = @p18, [PhoneNumber] = @p19, [PhoneNumberConfirmed] = @p20, [ProfileImageUrl] = @p21, [SecurityStamp] = @p22, [State] = @p23, [TwoFactorEnabled] = @p24, [UpdatedAt] = @p25, [UserName] = @p26
OUTPUT 1
WHERE [Id] = @p27 AND [ConcurrencyStamp] = @p28;
2026-03-11 23:26:36.469 +05:30 [INF] Application starting...
2026-03-11 23:26:36.594 +05:30 [INF] Now listening on: http://localhost:5016
2026-03-11 23:26:36.597 +05:30 [INF] Application started. Press Ctrl+C to shut down.
2026-03-11 23:26:36.598 +05:30 [INF] Hosting environment: Development
2026-03-11 23:26:36.599 +05:30 [INF] Content root path: C:\Users\Priya Devrani\Desktop\Final_Project
2026-03-11 23:30:59.555 +05:30 [INF] Application is shutting down...
