2026-03-13 23:30:50.816 +05:30 [WRN] Entity 'Product' has a global query filter defined and is the required end of a relationship with the entity 'CartItem'. This may lead to unexpected results when the required entity is filtered out. Either configure the navigation as optional, or define matching query filters for both entities in the navigation. See https://go.microsoft.com/fwlink/?linkid=2131316 for more information.
2026-03-13 23:30:50.867 +05:30 [WRN] Entity 'ApplicationUser' has a global query filter defined and is the required end of a relationship with the entity 'Notification'. This may lead to unexpected results when the required entity is filtered out. Either configure the navigation as optional, or define matching query filters for both entities in the navigation. See https://go.microsoft.com/fwlink/?linkid=2131316 for more information.
2026-03-13 23:30:50.870 +05:30 [WRN] Entity 'Order' has a global query filter defined and is the required end of a relationship with the entity 'OrderItem'. This may lead to unexpected results when the required entity is filtered out. Either configure the navigation as optional, or define matching query filters for both entities in the navigation. See https://go.microsoft.com/fwlink/?linkid=2131316 for more information.
2026-03-13 23:30:50.872 +05:30 [WRN] Entity 'ApplicationUser' has a global query filter defined and is the required end of a relationship with the entity 'Payment'. This may lead to unexpected results when the required entity is filtered out. Either configure the navigation as optional, or define matching query filters for both entities in the navigation. See https://go.microsoft.com/fwlink/?linkid=2131316 for more information.
2026-03-13 23:30:53.129 +05:30 [INF] Executed DbCommand (36ms) [Parameters=[], CommandType='"Text"', CommandTimeout='30']
SELECT 1
2026-03-13 23:30:53.235 +05:30 [INF] Executed DbCommand (79ms) [Parameters=[], CommandType='"Text"', CommandTimeout='30']

IF EXISTS
    (SELECT *
     FROM [sys].[objects] o
     WHERE [o].[type] = 'U'
     AND [o].[is_ms_shipped] = 0
     AND [o].[object_id] NOT IN (SELECT [ep].[major_id]
        FROM [sys].[extended_properties] AS [ep]
        WHERE [ep].[minor_id] = 0
            AND [ep].[class] = 1
            AND [ep].[name] = N'microsoft_database_tools_support'
    )
)
SELECT 1 ELSE SELECT 0
2026-03-13 23:30:53.274 +05:30 [INF] User profile is available. Using 'C:\Users\Priya Devrani\AppData\Local\ASP.NET\DataProtection-Keys' as key repository and Windows DPAPI to encrypt keys at rest.
2026-03-13 23:30:53.754 +05:30 [INF] Executed DbCommand (17ms) [Parameters=[@normalizedName='?' (Size = 256)], CommandType='"Text"', CommandTimeout='30']
SELECT TOP(1) [a].[Id], [a].[ConcurrencyStamp], [a].[Name], [a].[NormalizedName]
FROM [AspNetRoles] AS [a]
WHERE [a].[NormalizedName] = @normalizedName
2026-03-13 23:30:53.814 +05:30 [INF] Executed DbCommand (1ms) [Parameters=[@normalizedName='?' (Size = 256)], CommandType='"Text"', CommandTimeout='30']
SELECT TOP(1) [a].[Id], [a].[ConcurrencyStamp], [a].[Name], [a].[NormalizedName]
FROM [AspNetRoles] AS [a]
WHERE [a].[NormalizedName] = @normalizedName
2026-03-13 23:30:53.818 +05:30 [INF] Executed DbCommand (1ms) [Parameters=[@normalizedName='?' (Size = 256)], CommandType='"Text"', CommandTimeout='30']
SELECT TOP(1) [a].[Id], [a].[ConcurrencyStamp], [a].[Name], [a].[NormalizedName]
FROM [AspNetRoles] AS [a]
WHERE [a].[NormalizedName] = @normalizedName
2026-03-13 23:30:53.822 +05:30 [INF] Executed DbCommand (1ms) [Parameters=[@normalizedName='?' (Size = 256)], CommandType='"Text"', CommandTimeout='30']
SELECT TOP(1) [a].[Id], [a].[ConcurrencyStamp], [a].[Name], [a].[NormalizedName]
FROM [AspNetRoles] AS [a]
WHERE [a].[NormalizedName] = @normalizedName
2026-03-13 23:30:53.852 +05:30 [INF] Executed DbCommand (4ms) [Parameters=[@normalizedEmail='?' (Size = 256)], CommandType='"Text"', CommandTimeout='30']
SELECT TOP(2) [a].[Id], [a].[AccessFailedCount], [a].[Address], [a].[ConcurrencyStamp], [a].[CreatedAt], [a].[Email], [a].[EmailConfirmed], [a].[FullName], [a].[IsActive], [a].[IsDeleted], [a].[Latitude], [a].[LockoutEnabled], [a].[LockoutEnd], [a].[Longitude], [a].[Mobile], [a].[NormalizedEmail], [a].[NormalizedUserName], [a].[PasswordHash], [a].[PhoneNumber], [a].[PhoneNumberConfirmed], [a].[ProfileImageUrl], [a].[SecurityStamp], [a].[State], [a].[TwoFactorEnabled], [a].[UpdatedAt], [a].[UserName]
FROM [AspNetUsers] AS [a]
WHERE [a].[IsDeleted] = CAST(0 AS bit) AND [a].[NormalizedEmail] = @normalizedEmail
2026-03-13 23:30:53.947 +05:30 [INF] Executed DbCommand (1ms) [Parameters=[@normalizedEmail='?' (Size = 256)], CommandType='"Text"', CommandTimeout='30']
SELECT TOP(2) [a].[Id], [a].[AccessFailedCount], [a].[Address], [a].[ConcurrencyStamp], [a].[CreatedAt], [a].[Email], [a].[EmailConfirmed], [a].[FullName], [a].[IsActive], [a].[IsDeleted], [a].[Latitude], [a].[LockoutEnabled], [a].[LockoutEnd], [a].[Longitude], [a].[Mobile], [a].[NormalizedEmail], [a].[NormalizedUserName], [a].[PasswordHash], [a].[PhoneNumber], [a].[PhoneNumberConfirmed], [a].[ProfileImageUrl], [a].[SecurityStamp], [a].[State], [a].[TwoFactorEnabled], [a].[UpdatedAt], [a].[UserName]
FROM [AspNetUsers] AS [a]
WHERE [a].[IsDeleted] = CAST(0 AS bit) AND [a].[NormalizedEmail] = @normalizedEmail
2026-03-13 23:30:53.951 +05:30 [INF] Executed DbCommand (1ms) [Parameters=[@normalizedEmail='?' (Size = 256)], CommandType='"Text"', CommandTimeout='30']
SELECT TOP(2) [a].[Id], [a].[AccessFailedCount], [a].[Address], [a].[ConcurrencyStamp], [a].[CreatedAt], [a].[Email], [a].[EmailConfirmed], [a].[FullName], [a].[IsActive], [a].[IsDeleted], [a].[Latitude], [a].[LockoutEnabled], [a].[LockoutEnd], [a].[Longitude], [a].[Mobile], [a].[NormalizedEmail], [a].[NormalizedUserName], [a].[PasswordHash], [a].[PhoneNumber], [a].[PhoneNumberConfirmed], [a].[ProfileImageUrl], [a].[SecurityStamp], [a].[State], [a].[TwoFactorEnabled], [a].[UpdatedAt], [a].[UserName]
FROM [AspNetUsers] AS [a]
WHERE [a].[IsDeleted] = CAST(0 AS bit) AND [a].[NormalizedEmail] = @normalizedEmail
2026-03-13 23:30:53.955 +05:30 [INF] Executed DbCommand (1ms) [Parameters=[@normalizedEmail='?' (Size = 256)], CommandType='"Text"', CommandTimeout='30']
SELECT TOP(2) [a].[Id], [a].[AccessFailedCount], [a].[Address], [a].[ConcurrencyStamp], [a].[CreatedAt], [a].[Email], [a].[EmailConfirmed], [a].[FullName], [a].[IsActive], [a].[IsDeleted], [a].[Latitude], [a].[LockoutEnabled], [a].[LockoutEnd], [a].[Longitude], [a].[Mobile], [a].[NormalizedEmail], [a].[NormalizedUserName], [a].[PasswordHash], [a].[PhoneNumber], [a].[PhoneNumberConfirmed], [a].[ProfileImageUrl], [a].[SecurityStamp], [a].[State], [a].[TwoFactorEnabled], [a].[UpdatedAt], [a].[UserName]
FROM [AspNetUsers] AS [a]
WHERE [a].[IsDeleted] = CAST(0 AS bit) AND [a].[NormalizedEmail] = @normalizedEmail
2026-03-13 23:30:54.144 +05:30 [INF] Application starting...
2026-03-13 23:30:54.272 +05:30 [INF] Now listening on: http://localhost:5016
2026-03-13 23:30:54.276 +05:30 [INF] Application started. Press Ctrl+C to shut down.
2026-03-13 23:30:54.277 +05:30 [INF] Hosting environment: Development
2026-03-13 23:30:54.278 +05:30 [INF] Content root path: C:\Users\Priya Devrani\Desktop\Final_Project
2026-03-13 23:32:04.615 +05:30 [INF] Request starting HTTP/1.1 GET http://localhost:5016/ - null null
2026-03-13 23:32:04.628 +05:30 [WRN] Failed to determine the https port for redirect.
2026-03-13 23:32:04.752 +05:30 [INF] No cached response available for this request.
2026-03-13 23:32:04.796 +05:30 [INF] HTTP GET / started at 18:02:04.781 by Anonymous
2026-03-13 23:32:04.837 +05:30 [INF] Executing endpoint 'ServicePlatform.Controllers.HomeController.Index (ServicePlatform)'
2026-03-13 23:32:04.867 +05:30 [INF] Route matched with {action = "Index", controller = "Home"}. Executing controller action with signature Microsoft.AspNetCore.Mvc.IActionResult Index() on controller ServicePlatform.Controllers.HomeController (ServicePlatform).
2026-03-13 23:32:04.901 +05:30 [INF] Executing ViewResult, running view Index.
2026-03-13 23:32:05.053 +05:30 [INF] Executed ViewResult - view Index executed in 155.4347ms.
2026-03-13 23:32:05.057 +05:30 [INF] Executed action ServicePlatform.Controllers.HomeController.Index (ServicePlatform) in 184.6298ms
2026-03-13 23:32:05.060 +05:30 [INF] Executed endpoint 'ServicePlatform.Controllers.HomeController.Index (ServicePlatform)'
2026-03-13 23:32:05.062 +05:30 [INF] HTTP GET / responded 200 in 281.1ms
2026-03-13 23:32:05.070 +05:30 [INF] The response could not be cached for this request.
2026-03-13 23:32:05.083 +05:30 [INF] Request finished HTTP/1.1 GET http://localhost:5016/ - 200 null text/html; charset=utf-8 468.9764ms
2026-03-13 23:32:05.113 +05:30 [INF] Request starting HTTP/1.1 GET http://localhost:5016/css/site.css - null null
2026-03-13 23:32:05.120 +05:30 [INF] Request starting HTTP/1.1 GET http://localhost:5016/js/site.js - null null
2026-03-13 23:32:05.136 +05:30 [INF] The file /css/site.css was not modified
2026-03-13 23:32:05.136 +05:30 [INF] The file /js/site.js was not modified
2026-03-13 23:32:05.140 +05:30 [INF] Request finished HTTP/1.1 GET http://localhost:5016/css/site.css - 304 null text/css 27.1025ms
2026-03-13 23:32:05.141 +05:30 [INF] Request finished HTTP/1.1 GET http://localhost:5016/js/site.js - 304 null text/javascript 20.494ms
2026-03-13 23:58:31.562 +05:30 [INF] Request starting HTTP/1.1 GET http://localhost:5016/Account/Register - null null
2026-03-13 23:58:31.572 +05:30 [INF] No cached response available for this request.
2026-03-13 23:58:31.580 +05:30 [INF] HTTP GET /Account/Register started at 18:28:31.580 by Anonymous
2026-03-13 23:58:31.595 +05:30 [INF] Executing endpoint 'ServicePlatform.Controllers.AccountController.Register (ServicePlatform)'
2026-03-13 23:58:31.619 +05:30 [INF] Route matched with {action = "Register", controller = "Account"}. Executing controller action with signature Microsoft.AspNetCore.Mvc.IActionResult Register() on controller ServicePlatform.Controllers.AccountController (ServicePlatform).
2026-03-13 23:58:31.758 +05:30 [INF] Executing ViewResult, running view Register.
2026-03-13 23:58:31.960 +05:30 [INF] Executed ViewResult - view Register executed in 204.9796ms.
2026-03-13 23:58:31.963 +05:30 [INF] Executed action ServicePlatform.Controllers.AccountController.Register (ServicePlatform) in 339.1872ms
2026-03-13 23:58:31.965 +05:30 [INF] Executed endpoint 'ServicePlatform.Controllers.AccountController.Register (ServicePlatform)'
2026-03-13 23:58:31.967 +05:30 [INF] HTTP GET /Account/Register responded 200 in 386.9ms
2026-03-13 23:58:31.970 +05:30 [INF] The response could not be cached for this request.
2026-03-13 23:58:32.033 +05:30 [INF] Request finished HTTP/1.1 GET http://localhost:5016/Account/Register - 200 null text/html; charset=utf-8 471.6996ms
2026-03-13 23:59:13.899 +05:30 [INF] Request starting HTTP/1.1 GET http://localhost:5016/Account/Login - null null
2026-03-13 23:59:13.908 +05:30 [INF] No cached response available for this request.
2026-03-13 23:59:13.928 +05:30 [INF] HTTP GET /Account/Login started at 18:29:13.927 by Anonymous
2026-03-13 23:59:13.948 +05:30 [INF] Executing endpoint 'ServicePlatform.Controllers.AccountController.Login (ServicePlatform)'
2026-03-13 23:59:13.970 +05:30 [INF] Route matched with {action = "Login", controller = "Account"}. Executing controller action with signature Microsoft.AspNetCore.Mvc.IActionResult Login(System.String) on controller ServicePlatform.Controllers.AccountController (ServicePlatform).
2026-03-13 23:59:14.030 +05:30 [INF] Executing ViewResult, running view Login.
2026-03-13 23:59:14.100 +05:30 [INF] Executed ViewResult - view Login executed in 71.7348ms.
2026-03-13 23:59:14.103 +05:30 [INF] Executed action ServicePlatform.Controllers.AccountController.Login (ServicePlatform) in 129.8144ms
2026-03-13 23:59:14.106 +05:30 [INF] Executed endpoint 'ServicePlatform.Controllers.AccountController.Login (ServicePlatform)'
2026-03-13 23:59:14.110 +05:30 [INF] HTTP GET /Account/Login responded 200 in 182.1ms
2026-03-13 23:59:14.114 +05:30 [INF] The response could not be cached for this request.
2026-03-13 23:59:14.117 +05:30 [INF] Request finished HTTP/1.1 GET http://localhost:5016/Account/Login - 200 null text/html; charset=utf-8 217.9035ms
