2026-04-06 23:41:15.9117|INFO|ServicePlatform.Program|Application starting up...|action=|controller=|url=|user=
2026-04-06 23:41:20.5587|INFO|ServicePlatform.Program|Application started successfully|action=|controller=|url=|user=
2026-04-06 23:42:25.4815|WARN|Microsoft.AspNetCore.HttpsPolicy.HttpsRedirectionMiddleware|Failed to determine the https port for redirect.|action=|controller=|url=http://localhost/|user=
2026-04-06 23:42:25.5535|INFO|ServicePlatform.Middleware.RequestLoggingMiddleware|HTTP GET / started at 18:12:25.541 by Anonymous|action=Index|controller=Home|url=http://localhost/|user=
2026-04-06 23:42:25.5979|INFO|ServicePlatform.Controllers.HomeController|Anonymous user accessed home page|action=Index|controller=Home|url=http://localhost/|user=
2026-04-06 23:42:25.7958|INFO|ServicePlatform.Middleware.RequestLoggingMiddleware|HTTP GET / responded 200 in 254.2ms|action=Index|controller=Home|url=http://localhost/|user=
2026-04-06 23:42:42.6016|INFO|ServicePlatform.Middleware.RequestLoggingMiddleware|HTTP GET /Account/Register started at 18:12:42.601 by Anonymous|action=Register|controller=Account|url=http://localhost/Account/Register|user=
2026-04-06 23:42:42.9642|INFO|ServicePlatform.Middleware.RequestLoggingMiddleware|HTTP GET /Account/Register responded 200 in 362.6ms|action=Register|controller=Account|url=http://localhost/Account/Register|user=
2026-04-06 23:42:49.1262|INFO|ServicePlatform.Middleware.RequestLoggingMiddleware|HTTP GET /Account/Login started at 18:12:49.126 by Anonymous|action=Login|controller=Account|url=http://localhost/Account/Login|user=
2026-04-06 23:42:49.1990|INFO|ServicePlatform.Middleware.RequestLoggingMiddleware|HTTP GET /Account/Login responded 200 in 72.9ms|action=Login|controller=Account|url=http://localhost/Account/Login|user=
2026-04-06 23:43:47.2884|INFO|ServicePlatform.Middleware.RequestLoggingMiddleware|HTTP POST /Account/Login started at 18:13:47.288 by Anonymous|action=Login|controller=Account|url=http://localhost/Account/Login|user=
2026-04-06 23:43:48.1969|INFO|ServicePlatform.Controllers.AccountController|User admin@serviceplatform.com logged in successfully|action=Login|controller=Account|url=http://localhost/Account/Login|user=admin@serviceplatform.com
2026-04-06 23:43:50.0464|INFO|ServicePlatform.Middleware.RequestLoggingMiddleware|HTTP POST /Account/Login responded 302 in 2752.7ms|action=Login|controller=Account|url=http://localhost/Account/Login|user=admin@serviceplatform.com
2026-04-06 23:43:50.0951|INFO|ServicePlatform.Middleware.RequestLoggingMiddleware|HTTP GET /Admin started at 18:13:50.095 by Anonymous|action=Index|controller=Admin|url=http://localhost/Admin|user=
2026-04-06 23:43:50.5471|INFO|ServicePlatform.Controllers.AdminController|Admin dashboard accessed|action=Index|controller=Admin|url=http://localhost/Admin|user=admin@serviceplatform.com
2026-04-06 23:43:53.1629|INFO|ServicePlatform.Middleware.RequestLoggingMiddleware|HTTP GET /Admin responded 200 in 3067.8ms|action=Index|controller=Admin|url=http://localhost/Admin|user=admin@serviceplatform.com
2026-04-06 23:43:53.7576|INFO|ServicePlatform.Middleware.RequestLoggingMiddleware|HTTP POST /hubs/notification/negotiate started at 18:13:53.757 by Anonymous|action=|controller=|url=http://localhost/hubs/notification/negotiate|user=
2026-04-06 23:43:53.7759|INFO|ServicePlatform.Middleware.RequestLoggingMiddleware|HTTP GET /Notification/GetNotifications started at 18:13:53.775 by Anonymous|action=GetNotifications|controller=Notification|url=http://localhost/Notification/GetNotifications|user=
2026-04-06 23:43:53.8807|INFO|ServicePlatform.Middleware.RequestLoggingMiddleware|HTTP POST /hubs/notification/negotiate responded 200 in 123.2ms|action=|controller=|url=http://localhost/hubs/notification/negotiate|user=admin@serviceplatform.com
2026-04-06 23:43:53.9372|INFO|ServicePlatform.Middleware.RequestLoggingMiddleware|HTTP GET /hubs/notification started at 18:13:53.937 by Anonymous|action=|controller=|url=http://localhost/hubs/notification|user=
2026-04-06 23:43:54.3766|INFO|ServicePlatform.Controllers.NotificationController|User a56b9f8c-9f34-4a17-8fa0-faa1ff8aaaac fetched notifications (unread: 1)|action=GetNotifications|controller=Notification|url=http://localhost/Notification/GetNotifications|user=admin@serviceplatform.com
2026-04-06 23:43:54.7905|INFO|ServicePlatform.Middleware.RequestLoggingMiddleware|HTTP GET /Notification/GetNotifications responded 200 in 1014.6ms|action=GetNotifications|controller=Notification|url=http://localhost/Notification/GetNotifications|user=admin@serviceplatform.com
2026-04-06 23:44:00.4986|INFO|ServicePlatform.Middleware.RequestLoggingMiddleware|HTTP GET /Admin/ServiceRequests started at 18:14:00.497 by Anonymous|action=ServiceRequests|controller=Admin|url=http://localhost/Admin/ServiceRequests|user=
2026-04-06 23:44:00.5451|INFO|ServicePlatform.Controllers.AdminController|Admin viewing all service requests|action=ServiceRequests|controller=Admin|url=http://localhost/Admin/ServiceRequests|user=admin@serviceplatform.com
2026-04-06 23:44:01.3883|INFO|ServicePlatform.Middleware.RequestLoggingMiddleware|HTTP GET /Admin/ServiceRequests responded 200 in 891.2ms|action=ServiceRequests|controller=Admin|url=http://localhost/Admin/ServiceRequests|user=admin@serviceplatform.com
2026-04-06 23:44:01.5057|INFO|ServicePlatform.Middleware.RequestLoggingMiddleware|HTTP GET /hubs/notification responded 101 in 7568.5ms|action=|controller=|url=http://localhost/hubs/notification|user=admin@serviceplatform.com
2026-04-06 23:44:01.5717|INFO|ServicePlatform.Middleware.RequestLoggingMiddleware|HTTP POST /hubs/notification/negotiate started at 18:14:01.571 by Anonymous|action=|controller=|url=http://localhost/hubs/notification/negotiate|user=
2026-04-06 23:44:01.5770|INFO|ServicePlatform.Middleware.RequestLoggingMiddleware|HTTP GET /Notification/GetNotifications started at 18:14:01.576 by Anonymous|action=GetNotifications|controller=Notification|url=http://localhost/Notification/GetNotifications|user=
2026-04-06 23:44:01.5770|INFO|ServicePlatform.Middleware.RequestLoggingMiddleware|HTTP POST /hubs/notification/negotiate responded 200 in 14.4ms|action=|controller=|url=http://localhost/hubs/notification/negotiate|user=admin@serviceplatform.com
2026-04-06 23:44:01.6014|INFO|ServicePlatform.Middleware.RequestLoggingMiddleware|HTTP GET /hubs/notification started at 18:14:01.601 by Anonymous|action=|controller=|url=http://localhost/hubs/notification|user=
2026-04-06 23:44:01.6199|INFO|ServicePlatform.Controllers.NotificationController|User a56b9f8c-9f34-4a17-8fa0-faa1ff8aaaac fetched notifications (unread: 1)|action=GetNotifications|controller=Notification|url=http://localhost/Notification/GetNotifications|user=admin@serviceplatform.com
2026-04-06 23:44:01.6224|INFO|ServicePlatform.Middleware.RequestLoggingMiddleware|HTTP GET /Notification/GetNotifications responded 200 in 45.3ms|action=GetNotifications|controller=Notification|url=http://localhost/Notification/GetNotifications|user=admin@serviceplatform.com
2026-04-06 23:44:12.1577|INFO|ServicePlatform.Middleware.RequestLoggingMiddleware|HTTP GET /Admin/Orders started at 18:14:12.157 by Anonymous|action=Orders|controller=Admin|url=http://localhost/Admin/Orders|user=
2026-04-06 23:44:12.2132|INFO|ServicePlatform.Controllers.AdminController|Admin viewing all orders|action=Orders|controller=Admin|url=http://localhost/Admin/Orders|user=admin@serviceplatform.com
2026-04-06 23:44:12.6733|INFO|ServicePlatform.Middleware.RequestLoggingMiddleware|HTTP GET /Admin/Orders responded 200 in 515.5ms|action=Orders|controller=Admin|url=http://localhost/Admin/Orders|user=admin@serviceplatform.com
2026-04-06 23:44:12.6922|INFO|ServicePlatform.Middleware.RequestLoggingMiddleware|HTTP GET /hubs/notification responded 101 in 11090.7ms|action=|controller=|url=http://localhost/hubs/notification|user=admin@serviceplatform.com
2026-04-06 23:44:12.7853|INFO|ServicePlatform.Middleware.RequestLoggingMiddleware|HTTP POST /hubs/notification/negotiate started at 18:14:12.785 by Anonymous|action=|controller=|url=http://localhost/hubs/notification/negotiate|user=
2026-04-06 23:44:12.7853|INFO|ServicePlatform.Middleware.RequestLoggingMiddleware|HTTP POST /hubs/notification/negotiate responded 200 in 6.1ms|action=|controller=|url=http://localhost/hubs/notification/negotiate|user=admin@serviceplatform.com
2026-04-06 23:44:12.7853|INFO|ServicePlatform.Middleware.RequestLoggingMiddleware|HTTP GET /Notification/GetNotifications started at 18:14:12.792 by Anonymous|action=GetNotifications|controller=Notification|url=http://localhost/Notification/GetNotifications|user=
2026-04-06 23:44:12.8006|INFO|ServicePlatform.Middleware.RequestLoggingMiddleware|HTTP GET /hubs/notification started at 18:14:12.800 by Anonymous|action=|controller=|url=http://localhost/hubs/notification|user=
2026-04-06 23:44:12.8279|INFO|ServicePlatform.Controllers.NotificationController|User a56b9f8c-9f34-4a17-8fa0-faa1ff8aaaac fetched notifications (unread: 1)|action=GetNotifications|controller=Notification|url=http://localhost/Notification/GetNotifications|user=admin@serviceplatform.com
2026-04-06 23:44:12.8279|INFO|ServicePlatform.Middleware.RequestLoggingMiddleware|HTTP GET /Notification/GetNotifications responded 200 in 36.8ms|action=GetNotifications|controller=Notification|url=http://localhost/Notification/GetNotifications|user=admin@serviceplatform.com
2026-04-06 23:44:16.0862|INFO|ServicePlatform.Middleware.RequestLoggingMiddleware|HTTP GET /Admin/Payments started at 18:14:16.086 by Anonymous|action=Payments|controller=Admin|url=http://localhost/Admin/Payments|user=
2026-04-06 23:44:16.1333|INFO|ServicePlatform.Controllers.AdminController|Admin viewing all payments|action=Payments|controller=Admin|url=http://localhost/Admin/Payments|user=admin@serviceplatform.com
2026-04-06 23:44:16.5502|INFO|ServicePlatform.Middleware.RequestLoggingMiddleware|HTTP GET /Admin/Payments responded 200 in 464.0ms|action=Payments|controller=Admin|url=http://localhost/Admin/Payments|user=admin@serviceplatform.com
2026-04-06 23:44:16.5676|INFO|ServicePlatform.Middleware.RequestLoggingMiddleware|HTTP GET /hubs/notification responded 101 in 3767.1ms|action=|controller=|url=http://localhost/hubs/notification|user=admin@serviceplatform.com
2026-04-06 23:44:16.6637|INFO|ServicePlatform.Middleware.RequestLoggingMiddleware|HTTP POST /hubs/notification/negotiate started at 18:14:16.663 by Anonymous|action=|controller=|url=http://localhost/hubs/notification/negotiate|user=
2026-04-06 23:44:16.6698|INFO|ServicePlatform.Middleware.RequestLoggingMiddleware|HTTP POST /hubs/notification/negotiate responded 200 in 6.1ms|action=|controller=|url=http://localhost/hubs/notification/negotiate|user=admin@serviceplatform.com
2026-04-06 23:44:16.6698|INFO|ServicePlatform.Middleware.RequestLoggingMiddleware|HTTP GET /Notification/GetNotifications started at 18:14:16.672 by Anonymous|action=GetNotifications|controller=Notification|url=http://localhost/Notification/GetNotifications|user=
2026-04-06 23:44:16.6698|INFO|ServicePlatform.Middleware.RequestLoggingMiddleware|HTTP GET /hubs/notification started at 18:14:16.677 by Anonymous|action=|controller=|url=http://localhost/hubs/notification|user=
2026-04-06 23:44:16.7059|INFO|ServicePlatform.Controllers.NotificationController|User a56b9f8c-9f34-4a17-8fa0-faa1ff8aaaac fetched notifications (unread: 1)|action=GetNotifications|controller=Notification|url=http://localhost/Notification/GetNotifications|user=admin@serviceplatform.com
2026-04-06 23:44:16.7059|INFO|ServicePlatform.Middleware.RequestLoggingMiddleware|HTTP GET /Notification/GetNotifications responded 200 in 34.9ms|action=GetNotifications|controller=Notification|url=http://localhost/Notification/GetNotifications|user=admin@serviceplatform.com
2026-04-06 23:44:18.8923|INFO|ServicePlatform.Middleware.RequestLoggingMiddleware|HTTP GET /Admin/Feedbacks started at 18:14:18.892 by Anonymous|action=Feedbacks|controller=Admin|url=http://localhost/Admin/Feedbacks|user=
2026-04-06 23:44:18.9463|INFO|ServicePlatform.Controllers.AdminController|Admin viewing all feedbacks|action=Feedbacks|controller=Admin|url=http://localhost/Admin/Feedbacks|user=admin@serviceplatform.com
2026-04-06 23:44:19.1879|INFO|ServicePlatform.Middleware.RequestLoggingMiddleware|HTTP GET /Admin/Feedbacks responded 200 in 295.6ms|action=Feedbacks|controller=Admin|url=http://localhost/Admin/Feedbacks|user=admin@serviceplatform.com
2026-04-06 23:44:19.2188|INFO|ServicePlatform.Middleware.RequestLoggingMiddleware|HTTP GET /hubs/notification responded 101 in 2541.2ms|action=|controller=|url=http://localhost/hubs/notification|user=admin@serviceplatform.com
2026-04-06 23:44:19.3047|INFO|ServicePlatform.Middleware.RequestLoggingMiddleware|HTTP POST /hubs/notification/negotiate started at 18:14:19.304 by Anonymous|action=|controller=|url=http://localhost/hubs/notification/negotiate|user=
2026-04-06 23:44:19.3091|INFO|ServicePlatform.Middleware.RequestLoggingMiddleware|HTTP POST /hubs/notification/negotiate responded 200 in 4.6ms|action=|controller=|url=http://localhost/hubs/notification/negotiate|user=admin@serviceplatform.com
2026-04-06 23:44:19.3091|INFO|ServicePlatform.Middleware.RequestLoggingMiddleware|HTTP GET /Notification/GetNotifications started at 18:14:19.311 by Anonymous|action=GetNotifications|controller=Notification|url=http://localhost/Notification/GetNotifications|user=
2026-04-06 23:44:19.3091|INFO|ServicePlatform.Middleware.RequestLoggingMiddleware|HTTP GET /hubs/notification started at 18:14:19.321 by Anonymous|action=|controller=|url=http://localhost/hubs/notification|user=
2026-04-06 23:44:19.3442|INFO|ServicePlatform.Controllers.NotificationController|User a56b9f8c-9f34-4a17-8fa0-faa1ff8aaaac fetched notifications (unread: 1)|action=GetNotifications|controller=Notification|url=http://localhost/Notification/GetNotifications|user=admin@serviceplatform.com
2026-04-06 23:44:19.3442|INFO|ServicePlatform.Middleware.RequestLoggingMiddleware|HTTP GET /Notification/GetNotifications responded 200 in 34.4ms|action=GetNotifications|controller=Notification|url=http://localhost/Notification/GetNotifications|user=admin@serviceplatform.com
2026-04-06 23:49:20.0897|INFO|ServicePlatform.Middleware.RequestLoggingMiddleware|HTTP POST /Account/Logout started at 18:19:20.089 by Anonymous|action=Logout|controller=Account|url=http://localhost/Account/Logout|user=
2026-04-06 23:49:20.1293|INFO|ServicePlatform.Controllers.AccountController|User admin@serviceplatform.com logged out|action=Logout|controller=Account|url=http://localhost/Account/Logout|user=admin@serviceplatform.com
2026-04-06 23:49:20.1293|INFO|ServicePlatform.Middleware.RequestLoggingMiddleware|HTTP POST /Account/Logout responded 302 in 41.9ms|action=Logout|controller=Account|url=http://localhost/Account/Logout|user=admin@serviceplatform.com
2026-04-06 23:49:20.1401|INFO|ServicePlatform.Middleware.RequestLoggingMiddleware|HTTP GET /Account/Login started at 18:19:20.140 by Anonymous|action=Login|controller=Account|url=http://localhost/Account/Login|user=
2026-04-06 23:49:20.1401|INFO|ServicePlatform.Middleware.RequestLoggingMiddleware|HTTP GET /Account/Login responded 200 in 9.4ms|action=Login|controller=Account|url=http://localhost/Account/Login|user=
2026-04-06 23:49:20.1650|INFO|ServicePlatform.Middleware.RequestLoggingMiddleware|HTTP GET /hubs/notification responded 101 in 300843.4ms|action=|controller=|url=http://localhost/hubs/notification|user=admin@serviceplatform.com
2026-04-06 23:49:31.4857|INFO|ServicePlatform.Middleware.RequestLoggingMiddleware|HTTP POST /Account/Login started at 18:19:31.485 by Anonymous|action=Login|controller=Account|url=http://localhost/Account/Login|user=
2026-04-06 23:49:31.8470|INFO|ServicePlatform.Controllers.AccountController|User user@serviceplatform.com logged in successfully|action=Login|controller=Account|url=http://localhost/Account/Login|user=user@serviceplatform.com
2026-04-06 23:49:31.8684|INFO|ServicePlatform.Middleware.RequestLoggingMiddleware|HTTP POST /Account/Login responded 302 in 382.7ms|action=Login|controller=Account|url=http://localhost/Account/Login|user=user@serviceplatform.com
2026-04-06 23:49:31.8771|INFO|ServicePlatform.Middleware.RequestLoggingMiddleware|HTTP GET /UserDashboard started at 18:19:31.876 by Anonymous|action=Index|controller=UserDashboard|url=http://localhost/UserDashboard|user=
2026-04-06 23:49:31.8915|INFO|ServicePlatform.Controllers.UserDashboardController|User fcbd2157-c414-4143-bc5a-8e6edcc11d44 accessed dashboard|action=Index|controller=UserDashboard|url=http://localhost/UserDashboard|user=user@serviceplatform.com
2026-04-06 23:49:32.1153|INFO|ServicePlatform.Middleware.RequestLoggingMiddleware|HTTP GET /UserDashboard responded 200 in 238.3ms|action=Index|controller=UserDashboard|url=http://localhost/UserDashboard|user=user@serviceplatform.com
2026-04-06 23:49:32.2257|INFO|ServicePlatform.Middleware.RequestLoggingMiddleware|HTTP POST /hubs/notification/negotiate started at 18:19:32.225 by Anonymous|action=|controller=|url=http://localhost/hubs/notification/negotiate|user=
2026-04-06 23:49:32.2257|INFO|ServicePlatform.Middleware.RequestLoggingMiddleware|HTTP POST /hubs/notification/negotiate responded 200 in 3.2ms|action=|controller=|url=http://localhost/hubs/notification/negotiate|user=user@serviceplatform.com
2026-04-06 23:49:32.2257|INFO|ServicePlatform.Middleware.RequestLoggingMiddleware|HTTP GET /Notification/GetNotifications started at 18:19:32.229 by Anonymous|action=GetNotifications|controller=Notification|url=http://localhost/Notification/GetNotifications|user=
2026-04-06 23:49:32.2543|INFO|ServicePlatform.Middleware.RequestLoggingMiddleware|HTTP GET /hubs/notification started at 18:19:32.254 by Anonymous|action=|controller=|url=http://localhost/hubs/notification|user=
2026-04-06 23:49:32.2721|INFO|ServicePlatform.Controllers.NotificationController|User fcbd2157-c414-4143-bc5a-8e6edcc11d44 fetched notifications (unread: 1)|action=GetNotifications|controller=Notification|url=http://localhost/Notification/GetNotifications|user=user@serviceplatform.com
2026-04-06 23:49:32.2721|INFO|ServicePlatform.Middleware.RequestLoggingMiddleware|HTTP GET /Notification/GetNotifications responded 200 in 44.2ms|action=GetNotifications|controller=Notification|url=http://localhost/Notification/GetNotifications|user=user@serviceplatform.com
2026-04-06 23:49:36.3479|INFO|ServicePlatform.Middleware.RequestLoggingMiddleware|HTTP GET /UserDashboard/CreateRequest started at 18:19:36.347 by Anonymous|action=CreateRequest|controller=UserDashboard|url=http://localhost/UserDashboard/CreateRequest|user=
2026-04-06 23:49:36.4660|INFO|ServicePlatform.Middleware.RequestLoggingMiddleware|HTTP GET /UserDashboard/CreateRequest responded 200 in 118.1ms|action=CreateRequest|controller=UserDashboard|url=http://localhost/UserDashboard/CreateRequest|user=user@serviceplatform.com
2026-04-06 23:49:36.4812|INFO|ServicePlatform.Middleware.RequestLoggingMiddleware|HTTP GET /hubs/notification responded 101 in 4226.9ms|action=|controller=|url=http://localhost/hubs/notification|user=user@serviceplatform.com
2026-04-06 23:49:38.0020|INFO|ServicePlatform.Middleware.RequestLoggingMiddleware|HTTP POST /hubs/notification/negotiate started at 18:19:38.001 by Anonymous|action=|controller=|url=http://localhost/hubs/notification/negotiate|user=
2026-04-06 23:49:38.0020|INFO|ServicePlatform.Middleware.RequestLoggingMiddleware|HTTP GET /Notification/GetNotifications started at 18:19:38.004 by Anonymous|action=GetNotifications|controller=Notification|url=http://localhost/Notification/GetNotifications|user=
2026-04-06 23:49:38.0020|INFO|ServicePlatform.Middleware.RequestLoggingMiddleware|HTTP POST /hubs/notification/negotiate responded 200 in 4.5ms|action=|controller=|url=http://localhost/hubs/notification/negotiate|user=user@serviceplatform.com
2026-04-06 23:49:38.0173|INFO|ServicePlatform.Controllers.NotificationController|User fcbd2157-c414-4143-bc5a-8e6edcc11d44 fetched notifications (unread: 1)|action=GetNotifications|controller=Notification|url=http://localhost/Notification/GetNotifications|user=user@serviceplatform.com
2026-04-06 23:49:38.0173|INFO|ServicePlatform.Middleware.RequestLoggingMiddleware|HTTP GET /Notification/GetNotifications responded 200 in 14.3ms|action=GetNotifications|controller=Notification|url=http://localhost/Notification/GetNotifications|user=user@serviceplatform.com
2026-04-06 23:49:38.0173|INFO|ServicePlatform.Middleware.RequestLoggingMiddleware|HTTP GET /hubs/notification started at 18:19:38.021 by Anonymous|action=|controller=|url=http://localhost/hubs/notification|user=
2026-04-06 23:49:58.9753|INFO|ServicePlatform.Middleware.RequestLoggingMiddleware|HTTP GET /UserDashboard started at 18:19:58.974 by Anonymous|action=Index|controller=UserDashboard|url=http://localhost/UserDashboard|user=
2026-04-06 23:49:58.9894|INFO|ServicePlatform.Controllers.UserDashboardController|User fcbd2157-c414-4143-bc5a-8e6edcc11d44 accessed dashboard|action=Index|controller=UserDashboard|url=http://localhost/UserDashboard|user=user@serviceplatform.com
2026-04-06 23:49:59.0900|INFO|ServicePlatform.Middleware.RequestLoggingMiddleware|HTTP GET /UserDashboard responded 200 in 115.2ms|action=Index|controller=UserDashboard|url=http://localhost/UserDashboard|user=user@serviceplatform.com
2026-04-06 23:49:59.1028|INFO|ServicePlatform.Middleware.RequestLoggingMiddleware|HTTP GET /hubs/notification responded 101 in 21081.6ms|action=|controller=|url=http://localhost/hubs/notification|user=user@serviceplatform.com
2026-04-06 23:49:59.1598|INFO|ServicePlatform.Middleware.RequestLoggingMiddleware|HTTP POST /hubs/notification/negotiate started at 18:19:59.159 by Anonymous|action=|controller=|url=http://localhost/hubs/notification/negotiate|user=
2026-04-06 23:49:59.1598|INFO|ServicePlatform.Middleware.RequestLoggingMiddleware|HTTP POST /hubs/notification/negotiate responded 200 in 2.1ms|action=|controller=|url=http://localhost/hubs/notification/negotiate|user=user@serviceplatform.com
2026-04-06 23:49:59.1598|INFO|ServicePlatform.Middleware.RequestLoggingMiddleware|HTTP GET /Notification/GetNotifications started at 18:19:59.162 by Anonymous|action=GetNotifications|controller=Notification|url=http://localhost/Notification/GetNotifications|user=
2026-04-06 23:49:59.1784|INFO|ServicePlatform.Controllers.NotificationController|User fcbd2157-c414-4143-bc5a-8e6edcc11d44 fetched notifications (unread: 1)|action=GetNotifications|controller=Notification|url=http://localhost/Notification/GetNotifications|user=user@serviceplatform.com
2026-04-06 23:49:59.1784|INFO|ServicePlatform.Middleware.RequestLoggingMiddleware|HTTP GET /Notification/GetNotifications responded 200 in 16.4ms|action=GetNotifications|controller=Notification|url=http://localhost/Notification/GetNotifications|user=user@serviceplatform.com
2026-04-06 23:49:59.2068|INFO|ServicePlatform.Middleware.RequestLoggingMiddleware|HTTP GET /hubs/notification started at 18:19:59.206 by Anonymous|action=|controller=|url=http://localhost/hubs/notification|user=
2026-04-06 23:50:05.8678|INFO|ServicePlatform.Middleware.RequestLoggingMiddleware|HTTP GET /UserDashboard/BookAppointment started at 18:20:05.867 by Anonymous|action=BookAppointment|controller=UserDashboard|url=http://localhost/UserDashboard/BookAppointment|user=
2026-04-06 23:50:05.9387|INFO|ServicePlatform.Middleware.RequestLoggingMiddleware|HTTP GET /UserDashboard/BookAppointment responded 200 in 70.9ms|action=BookAppointment|controller=UserDashboard|url=http://localhost/UserDashboard/BookAppointment|user=user@serviceplatform.com
2026-04-06 23:50:05.9507|INFO|ServicePlatform.Middleware.RequestLoggingMiddleware|HTTP GET /hubs/notification responded 101 in 6743.9ms|action=|controller=|url=http://localhost/hubs/notification|user=user@serviceplatform.com
2026-04-06 23:50:06.0365|INFO|ServicePlatform.Middleware.RequestLoggingMiddleware|HTTP POST /hubs/notification/negotiate started at 18:20:06.036 by Anonymous|action=|controller=|url=http://localhost/hubs/notification/negotiate|user=
2026-04-06 23:50:06.0365|INFO|ServicePlatform.Middleware.RequestLoggingMiddleware|HTTP GET /Notification/GetNotifications started at 18:20:06.040 by Anonymous|action=GetNotifications|controller=Notification|url=http://localhost/Notification/GetNotifications|user=
2026-04-06 23:50:06.0365|INFO|ServicePlatform.Middleware.RequestLoggingMiddleware|HTTP POST /hubs/notification/negotiate responded 200 in 5.1ms|action=|controller=|url=http://localhost/hubs/notification/negotiate|user=user@serviceplatform.com
2026-04-06 23:50:06.0528|INFO|ServicePlatform.Controllers.NotificationController|User fcbd2157-c414-4143-bc5a-8e6edcc11d44 fetched notifications (unread: 1)|action=GetNotifications|controller=Notification|url=http://localhost/Notification/GetNotifications|user=user@serviceplatform.com
2026-04-06 23:50:06.0528|INFO|ServicePlatform.Middleware.RequestLoggingMiddleware|HTTP GET /Notification/GetNotifications responded 200 in 16.7ms|action=GetNotifications|controller=Notification|url=http://localhost/Notification/GetNotifications|user=user@serviceplatform.com
2026-04-06 23:50:06.0693|INFO|ServicePlatform.Middleware.RequestLoggingMiddleware|HTTP GET /hubs/notification started at 18:20:06.069 by Anonymous|action=|controller=|url=http://localhost/hubs/notification|user=
2026-04-06 23:50:11.1301|INFO|ServicePlatform.Middleware.RequestLoggingMiddleware|HTTP GET /UserDashboard started at 18:20:11.130 by Anonymous|action=Index|controller=UserDashboard|url=http://localhost/UserDashboard|user=
2026-04-06 23:50:11.1301|INFO|ServicePlatform.Controllers.UserDashboardController|User fcbd2157-c414-4143-bc5a-8e6edcc11d44 accessed dashboard|action=Index|controller=UserDashboard|url=http://localhost/UserDashboard|user=user@serviceplatform.com
2026-04-06 23:50:11.1773|INFO|ServicePlatform.Middleware.RequestLoggingMiddleware|HTTP GET /UserDashboard responded 200 in 47.1ms|action=Index|controller=UserDashboard|url=http://localhost/UserDashboard|user=user@serviceplatform.com
2026-04-06 23:50:11.1904|INFO|ServicePlatform.Middleware.RequestLoggingMiddleware|HTTP GET /hubs/notification responded 101 in 5121.1ms|action=|controller=|url=http://localhost/hubs/notification|user=user@serviceplatform.com
2026-04-06 23:50:11.2491|INFO|ServicePlatform.Middleware.RequestLoggingMiddleware|HTTP POST /hubs/notification/negotiate started at 18:20:11.249 by Anonymous|action=|controller=|url=http://localhost/hubs/notification/negotiate|user=
2026-04-06 23:50:11.2491|INFO|ServicePlatform.Middleware.RequestLoggingMiddleware|HTTP POST /hubs/notification/negotiate responded 200 in 2.2ms|action=|controller=|url=http://localhost/hubs/notification/negotiate|user=user@serviceplatform.com
2026-04-06 23:50:11.2491|INFO|ServicePlatform.Middleware.RequestLoggingMiddleware|HTTP GET /Notification/GetNotifications started at 18:20:11.251 by Anonymous|action=GetNotifications|controller=Notification|url=http://localhost/Notification/GetNotifications|user=
2026-04-06 23:50:11.2491|INFO|ServicePlatform.Controllers.NotificationController|User fcbd2157-c414-4143-bc5a-8e6edcc11d44 fetched notifications (unread: 1)|action=GetNotifications|controller=Notification|url=http://localhost/Notification/GetNotifications|user=user@serviceplatform.com
2026-04-06 23:50:11.2491|INFO|ServicePlatform.Middleware.RequestLoggingMiddleware|HTTP GET /Notification/GetNotifications responded 200 in 10.3ms|action=GetNotifications|controller=Notification|url=http://localhost/Notification/GetNotifications|user=user@serviceplatform.com
2026-04-06 23:50:11.2941|INFO|ServicePlatform.Middleware.RequestLoggingMiddleware|HTTP GET /hubs/notification started at 18:20:11.294 by Anonymous|action=|controller=|url=http://localhost/hubs/notification|user=
2026-04-06 23:50:20.0151|INFO|ServicePlatform.Middleware.RequestLoggingMiddleware|HTTP GET /UserDashboard/PaymentHistory started at 18:20:20.015 by Anonymous|action=PaymentHistory|controller=UserDashboard|url=http://localhost/UserDashboard/PaymentHistory|user=
2026-04-06 23:50:20.0376|INFO|ServicePlatform.Controllers.UserDashboardController|User fcbd2157-c414-4143-bc5a-8e6edcc11d44 viewing payment history|action=PaymentHistory|controller=UserDashboard|url=http://localhost/UserDashboard/PaymentHistory|user=user@serviceplatform.com
2026-04-06 23:50:20.1448|INFO|ServicePlatform.Middleware.RequestLoggingMiddleware|HTTP GET /UserDashboard/PaymentHistory responded 200 in 129.7ms|action=PaymentHistory|controller=UserDashboard|url=http://localhost/UserDashboard/PaymentHistory|user=user@serviceplatform.com
2026-04-06 23:50:20.1646|INFO|ServicePlatform.Middleware.RequestLoggingMiddleware|HTTP GET /hubs/notification responded 101 in 8870.5ms|action=|controller=|url=http://localhost/hubs/notification|user=user@serviceplatform.com
2026-04-06 23:50:20.2576|INFO|ServicePlatform.Middleware.RequestLoggingMiddleware|HTTP POST /hubs/notification/negotiate started at 18:20:20.257 by Anonymous|action=|controller=|url=http://localhost/hubs/notification/negotiate|user=
2026-04-06 23:50:20.2576|INFO|ServicePlatform.Middleware.RequestLoggingMiddleware|HTTP POST /hubs/notification/negotiate responded 200 in 3.4ms|action=|controller=|url=http://localhost/hubs/notification/negotiate|user=user@serviceplatform.com
2026-04-06 23:50:20.2696|INFO|ServicePlatform.Middleware.RequestLoggingMiddleware|HTTP GET /Notification/GetNotifications started at 18:20:20.269 by Anonymous|action=GetNotifications|controller=Notification|url=http://localhost/Notification/GetNotifications|user=
2026-04-06 23:50:20.2696|INFO|ServicePlatform.Middleware.RequestLoggingMiddleware|HTTP GET /hubs/notification started at 18:20:20.276 by Anonymous|action=|controller=|url=http://localhost/hubs/notification|user=
2026-04-06 23:50:20.2964|INFO|ServicePlatform.Controllers.NotificationController|User fcbd2157-c414-4143-bc5a-8e6edcc11d44 fetched notifications (unread: 1)|action=GetNotifications|controller=Notification|url=http://localhost/Notification/GetNotifications|user=user@serviceplatform.com
2026-04-06 23:50:20.2964|INFO|ServicePlatform.Middleware.RequestLoggingMiddleware|HTTP GET /Notification/GetNotifications responded 200 in 27.9ms|action=GetNotifications|controller=Notification|url=http://localhost/Notification/GetNotifications|user=user@serviceplatform.com
2026-04-06 23:50:22.9962|INFO|ServicePlatform.Middleware.RequestLoggingMiddleware|HTTP GET /Shop/Cart started at 18:20:22.996 by Anonymous|action=Cart|controller=Shop|url=http://localhost/Shop/Cart|user=
2026-04-06 23:50:23.0229|INFO|ServicePlatform.Controllers.ShopController|User fcbd2157-c414-4143-bc5a-8e6edcc11d44 viewing cart|action=Cart|controller=Shop|url=http://localhost/Shop/Cart|user=user@serviceplatform.com
2026-04-06 23:50:23.0851|INFO|ServicePlatform.Middleware.RequestLoggingMiddleware|HTTP GET /Shop/Cart responded 200 in 88.9ms|action=Cart|controller=Shop|url=http://localhost/Shop/Cart|user=user@serviceplatform.com
2026-04-06 23:50:23.0963|INFO|ServicePlatform.Middleware.RequestLoggingMiddleware|HTTP GET /hubs/notification responded 101 in 2819.6ms|action=|controller=|url=http://localhost/hubs/notification|user=user@serviceplatform.com
2026-04-06 23:50:23.2014|INFO|ServicePlatform.Middleware.RequestLoggingMiddleware|HTTP POST /hubs/notification/negotiate started at 18:20:23.201 by Anonymous|action=|controller=|url=http://localhost/hubs/notification/negotiate|user=
2026-04-06 23:50:23.2014|INFO|ServicePlatform.Middleware.RequestLoggingMiddleware|HTTP GET /Notification/GetNotifications started at 18:20:23.204 by Anonymous|action=GetNotifications|controller=Notification|url=http://localhost/Notification/GetNotifications|user=
2026-04-06 23:50:23.2014|INFO|ServicePlatform.Middleware.RequestLoggingMiddleware|HTTP POST /hubs/notification/negotiate responded 200 in 3.5ms|action=|controller=|url=http://localhost/hubs/notification/negotiate|user=user@serviceplatform.com
2026-04-06 23:50:23.2198|INFO|ServicePlatform.Middleware.RequestLoggingMiddleware|HTTP GET /hubs/notification started at 18:20:23.219 by Anonymous|action=|controller=|url=http://localhost/hubs/notification|user=
2026-04-06 23:50:23.2198|INFO|ServicePlatform.Controllers.NotificationController|User fcbd2157-c414-4143-bc5a-8e6edcc11d44 fetched notifications (unread: 1)|action=GetNotifications|controller=Notification|url=http://localhost/Notification/GetNotifications|user=user@serviceplatform.com
2026-04-06 23:50:23.2312|INFO|ServicePlatform.Middleware.RequestLoggingMiddleware|HTTP GET /Notification/GetNotifications responded 200 in 26.7ms|action=GetNotifications|controller=Notification|url=http://localhost/Notification/GetNotifications|user=user@serviceplatform.com
2026-04-06 23:50:24.8771|INFO|ServicePlatform.Middleware.RequestLoggingMiddleware|HTTP GET /Shop started at 18:20:24.877 by Anonymous|action=Index|controller=Shop|url=http://localhost/Shop|user=
2026-04-06 23:50:24.8967|INFO|ServicePlatform.Controllers.ShopController|Shop catalog accessed — Search: (null), Category: (null), Page: 1|action=Index|controller=Shop|url=http://localhost/Shop|user=user@serviceplatform.com
2026-04-06 23:50:25.0617|INFO|ServicePlatform.Middleware.RequestLoggingMiddleware|HTTP GET /Shop responded 200 in 184.6ms|action=Index|controller=Shop|url=http://localhost/Shop|user=user@serviceplatform.com
2026-04-06 23:50:25.0745|INFO|ServicePlatform.Middleware.RequestLoggingMiddleware|HTTP GET /hubs/notification responded 101 in 1854.7ms|action=|controller=|url=http://localhost/hubs/notification|user=user@serviceplatform.com
2026-04-06 23:50:25.1190|INFO|ServicePlatform.Middleware.RequestLoggingMiddleware|HTTP GET /images/products/cleaningkit.jpg started at 18:20:25.119 by Anonymous|action=|controller=|url=http://localhost/images/products/cleaningkit.jpg|user=
2026-04-06 23:50:25.1190|INFO|ServicePlatform.Middleware.RequestLoggingMiddleware|HTTP GET /images/products/cleaningkit.jpg responded 404 in 1.2ms|action=|controller=|url=http://localhost/images/products/cleaningkit.jpg|user=user@serviceplatform.com
2026-04-06 23:50:25.1334|INFO|ServicePlatform.Middleware.RequestLoggingMiddleware|HTTP GET /images/products/stabilizer.jpg started at 18:20:25.133 by Anonymous|action=|controller=|url=http://localhost/images/products/stabilizer.jpg|user=
2026-04-06 23:50:25.1334|INFO|ServicePlatform.Middleware.RequestLoggingMiddleware|HTTP GET /images/products/drill.jpg started at 18:20:25.133 by Anonymous|action=|controller=|url=http://localhost/images/products/drill.jpg|user=
2026-04-06 23:50:25.1334|INFO|ServicePlatform.Middleware.RequestLoggingMiddleware|HTTP GET /images/products/stabilizer.jpg responded 404 in 1.2ms|action=|controller=|url=http://localhost/images/products/stabilizer.jpg|user=user@serviceplatform.com
2026-04-06 23:50:25.1334|INFO|ServicePlatform.Middleware.RequestLoggingMiddleware|HTTP GET /images/products/drill.jpg responded 404 in 0.9ms|action=|controller=|url=http://localhost/images/products/drill.jpg|user=user@serviceplatform.com
2026-04-06 23:50:25.1439|INFO|ServicePlatform.Middleware.RequestLoggingMiddleware|HTTP GET /images/products/toolkit.jpg started at 18:20:25.143 by Anonymous|action=|controller=|url=http://localhost/images/products/toolkit.jpg|user=
2026-04-06 23:50:25.1439|INFO|ServicePlatform.Middleware.RequestLoggingMiddleware|HTTP GET /images/products/speaker.jpg started at 18:20:25.144 by Anonymous|action=|controller=|url=http://localhost/images/products/speaker.jpg|user=
2026-04-06 23:50:25.1439|INFO|ServicePlatform.Middleware.RequestLoggingMiddleware|HTTP GET /images/products/toolkit.jpg responded 404 in 1.6ms|action=|controller=|url=http://localhost/images/products/toolkit.jpg|user=user@serviceplatform.com
2026-04-06 23:50:25.1439|INFO|ServicePlatform.Middleware.RequestLoggingMiddleware|HTTP GET /images/products/speaker.jpg responded 404 in 2.2ms|action=|controller=|url=http://localhost/images/products/speaker.jpg|user=user@serviceplatform.com
2026-04-06 23:50:25.2081|INFO|ServicePlatform.Middleware.RequestLoggingMiddleware|HTTP POST /hubs/notification/negotiate started at 18:20:25.208 by Anonymous|action=|controller=|url=http://localhost/hubs/notification/negotiate|user=
2026-04-06 23:50:25.2081|INFO|ServicePlatform.Middleware.RequestLoggingMiddleware|HTTP GET /Notification/GetNotifications started at 18:20:25.210 by Anonymous|action=GetNotifications|controller=Notification|url=http://localhost/Notification/GetNotifications|user=
2026-04-06 23:50:25.2081|INFO|ServicePlatform.Middleware.RequestLoggingMiddleware|HTTP POST /hubs/notification/negotiate responded 200 in 2.5ms|action=|controller=|url=http://localhost/hubs/notification/negotiate|user=user@serviceplatform.com
2026-04-06 23:50:25.2317|INFO|ServicePlatform.Controllers.NotificationController|User fcbd2157-c414-4143-bc5a-8e6edcc11d44 fetched notifications (unread: 1)|action=GetNotifications|controller=Notification|url=http://localhost/Notification/GetNotifications|user=user@serviceplatform.com
2026-04-06 23:50:25.2317|INFO|ServicePlatform.Middleware.RequestLoggingMiddleware|HTTP GET /Notification/GetNotifications responded 200 in 22.1ms|action=GetNotifications|controller=Notification|url=http://localhost/Notification/GetNotifications|user=user@serviceplatform.com
2026-04-06 23:50:25.2317|INFO|ServicePlatform.Middleware.RequestLoggingMiddleware|HTTP GET /hubs/notification started at 18:20:25.234 by Anonymous|action=|controller=|url=http://localhost/hubs/notification|user=
2026-04-06 23:50:27.1462|INFO|ServicePlatform.Middleware.RequestLoggingMiddleware|HTTP POST /Shop/AddToCart started at 18:20:27.146 by Anonymous|action=AddToCart|controller=Shop|url=http://localhost/Shop/AddToCart|user=
2026-04-06 23:50:27.1709|INFO|ServicePlatform.Controllers.ShopController|User fcbd2157-c414-4143-bc5a-8e6edcc11d44 adding product 8 to cart (qty: 1)|action=AddToCart|controller=Shop|url=http://localhost/Shop/AddToCart|user=user@serviceplatform.com
2026-04-06 23:50:27.3204|INFO|ServicePlatform.Middleware.RequestLoggingMiddleware|HTTP POST /Shop/AddToCart responded 302 in 174.2ms|action=AddToCart|controller=Shop|url=http://localhost/Shop/AddToCart|user=user@serviceplatform.com
2026-04-06 23:50:27.3204|INFO|ServicePlatform.Middleware.RequestLoggingMiddleware|HTTP GET /Shop started at 18:20:27.325 by Anonymous|action=Index|controller=Shop|url=http://localhost/Shop|user=
2026-04-06 23:50:27.3273|INFO|ServicePlatform.Controllers.ShopController|Shop catalog accessed — Search: (null), Category: (null), Page: 1|action=Index|controller=Shop|url=http://localhost/Shop|user=user@serviceplatform.com
2026-04-06 23:50:27.3504|INFO|ServicePlatform.Middleware.RequestLoggingMiddleware|HTTP GET /Shop responded 200 in 25.4ms|action=Index|controller=Shop|url=http://localhost/Shop|user=user@serviceplatform.com
2026-04-06 23:50:27.3602|INFO|ServicePlatform.Middleware.RequestLoggingMiddleware|HTTP GET /hubs/notification responded 101 in 2125.5ms|action=|controller=|url=http://localhost/hubs/notification|user=user@serviceplatform.com
2026-04-06 23:50:27.3834|INFO|ServicePlatform.Middleware.RequestLoggingMiddleware|HTTP GET /images/products/cleaningkit.jpg started at 18:20:27.383 by Anonymous|action=|controller=|url=http://localhost/images/products/cleaningkit.jpg|user=
2026-04-06 23:50:27.3834|INFO|ServicePlatform.Middleware.RequestLoggingMiddleware|HTTP GET /images/products/cleaningkit.jpg responded 404 in 0.9ms|action=|controller=|url=http://localhost/images/products/cleaningkit.jpg|user=user@serviceplatform.com
2026-04-06 23:50:27.3877|INFO|ServicePlatform.Middleware.RequestLoggingMiddleware|HTTP GET /images/products/stabilizer.jpg started at 18:20:27.387 by Anonymous|action=|controller=|url=http://localhost/images/products/stabilizer.jpg|user=
2026-04-06 23:50:27.3877|INFO|ServicePlatform.Middleware.RequestLoggingMiddleware|HTTP GET /images/products/stabilizer.jpg responded 404 in 1.0ms|action=|controller=|url=http://localhost/images/products/stabilizer.jpg|user=user@serviceplatform.com
2026-04-06 23:50:27.3877|INFO|ServicePlatform.Middleware.RequestLoggingMiddleware|HTTP GET /images/products/drill.jpg started at 18:20:27.402 by Anonymous|action=|controller=|url=http://localhost/images/products/drill.jpg|user=
2026-04-06 23:50:27.4033|INFO|ServicePlatform.Middleware.RequestLoggingMiddleware|HTTP GET /images/products/drill.jpg responded 404 in 0.9ms|action=|controller=|url=http://localhost/images/products/drill.jpg|user=user@serviceplatform.com
2026-04-06 23:50:27.4033|INFO|ServicePlatform.Middleware.RequestLoggingMiddleware|HTTP GET /images/products/toolkit.jpg started at 18:20:27.411 by Anonymous|action=|controller=|url=http://localhost/images/products/toolkit.jpg|user=
2026-04-06 23:50:27.4033|INFO|ServicePlatform.Middleware.RequestLoggingMiddleware|HTTP GET /images/products/speaker.jpg started at 18:20:27.411 by Anonymous|action=|controller=|url=http://localhost/images/products/speaker.jpg|user=
2026-04-06 23:50:27.4033|INFO|ServicePlatform.Middleware.RequestLoggingMiddleware|HTTP GET /images/products/toolkit.jpg responded 404 in 0.8ms|action=|controller=|url=http://localhost/images/products/toolkit.jpg|user=user@serviceplatform.com
2026-04-06 23:50:27.4033|INFO|ServicePlatform.Middleware.RequestLoggingMiddleware|HTTP GET /images/products/speaker.jpg responded 404 in 0.9ms|action=|controller=|url=http://localhost/images/products/speaker.jpg|user=user@serviceplatform.com
2026-04-06 23:50:27.4250|INFO|ServicePlatform.Middleware.RequestLoggingMiddleware|HTTP POST /hubs/notification/negotiate started at 18:20:27.425 by Anonymous|action=|controller=|url=http://localhost/hubs/notification/negotiate|user=
2026-04-06 23:50:27.4250|INFO|ServicePlatform.Middleware.RequestLoggingMiddleware|HTTP GET /Notification/GetNotifications started at 18:20:27.426 by Anonymous|action=GetNotifications|controller=Notification|url=http://localhost/Notification/GetNotifications|user=
2026-04-06 23:50:27.4250|INFO|ServicePlatform.Middleware.RequestLoggingMiddleware|HTTP POST /hubs/notification/negotiate responded 200 in 1.9ms|action=|controller=|url=http://localhost/hubs/notification/negotiate|user=user@serviceplatform.com
2026-04-06 23:50:27.4250|INFO|ServicePlatform.Controllers.NotificationController|User fcbd2157-c414-4143-bc5a-8e6edcc11d44 fetched notifications (unread: 1)|action=GetNotifications|controller=Notification|url=http://localhost/Notification/GetNotifications|user=user@serviceplatform.com
2026-04-06 23:50:27.4250|INFO|ServicePlatform.Middleware.RequestLoggingMiddleware|HTTP GET /Notification/GetNotifications responded 200 in 4.8ms|action=GetNotifications|controller=Notification|url=http://localhost/Notification/GetNotifications|user=user@serviceplatform.com
2026-04-06 23:50:27.5086|INFO|ServicePlatform.Middleware.RequestLoggingMiddleware|HTTP GET /hubs/notification started at 18:20:27.508 by Anonymous|action=|controller=|url=http://localhost/hubs/notification|user=
2026-04-06 23:50:32.1898|INFO|ServicePlatform.Middleware.RequestLoggingMiddleware|HTTP GET /Shop/MyOrders started at 18:20:32.189 by Anonymous|action=MyOrders|controller=Shop|url=http://localhost/Shop/MyOrders|user=
2026-04-06 23:50:32.2200|INFO|ServicePlatform.Controllers.ShopController|User fcbd2157-c414-4143-bc5a-8e6edcc11d44 viewing orders|action=MyOrders|controller=Shop|url=http://localhost/Shop/MyOrders|user=user@serviceplatform.com
2026-04-06 23:50:32.3365|INFO|ServicePlatform.Middleware.RequestLoggingMiddleware|HTTP GET /Shop/MyOrders responded 200 in 146.8ms|action=MyOrders|controller=Shop|url=http://localhost/Shop/MyOrders|user=user@serviceplatform.com
2026-04-06 23:50:32.3598|INFO|ServicePlatform.Middleware.RequestLoggingMiddleware|HTTP GET /hubs/notification responded 101 in 4851.3ms|action=|controller=|url=http://localhost/hubs/notification|user=user@serviceplatform.com
2026-04-06 23:50:32.4473|INFO|ServicePlatform.Middleware.RequestLoggingMiddleware|HTTP POST /hubs/notification/negotiate started at 18:20:32.447 by Anonymous|action=|controller=|url=http://localhost/hubs/notification/negotiate|user=
2026-04-06 23:50:32.4473|INFO|ServicePlatform.Middleware.RequestLoggingMiddleware|HTTP GET /Notification/GetNotifications started at 18:20:32.448 by Anonymous|action=GetNotifications|controller=Notification|url=http://localhost/Notification/GetNotifications|user=
2026-04-06 23:50:32.4473|INFO|ServicePlatform.Middleware.RequestLoggingMiddleware|HTTP POST /hubs/notification/negotiate responded 200 in 2.0ms|action=|controller=|url=http://localhost/hubs/notification/negotiate|user=user@serviceplatform.com
2026-04-06 23:50:32.4562|INFO|ServicePlatform.Controllers.NotificationController|User fcbd2157-c414-4143-bc5a-8e6edcc11d44 fetched notifications (unread: 1)|action=GetNotifications|controller=Notification|url=http://localhost/Notification/GetNotifications|user=user@serviceplatform.com
2026-04-06 23:50:32.4562|INFO|ServicePlatform.Middleware.RequestLoggingMiddleware|HTTP GET /Notification/GetNotifications responded 200 in 8.6ms|action=GetNotifications|controller=Notification|url=http://localhost/Notification/GetNotifications|user=user@serviceplatform.com
2026-04-06 23:50:32.4891|INFO|ServicePlatform.Middleware.RequestLoggingMiddleware|HTTP GET /hubs/notification started at 18:20:32.489 by Anonymous|action=|controller=|url=http://localhost/hubs/notification|user=
2026-04-06 23:50:33.8601|INFO|ServicePlatform.Middleware.RequestLoggingMiddleware|HTTP GET /Shop/Cart started at 18:20:33.860 by Anonymous|action=Cart|controller=Shop|url=http://localhost/Shop/Cart|user=
2026-04-06 23:50:33.8601|INFO|ServicePlatform.Controllers.ShopController|User fcbd2157-c414-4143-bc5a-8e6edcc11d44 viewing cart|action=Cart|controller=Shop|url=http://localhost/Shop/Cart|user=user@serviceplatform.com
2026-04-06 23:50:33.9029|INFO|ServicePlatform.Middleware.RequestLoggingMiddleware|HTTP GET /Shop/Cart responded 200 in 42.8ms|action=Cart|controller=Shop|url=http://localhost/Shop/Cart|user=user@serviceplatform.com
2026-04-06 23:50:33.9029|INFO|ServicePlatform.Middleware.RequestLoggingMiddleware|HTTP GET /hubs/notification responded 101 in 1426.1ms|action=|controller=|url=http://localhost/hubs/notification|user=user@serviceplatform.com
2026-04-06 23:50:33.9874|INFO|ServicePlatform.Middleware.RequestLoggingMiddleware|HTTP POST /hubs/notification/negotiate started at 18:20:33.987 by Anonymous|action=|controller=|url=http://localhost/hubs/notification/negotiate|user=
2026-04-06 23:50:33.9874|INFO|ServicePlatform.Middleware.RequestLoggingMiddleware|HTTP POST /hubs/notification/negotiate responded 200 in 1.4ms|action=|controller=|url=http://localhost/hubs/notification/negotiate|user=user@serviceplatform.com
2026-04-06 23:50:33.9874|INFO|ServicePlatform.Middleware.RequestLoggingMiddleware|HTTP GET /Notification/GetNotifications started at 18:20:33.989 by Anonymous|action=GetNotifications|controller=Notification|url=http://localhost/Notification/GetNotifications|user=
2026-04-06 23:50:33.9969|INFO|ServicePlatform.Controllers.NotificationController|User fcbd2157-c414-4143-bc5a-8e6edcc11d44 fetched notifications (unread: 1)|action=GetNotifications|controller=Notification|url=http://localhost/Notification/GetNotifications|user=user@serviceplatform.com
2026-04-06 23:50:33.9969|INFO|ServicePlatform.Middleware.RequestLoggingMiddleware|HTTP GET /Notification/GetNotifications responded 200 in 8.3ms|action=GetNotifications|controller=Notification|url=http://localhost/Notification/GetNotifications|user=user@serviceplatform.com
2026-04-06 23:50:34.0333|INFO|ServicePlatform.Middleware.RequestLoggingMiddleware|HTTP GET /hubs/notification started at 18:20:34.033 by Anonymous|action=|controller=|url=http://localhost/hubs/notification|user=
2026-04-06 23:50:37.3139|INFO|ServicePlatform.Middleware.RequestLoggingMiddleware|HTTP GET /Shop/Checkout started at 18:20:37.313 by Anonymous|action=Checkout|controller=Shop|url=http://localhost/Shop/Checkout|user=
2026-04-06 23:50:37.3366|INFO|ServicePlatform.Controllers.ShopController|User fcbd2157-c414-4143-bc5a-8e6edcc11d44 accessing checkout|action=Checkout|controller=Shop|url=http://localhost/Shop/Checkout|user=user@serviceplatform.com
2026-04-06 23:50:37.3875|INFO|ServicePlatform.Middleware.RequestLoggingMiddleware|HTTP GET /Shop/Checkout responded 200 in 73.6ms|action=Checkout|controller=Shop|url=http://localhost/Shop/Checkout|user=user@serviceplatform.com
2026-04-06 23:50:37.4038|INFO|ServicePlatform.Middleware.RequestLoggingMiddleware|HTTP GET /hubs/notification responded 101 in 3370.6ms|action=|controller=|url=http://localhost/hubs/notification|user=user@serviceplatform.com
2026-04-06 23:50:37.4892|INFO|ServicePlatform.Middleware.RequestLoggingMiddleware|HTTP POST /hubs/notification/negotiate started at 18:20:37.489 by Anonymous|action=|controller=|url=http://localhost/hubs/notification/negotiate|user=
2026-04-06 23:50:37.4892|INFO|ServicePlatform.Middleware.RequestLoggingMiddleware|HTTP POST /hubs/notification/negotiate responded 200 in 1.7ms|action=|controller=|url=http://localhost/hubs/notification/negotiate|user=user@serviceplatform.com
2026-04-06 23:50:37.4892|INFO|ServicePlatform.Middleware.RequestLoggingMiddleware|HTTP GET /Notification/GetNotifications started at 18:20:37.491 by Anonymous|action=GetNotifications|controller=Notification|url=http://localhost/Notification/GetNotifications|user=
2026-04-06 23:50:37.4994|INFO|ServicePlatform.Controllers.NotificationController|User fcbd2157-c414-4143-bc5a-8e6edcc11d44 fetched notifications (unread: 1)|action=GetNotifications|controller=Notification|url=http://localhost/Notification/GetNotifications|user=user@serviceplatform.com
2026-04-06 23:50:37.4994|INFO|ServicePlatform.Middleware.RequestLoggingMiddleware|HTTP GET /Notification/GetNotifications responded 200 in 8.8ms|action=GetNotifications|controller=Notification|url=http://localhost/Notification/GetNotifications|user=user@serviceplatform.com
2026-04-06 23:50:37.5390|INFO|ServicePlatform.Middleware.RequestLoggingMiddleware|HTTP GET /hubs/notification started at 18:20:37.539 by Anonymous|action=|controller=|url=http://localhost/hubs/notification|user=
2026-04-06 23:50:57.9855|INFO|ServicePlatform.Middleware.RequestLoggingMiddleware|HTTP POST /Shop/PlaceOrder started at 18:20:57.985 by Anonymous|action=PlaceOrder|controller=Shop|url=http://localhost/Shop/PlaceOrder|user=
2026-04-06 23:50:58.0267|INFO|ServicePlatform.Controllers.ShopController|User fcbd2157-c414-4143-bc5a-8e6edcc11d44 placing order|action=PlaceOrder|controller=Shop|url=http://localhost/Shop/PlaceOrder|user=user@serviceplatform.com
2026-04-06 23:50:58.3499|INFO|ServicePlatform.Controllers.ShopController|Order 5 created with payment 5 for fcbd2157-c414-4143-bc5a-8e6edcc11d44|action=PlaceOrder|controller=Shop|url=http://localhost/Shop/PlaceOrder|user=user@serviceplatform.com
2026-04-06 23:50:58.3499|INFO|ServicePlatform.Middleware.RequestLoggingMiddleware|HTTP POST /Shop/PlaceOrder responded 302 in 369.2ms|action=PlaceOrder|controller=Shop|url=http://localhost/Shop/PlaceOrder|user=user@serviceplatform.com
2026-04-06 23:50:58.3638|INFO|ServicePlatform.Middleware.RequestLoggingMiddleware|HTTP GET /Shop/ProcessPayment started at 18:20:58.363 by Anonymous|action=ProcessPayment|controller=Shop|url=http://localhost/Shop/ProcessPayment|user=
2026-04-06 23:50:58.4677|INFO|ServicePlatform.Controllers.ShopController|User fcbd2157-c414-4143-bc5a-8e6edcc11d44 processing payment 5|action=ProcessPayment|controller=Shop|url=http://localhost/Shop/ProcessPayment|user=user@serviceplatform.com
2026-04-06 23:50:58.4896|INFO|ServicePlatform.Middleware.RequestLoggingMiddleware|HTTP GET /Shop/ProcessPayment responded 200 in 125.9ms|action=ProcessPayment|controller=Shop|url=http://localhost/Shop/ProcessPayment|user=user@serviceplatform.com
2026-04-06 23:50:58.5008|INFO|ServicePlatform.Middleware.RequestLoggingMiddleware|HTTP GET /hubs/notification responded 101 in 20961.7ms|action=|controller=|url=http://localhost/hubs/notification|user=user@serviceplatform.com
2026-04-06 23:50:58.5845|INFO|ServicePlatform.Middleware.RequestLoggingMiddleware|HTTP POST /hubs/notification/negotiate started at 18:20:58.584 by Anonymous|action=|controller=|url=http://localhost/hubs/notification/negotiate|user=
2026-04-06 23:50:58.5845|INFO|ServicePlatform.Middleware.RequestLoggingMiddleware|HTTP POST /hubs/notification/negotiate responded 200 in 1.6ms|action=|controller=|url=http://localhost/hubs/notification/negotiate|user=user@serviceplatform.com
2026-04-06 23:50:58.5845|INFO|ServicePlatform.Middleware.RequestLoggingMiddleware|HTTP GET /Notification/GetNotifications started at 18:20:58.586 by Anonymous|action=GetNotifications|controller=Notification|url=http://localhost/Notification/GetNotifications|user=
2026-04-06 23:50:58.5917|INFO|ServicePlatform.Controllers.NotificationController|User fcbd2157-c414-4143-bc5a-8e6edcc11d44 fetched notifications (unread: 1)|action=GetNotifications|controller=Notification|url=http://localhost/Notification/GetNotifications|user=user@serviceplatform.com
2026-04-06 23:50:58.5917|INFO|ServicePlatform.Middleware.RequestLoggingMiddleware|HTTP GET /Notification/GetNotifications responded 200 in 6.2ms|action=GetNotifications|controller=Notification|url=http://localhost/Notification/GetNotifications|user=user@serviceplatform.com
2026-04-06 23:50:58.6330|INFO|ServicePlatform.Middleware.RequestLoggingMiddleware|HTTP GET /hubs/notification started at 18:20:58.633 by Anonymous|action=|controller=|url=http://localhost/hubs/notification|user=
2026-04-06 23:51:05.1991|INFO|ServicePlatform.Middleware.RequestLoggingMiddleware|HTTP POST /Shop/CompletePayment started at 18:21:05.199 by Anonymous|action=CompletePayment|controller=Shop|url=http://localhost/Shop/CompletePayment|user=
2026-04-06 23:51:05.2253|INFO|ServicePlatform.Controllers.ShopController|User fcbd2157-c414-4143-bc5a-8e6edcc11d44 completing payment 5 with txn TXN_06F33A4F-883|action=CompletePayment|controller=Shop|url=http://localhost/Shop/CompletePayment|user=user@serviceplatform.com
2026-04-06 23:51:05.3132|INFO|ServicePlatform.Middleware.RequestLoggingMiddleware|HTTP POST /Shop/CompletePayment responded 302 in 114.0ms|action=CompletePayment|controller=Shop|url=http://localhost/Shop/CompletePayment|user=user@serviceplatform.com
2026-04-06 23:51:05.3132|INFO|ServicePlatform.Middleware.RequestLoggingMiddleware|HTTP GET /Shop/OrderConfirmation started at 18:21:05.322 by Anonymous|action=OrderConfirmation|controller=Shop|url=http://localhost/Shop/OrderConfirmation|user=
2026-04-06 23:51:05.3132|INFO|ServicePlatform.Middleware.RequestLoggingMiddleware|HTTP GET /Notification/GetNotifications started at 18:21:05.323 by Anonymous|action=GetNotifications|controller=Notification|url=http://localhost/Notification/GetNotifications|user=
2026-04-06 23:51:05.3305|INFO|ServicePlatform.Controllers.NotificationController|User fcbd2157-c414-4143-bc5a-8e6edcc11d44 fetched notifications (unread: 2)|action=GetNotifications|controller=Notification|url=http://localhost/Notification/GetNotifications|user=user@serviceplatform.com
2026-04-06 23:51:05.3305|INFO|ServicePlatform.Middleware.RequestLoggingMiddleware|HTTP GET /Notification/GetNotifications responded 200 in 10.1ms|action=GetNotifications|controller=Notification|url=http://localhost/Notification/GetNotifications|user=user@serviceplatform.com
2026-04-06 23:51:05.3471|INFO|ServicePlatform.Controllers.ShopController|User fcbd2157-c414-4143-bc5a-8e6edcc11d44 viewing order confirmation for payment 5|action=OrderConfirmation|controller=Shop|url=http://localhost/Shop/OrderConfirmation|user=user@serviceplatform.com
2026-04-06 23:51:05.3710|INFO|ServicePlatform.Middleware.RequestLoggingMiddleware|HTTP GET /Shop/OrderConfirmation responded 200 in 48.9ms|action=OrderConfirmation|controller=Shop|url=http://localhost/Shop/OrderConfirmation|user=user@serviceplatform.com
2026-04-06 23:51:05.3841|INFO|ServicePlatform.Middleware.RequestLoggingMiddleware|HTTP GET /hubs/notification responded 101 in 6751.1ms|action=|controller=|url=http://localhost/hubs/notification|user=user@serviceplatform.com
2026-04-06 23:51:05.4672|INFO|ServicePlatform.Middleware.RequestLoggingMiddleware|HTTP POST /hubs/notification/negotiate started at 18:21:05.467 by Anonymous|action=|controller=|url=http://localhost/hubs/notification/negotiate|user=
2026-04-06 23:51:05.4672|INFO|ServicePlatform.Middleware.RequestLoggingMiddleware|HTTP POST /hubs/notification/negotiate responded 200 in 1.8ms|action=|controller=|url=http://localhost/hubs/notification/negotiate|user=user@serviceplatform.com
2026-04-06 23:51:05.4672|INFO|ServicePlatform.Middleware.RequestLoggingMiddleware|HTTP GET /Notification/GetNotifications started at 18:21:05.469 by Anonymous|action=GetNotifications|controller=Notification|url=http://localhost/Notification/GetNotifications|user=
2026-04-06 23:51:05.4672|INFO|ServicePlatform.Controllers.NotificationController|User fcbd2157-c414-4143-bc5a-8e6edcc11d44 fetched notifications (unread: 2)|action=GetNotifications|controller=Notification|url=http://localhost/Notification/GetNotifications|user=user@serviceplatform.com
2026-04-06 23:51:05.4672|INFO|ServicePlatform.Middleware.RequestLoggingMiddleware|HTTP GET /Notification/GetNotifications responded 200 in 6.2ms|action=GetNotifications|controller=Notification|url=http://localhost/Notification/GetNotifications|user=user@serviceplatform.com
2026-04-06 23:51:05.5124|INFO|ServicePlatform.Middleware.RequestLoggingMiddleware|HTTP GET /hubs/notification started at 18:21:05.512 by Anonymous|action=|controller=|url=http://localhost/hubs/notification|user=
2026-04-06 23:51:09.2003|INFO|ServicePlatform.Middleware.RequestLoggingMiddleware|HTTP GET /Shop started at 18:21:09.200 by Anonymous|action=Index|controller=Shop|url=http://localhost/Shop|user=
2026-04-06 23:51:09.2705|INFO|ServicePlatform.Controllers.ShopController|Shop catalog accessed — Search: (null), Category: (null), Page: 1|action=Index|controller=Shop|url=http://localhost/Shop|user=user@serviceplatform.com
2026-04-06 23:51:09.2866|INFO|ServicePlatform.Middleware.RequestLoggingMiddleware|HTTP GET /Shop responded 200 in 86.3ms|action=Index|controller=Shop|url=http://localhost/Shop|user=user@serviceplatform.com
2026-04-06 23:51:09.3011|INFO|ServicePlatform.Middleware.RequestLoggingMiddleware|HTTP GET /hubs/notification responded 101 in 3788.8ms|action=|controller=|url=http://localhost/hubs/notification|user=user@serviceplatform.com
2026-04-06 23:51:09.3329|INFO|ServicePlatform.Middleware.RequestLoggingMiddleware|HTTP GET /images/products/cleaningkit.jpg started at 18:21:09.332 by Anonymous|action=|controller=|url=http://localhost/images/products/cleaningkit.jpg|user=
2026-04-06 23:51:09.3329|INFO|ServicePlatform.Middleware.RequestLoggingMiddleware|HTTP GET /images/products/stabilizer.jpg started at 18:21:09.332 by Anonymous|action=|controller=|url=http://localhost/images/products/stabilizer.jpg|user=
2026-04-06 23:51:09.3329|INFO|ServicePlatform.Middleware.RequestLoggingMiddleware|HTTP GET /images/products/stabilizer.jpg responded 404 in 1.3ms|action=|controller=|url=http://localhost/images/products/stabilizer.jpg|user=user@serviceplatform.com
2026-04-06 23:51:09.3329|INFO|ServicePlatform.Middleware.RequestLoggingMiddleware|HTTP GET /images/products/cleaningkit.jpg responded 404 in 1.3ms|action=|controller=|url=http://localhost/images/products/cleaningkit.jpg|user=user@serviceplatform.com
2026-04-06 23:51:09.3703|INFO|ServicePlatform.Middleware.RequestLoggingMiddleware|HTTP GET /images/products/drill.jpg started at 18:21:09.370 by Anonymous|action=|controller=|url=http://localhost/images/products/drill.jpg|user=
2026-04-06 23:51:09.3703|INFO|ServicePlatform.Middleware.RequestLoggingMiddleware|HTTP GET /images/products/drill.jpg responded 404 in 1.1ms|action=|controller=|url=http://localhost/images/products/drill.jpg|user=user@serviceplatform.com
2026-04-06 23:51:09.3833|INFO|ServicePlatform.Middleware.RequestLoggingMiddleware|HTTP GET /images/products/toolkit.jpg started at 18:21:09.383 by Anonymous|action=|controller=|url=http://localhost/images/products/toolkit.jpg|user=
2026-04-06 23:51:09.3833|INFO|ServicePlatform.Middleware.RequestLoggingMiddleware|HTTP GET /images/products/toolkit.jpg responded 404 in 1.5ms|action=|controller=|url=http://localhost/images/products/toolkit.jpg|user=user@serviceplatform.com
2026-04-06 23:51:09.3833|INFO|ServicePlatform.Middleware.RequestLoggingMiddleware|HTTP GET /images/products/speaker.jpg started at 18:21:09.385 by Anonymous|action=|controller=|url=http://localhost/images/products/speaker.jpg|user=
2026-04-06 23:51:09.3833|INFO|ServicePlatform.Middleware.RequestLoggingMiddleware|HTTP GET /images/products/speaker.jpg responded 404 in 1.7ms|action=|controller=|url=http://localhost/images/products/speaker.jpg|user=user@serviceplatform.com
2026-04-06 23:51:09.4391|INFO|ServicePlatform.Middleware.RequestLoggingMiddleware|HTTP POST /hubs/notification/negotiate started at 18:21:09.439 by Anonymous|action=|controller=|url=http://localhost/hubs/notification/negotiate|user=
2026-04-06 23:51:09.4391|INFO|ServicePlatform.Middleware.RequestLoggingMiddleware|HTTP POST /hubs/notification/negotiate responded 200 in 1.5ms|action=|controller=|url=http://localhost/hubs/notification/negotiate|user=user@serviceplatform.com
2026-04-06 23:51:09.4391|INFO|ServicePlatform.Middleware.RequestLoggingMiddleware|HTTP GET /Notification/GetNotifications started at 18:21:09.441 by Anonymous|action=GetNotifications|controller=Notification|url=http://localhost/Notification/GetNotifications|user=
2026-04-06 23:51:09.4391|INFO|ServicePlatform.Controllers.NotificationController|User fcbd2157-c414-4143-bc5a-8e6edcc11d44 fetched notifications (unread: 2)|action=GetNotifications|controller=Notification|url=http://localhost/Notification/GetNotifications|user=user@serviceplatform.com
2026-04-06 23:51:09.4391|INFO|ServicePlatform.Middleware.RequestLoggingMiddleware|HTTP GET /Notification/GetNotifications responded 200 in 7.6ms|action=GetNotifications|controller=Notification|url=http://localhost/Notification/GetNotifications|user=user@serviceplatform.com
2026-04-06 23:51:09.4855|INFO|ServicePlatform.Middleware.RequestLoggingMiddleware|HTTP GET /hubs/notification started at 18:21:09.485 by Anonymous|action=|controller=|url=http://localhost/hubs/notification|user=
2026-04-06 23:51:11.5279|INFO|ServicePlatform.Middleware.RequestLoggingMiddleware|HTTP GET /Shop/MyOrders started at 18:21:11.527 by Anonymous|action=MyOrders|controller=Shop|url=http://localhost/Shop/MyOrders|user=
2026-04-06 23:51:11.5279|INFO|ServicePlatform.Controllers.ShopController|User fcbd2157-c414-4143-bc5a-8e6edcc11d44 viewing orders|action=MyOrders|controller=Shop|url=http://localhost/Shop/MyOrders|user=user@serviceplatform.com
2026-04-06 23:51:11.5279|INFO|ServicePlatform.Middleware.RequestLoggingMiddleware|HTTP GET /Shop/MyOrders responded 200 in 13.9ms|action=MyOrders|controller=Shop|url=http://localhost/Shop/MyOrders|user=user@serviceplatform.com
2026-04-06 23:51:11.5559|INFO|ServicePlatform.Middleware.RequestLoggingMiddleware|HTTP GET /hubs/notification responded 101 in 2070.4ms|action=|controller=|url=http://localhost/hubs/notification|user=user@serviceplatform.com
2026-04-06 23:51:11.6458|INFO|ServicePlatform.Middleware.RequestLoggingMiddleware|HTTP POST /hubs/notification/negotiate started at 18:21:11.645 by Anonymous|action=|controller=|url=http://localhost/hubs/notification/negotiate|user=
2026-04-06 23:51:11.6458|INFO|ServicePlatform.Middleware.RequestLoggingMiddleware|HTTP POST /hubs/notification/negotiate responded 200 in 1.9ms|action=|controller=|url=http://localhost/hubs/notification/negotiate|user=user@serviceplatform.com
2026-04-06 23:51:11.6458|INFO|ServicePlatform.Middleware.RequestLoggingMiddleware|HTTP GET /Notification/GetNotifications started at 18:21:11.650 by Anonymous|action=GetNotifications|controller=Notification|url=http://localhost/Notification/GetNotifications|user=
2026-04-06 23:51:11.6577|INFO|ServicePlatform.Controllers.NotificationController|User fcbd2157-c414-4143-bc5a-8e6edcc11d44 fetched notifications (unread: 2)|action=GetNotifications|controller=Notification|url=http://localhost/Notification/GetNotifications|user=user@serviceplatform.com
2026-04-06 23:51:11.6577|INFO|ServicePlatform.Middleware.RequestLoggingMiddleware|HTTP GET /Notification/GetNotifications responded 200 in 8.0ms|action=GetNotifications|controller=Notification|url=http://localhost/Notification/GetNotifications|user=user@serviceplatform.com
2026-04-06 23:51:11.6991|INFO|ServicePlatform.Middleware.RequestLoggingMiddleware|HTTP GET /hubs/notification started at 18:21:11.699 by Anonymous|action=|controller=|url=http://localhost/hubs/notification|user=
2026-04-06 23:51:23.9824|INFO|ServicePlatform.Middleware.RequestLoggingMiddleware|HTTP GET /UserDashboard/Policy started at 18:21:23.982 by Anonymous|action=Policy|controller=UserDashboard|url=http://localhost/UserDashboard/Policy|user=
2026-04-06 23:51:24.0223|INFO|ServicePlatform.Middleware.RequestLoggingMiddleware|HTTP GET /UserDashboard/Policy responded 200 in 40.0ms|action=Policy|controller=UserDashboard|url=http://localhost/UserDashboard/Policy|user=user@serviceplatform.com
2026-04-06 23:51:24.0418|INFO|ServicePlatform.Middleware.RequestLoggingMiddleware|HTTP GET /hubs/notification responded 101 in 12342.7ms|action=|controller=|url=http://localhost/hubs/notification|user=user@serviceplatform.com
2026-04-06 23:51:24.1574|INFO|ServicePlatform.Middleware.RequestLoggingMiddleware|HTTP POST /hubs/notification/negotiate started at 18:21:24.157 by Anonymous|action=|controller=|url=http://localhost/hubs/notification/negotiate|user=
2026-04-06 23:51:24.1574|INFO|ServicePlatform.Middleware.RequestLoggingMiddleware|HTTP POST /hubs/notification/negotiate responded 200 in 2.0ms|action=|controller=|url=http://localhost/hubs/notification/negotiate|user=user@serviceplatform.com
2026-04-06 23:51:24.1574|INFO|ServicePlatform.Middleware.RequestLoggingMiddleware|HTTP GET /Notification/GetNotifications started at 18:21:24.159 by Anonymous|action=GetNotifications|controller=Notification|url=http://localhost/Notification/GetNotifications|user=
2026-04-06 23:51:24.1683|INFO|ServicePlatform.Controllers.NotificationController|User fcbd2157-c414-4143-bc5a-8e6edcc11d44 fetched notifications (unread: 2)|action=GetNotifications|controller=Notification|url=http://localhost/Notification/GetNotifications|user=user@serviceplatform.com
2026-04-06 23:51:24.1683|INFO|ServicePlatform.Middleware.RequestLoggingMiddleware|HTTP GET /Notification/GetNotifications responded 200 in 9.6ms|action=GetNotifications|controller=Notification|url=http://localhost/Notification/GetNotifications|user=user@serviceplatform.com
2026-04-06 23:51:24.2107|INFO|ServicePlatform.Middleware.RequestLoggingMiddleware|HTTP GET /hubs/notification started at 18:21:24.210 by Anonymous|action=|controller=|url=http://localhost/hubs/notification|user=
