2026-03-29 01:32:46.4591|GET|http://localhost/|200||Home|Index|HTTP GET / started at 20:02:46.440 by Anonymous
2026-03-29 01:32:46.6315|GET|http://localhost/|200||Home|Index|HTTP GET / responded 200 in 188.9ms
2026-03-29 01:32:49.8552|GET|http://localhost/Account/Register|200||Account|Register|HTTP GET /Account/Register started at 20:02:49.855 by Anonymous
2026-03-29 01:32:50.0579|GET|http://localhost/Account/Register|200||Account|Register|HTTP GET /Account/Register responded 200 in 202.7ms
2026-03-29 01:32:54.8956|GET|http://localhost/Account/ForgotPassword|200||Account|ForgotPassword|HTTP GET /Account/ForgotPassword started at 20:02:54.895 by Anonymous
2026-03-29 01:32:54.9278|GET|http://localhost/Account/ForgotPassword|200||Account|ForgotPassword|HTTP GET /Account/ForgotPassword responded 200 in 32.3ms
2026-03-29 01:33:18.9466|POST|http://localhost/Account/Register|200||Account|Register|HTTP POST /Account/Register started at 20:03:18.946 by Anonymous
2026-03-29 01:33:19.2699|POST|http://localhost/Account/Register|200||Account|Register|HTTP POST /Account/Register responded 200 in 323.2ms
2026-03-29 01:33:49.0200|POST|http://localhost/Account/Register|200||Account|Register|HTTP POST /Account/Register started at 20:03:49.019 by Anonymous
2026-03-29 01:33:49.1692|POST|http://localhost/Account/Register|200||Account|Register|HTTP POST /Account/Register responded 200 in 149.3ms
2026-03-29 01:34:46.3287|POST|http://localhost/Account/Register|200||Account|Register|HTTP POST /Account/Register started at 20:04:46.328 by Anonymous
2026-03-29 01:34:46.8394|POST|http://localhost/Account/Register|302|pihudebrani@gmail.com|Account|Register|HTTP POST /Account/Register responded 302 in 510.7ms
2026-03-29 01:34:46.8394|GET|http://localhost/UserDashboard|200||UserDashboard|Index|HTTP GET /UserDashboard started at 20:04:46.845 by Anonymous
2026-03-29 01:34:47.1539|GET|http://localhost/UserDashboard|302|pihudebrani@gmail.com|UserDashboard|Index|HTTP GET /UserDashboard responded 302 in 308.0ms
2026-03-29 01:34:47.1539|GET|http://localhost/Home/Error|200||Home|Error|HTTP GET /Home/Error started at 20:04:47.159 by Anonymous
2026-03-29 01:34:47.1656|GET|http://localhost/Home/Error|200|pihudebrani@gmail.com|Home|Error|HTTP GET /Home/Error responded 200 in 16.4ms
2026-03-29 01:35:09.9229|GET|http://localhost/|200||Home|Index|HTTP GET / started at 20:05:09.922 by Anonymous
2026-03-29 01:35:09.9275|GET|http://localhost/|302|pihudebrani@gmail.com|Home|Index|HTTP GET / responded 302 in 4.7ms
2026-03-29 01:35:09.9275|GET|http://localhost/UserDashboard|200||UserDashboard|Index|HTTP GET /UserDashboard started at 20:05:09.934 by Anonymous
2026-03-29 01:35:09.9922|GET|http://localhost/UserDashboard|302|pihudebrani@gmail.com|UserDashboard|Index|HTTP GET /UserDashboard responded 302 in 60.8ms
2026-03-29 01:35:09.9922|GET|http://localhost/Home/Error|200||Home|Error|HTTP GET /Home/Error started at 20:05:10.002 by Anonymous
2026-03-29 01:35:10.0057|GET|http://localhost/Home/Error|200|pihudebrani@gmail.com|Home|Error|HTTP GET /Home/Error responded 200 in 3.2ms
2026-03-29 01:35:11.8205|GET|http://localhost/|200||Home|Index|HTTP GET / started at 20:05:11.820 by Anonymous
2026-03-29 01:35:11.8205|GET|http://localhost/|302|pihudebrani@gmail.com|Home|Index|HTTP GET / responded 302 in 1.8ms
2026-03-29 01:35:11.8205|GET|http://localhost/UserDashboard|200||UserDashboard|Index|HTTP GET /UserDashboard started at 20:05:11.828 by Anonymous
2026-03-29 01:35:11.8507|GET|http://localhost/UserDashboard|302|pihudebrani@gmail.com|UserDashboard|Index|HTTP GET /UserDashboard responded 302 in 36.0ms
2026-03-29 01:35:11.8707|GET|http://localhost/Home/Error|200||Home|Error|HTTP GET /Home/Error started at 20:05:11.870 by Anonymous
2026-03-29 01:35:11.8707|GET|http://localhost/Home/Error|200|pihudebrani@gmail.com|Home|Error|HTTP GET /Home/Error responded 200 in 2.9ms
2026-03-29 01:35:23.7966|GET|http://localhost/|200||Home|Index|HTTP GET / started at 20:05:23.796 by Anonymous
2026-03-29 01:35:23.7966|GET|http://localhost/|302|pihudebrani@gmail.com|Home|Index|HTTP GET / responded 302 in 3.4ms
2026-03-29 01:35:23.8333|GET|http://localhost/UserDashboard|200||UserDashboard|Index|HTTP GET /UserDashboard started at 20:05:23.833 by Anonymous
2026-03-29 01:35:23.8991|GET|http://localhost/UserDashboard|302|pihudebrani@gmail.com|UserDashboard|Index|HTTP GET /UserDashboard responded 302 in 70.0ms
2026-03-29 01:35:23.9123|GET|http://localhost/Home/Error|200||Home|Error|HTTP GET /Home/Error started at 20:05:23.912 by Anonymous
2026-03-29 01:35:23.9123|GET|http://localhost/Home/Error|200|pihudebrani@gmail.com|Home|Error|HTTP GET /Home/Error responded 200 in 2.4ms
2026-03-29 01:35:26.6212|GET|http://localhost/|200||Home|Index|HTTP GET / started at 20:05:26.621 by Anonymous
2026-03-29 01:35:26.6212|GET|http://localhost/|302|pihudebrani@gmail.com|Home|Index|HTTP GET / responded 302 in 1.6ms
2026-03-29 01:35:26.6212|GET|http://localhost/UserDashboard|200||UserDashboard|Index|HTTP GET /UserDashboard started at 20:05:26.629 by Anonymous
2026-03-29 01:35:26.6469|GET|http://localhost/UserDashboard|302|pihudebrani@gmail.com|UserDashboard|Index|HTTP GET /UserDashboard responded 302 in 25.2ms
2026-03-29 01:35:26.6469|GET|http://localhost/Home/Error|200||Home|Error|HTTP GET /Home/Error started at 20:05:26.660 by Anonymous
2026-03-29 01:35:26.6469|GET|http://localhost/Home/Error|200|pihudebrani@gmail.com|Home|Error|HTTP GET /Home/Error responded 200 in 1.4ms
2026-03-29 02:31:02.3826|GET|http://localhost/|200||Home|Index|HTTP GET / started at 21:01:02.359 by Anonymous
2026-03-29 02:31:03.1816|GET|http://localhost/|302|pihudebrani@gmail.com|Home|Index|HTTP GET / responded 302 in 821.7ms
2026-03-29 02:31:03.2237|GET|http://localhost/UserDashboard|200||UserDashboard|Index|HTTP GET /UserDashboard started at 21:01:03.223 by Anonymous
2026-03-29 02:31:04.2718|GET|http://localhost/UserDashboard|200|pihudebrani@gmail.com|UserDashboard|Index|HTTP GET /UserDashboard responded 200 in 1048.1ms
2026-03-29 02:31:05.8728|GET|http://localhost/Notification/GetNotifications|200||Notification|GetNotifications|HTTP GET /Notification/GetNotifications started at 21:01:05.872 by Anonymous
2026-03-29 02:31:05.8728|POST|http://localhost/hubs/notification/negotiate|200||||HTTP POST /hubs/notification/negotiate started at 21:01:05.872 by Anonymous
2026-03-29 02:31:05.9318|POST|http://localhost/hubs/notification/negotiate|200|pihudebrani@gmail.com|||HTTP POST /hubs/notification/negotiate responded 200 in 58.9ms
2026-03-29 02:31:05.9318|GET|http://localhost/hubs/notification|200||||HTTP GET /hubs/notification started at 21:01:05.939 by Anonymous
2026-03-29 02:31:06.1380|GET|http://localhost/Notification/GetNotifications|200|pihudebrani@gmail.com|Notification|GetNotifications|HTTP GET /Notification/GetNotifications responded 200 in 265.3ms
2026-03-29 02:31:13.6504|GET|http://localhost/UserDashboard/CreateRequest|200||UserDashboard|CreateRequest|HTTP GET /UserDashboard/CreateRequest started at 21:01:13.650 by Anonymous
2026-03-29 02:31:13.8255|GET|http://localhost/UserDashboard/CreateRequest|200|pihudebrani@gmail.com|UserDashboard|CreateRequest|HTTP GET /UserDashboard/CreateRequest responded 200 in 175.2ms
2026-03-29 02:31:13.8525|GET|http://localhost/hubs/notification|101|pihudebrani@gmail.com|||HTTP GET /hubs/notification responded 101 in 7913.3ms
2026-03-29 02:31:13.8831|POST|http://localhost/hubs/notification/negotiate|200||||HTTP POST /hubs/notification/negotiate started at 21:01:13.883 by Anonymous
2026-03-29 02:31:13.8831|POST|http://localhost/hubs/notification/negotiate|200|pihudebrani@gmail.com|||HTTP POST /hubs/notification/negotiate responded 200 in 2.6ms
2026-03-29 02:31:13.8831|GET|http://localhost/Notification/GetNotifications|200||Notification|GetNotifications|HTTP GET /Notification/GetNotifications started at 21:01:13.886 by Anonymous
2026-03-29 02:31:13.9003|GET|http://localhost/Notification/GetNotifications|200|pihudebrani@gmail.com|Notification|GetNotifications|HTTP GET /Notification/GetNotifications responded 200 in 15.5ms
2026-03-29 02:31:13.9745|GET|http://localhost/hubs/notification|200||||HTTP GET /hubs/notification started at 21:01:13.974 by Anonymous
2026-03-29 02:31:19.5654|GET|http://localhost/UserDashboard|200||UserDashboard|Index|HTTP GET /UserDashboard started at 21:01:19.565 by Anonymous
2026-03-29 02:31:19.6651|GET|http://localhost/UserDashboard|200|pihudebrani@gmail.com|UserDashboard|Index|HTTP GET /UserDashboard responded 200 in 99.8ms
2026-03-29 02:31:19.6841|GET|http://localhost/hubs/notification|101|pihudebrani@gmail.com|||HTTP GET /hubs/notification responded 101 in 5709.6ms
2026-03-29 02:31:19.7195|POST|http://localhost/hubs/notification/negotiate|200||||HTTP POST /hubs/notification/negotiate started at 21:01:19.719 by Anonymous
2026-03-29 02:31:19.7195|POST|http://localhost/hubs/notification/negotiate|200|pihudebrani@gmail.com|||HTTP POST /hubs/notification/negotiate responded 200 in 2.7ms
2026-03-29 02:31:19.8034|GET|http://localhost/hubs/notification|200||||HTTP GET /hubs/notification started at 21:01:19.803 by Anonymous
2026-03-29 02:31:21.2982|GET|http://localhost/UserDashboard/BookAppointment|200||UserDashboard|BookAppointment|HTTP GET /UserDashboard/BookAppointment started at 21:01:21.298 by Anonymous
2026-03-29 02:31:21.3825|GET|http://localhost/UserDashboard/BookAppointment|200|pihudebrani@gmail.com|UserDashboard|BookAppointment|HTTP GET /UserDashboard/BookAppointment responded 200 in 84.3ms
2026-03-29 02:31:21.4062|GET|http://localhost/hubs/notification|101|pihudebrani@gmail.com|||HTTP GET /hubs/notification responded 101 in 1602.8ms
2026-03-29 02:31:21.4371|POST|http://localhost/hubs/notification/negotiate|200||||HTTP POST /hubs/notification/negotiate started at 21:01:21.437 by Anonymous
2026-03-29 02:31:21.4371|GET|http://localhost/Notification/GetNotifications|200||Notification|GetNotifications|HTTP GET /Notification/GetNotifications started at 21:01:21.439 by Anonymous
2026-03-29 02:31:21.4371|POST|http://localhost/hubs/notification/negotiate|200|pihudebrani@gmail.com|||HTTP POST /hubs/notification/negotiate responded 200 in 3.0ms
2026-03-29 02:31:21.4539|GET|http://localhost/Notification/GetNotifications|200|pihudebrani@gmail.com|Notification|GetNotifications|HTTP GET /Notification/GetNotifications responded 200 in 16.1ms
2026-03-29 02:31:21.5315|GET|http://localhost/hubs/notification|200||||HTTP GET /hubs/notification started at 21:01:21.531 by Anonymous
2026-03-29 02:31:32.3170|GET|http://localhost/UserDashboard/MyAppointments|200||UserDashboard|MyAppointments|HTTP GET /UserDashboard/MyAppointments started at 21:01:32.316 by Anonymous
2026-03-29 02:31:32.4080|GET|http://localhost/UserDashboard/MyAppointments|200|pihudebrani@gmail.com|UserDashboard|MyAppointments|HTTP GET /UserDashboard/MyAppointments responded 200 in 91.1ms
2026-03-29 02:31:32.4173|GET|http://localhost/hubs/notification|101|pihudebrani@gmail.com|||HTTP GET /hubs/notification responded 101 in 10885.9ms
2026-03-29 02:31:32.4453|POST|http://localhost/hubs/notification/negotiate|200||||HTTP POST /hubs/notification/negotiate started at 21:01:32.445 by Anonymous
2026-03-29 02:31:32.4453|GET|http://localhost/Notification/GetNotifications|200||Notification|GetNotifications|HTTP GET /Notification/GetNotifications started at 21:01:32.446 by Anonymous
2026-03-29 02:31:32.4453|POST|http://localhost/hubs/notification/negotiate|200|pihudebrani@gmail.com|||HTTP POST /hubs/notification/negotiate responded 200 in 1.4ms
2026-03-29 02:31:32.4599|GET|http://localhost/Notification/GetNotifications|200|pihudebrani@gmail.com|Notification|GetNotifications|HTTP GET /Notification/GetNotifications responded 200 in 14.1ms
2026-03-29 02:31:32.5013|GET|http://localhost/hubs/notification|200||||HTTP GET /hubs/notification started at 21:01:32.501 by Anonymous
2026-03-29 02:31:34.5151|GET|http://localhost/Shop|200||Shop|Index|HTTP GET /Shop started at 21:01:34.515 by Anonymous
2026-03-29 02:31:34.7570|GET|http://localhost/Shop|200|pihudebrani@gmail.com|Shop|Index|HTTP GET /Shop responded 200 in 242.0ms
2026-03-29 02:31:34.7570|GET|http://localhost/hubs/notification|101|pihudebrani@gmail.com|||HTTP GET /hubs/notification responded 101 in 2266.7ms
2026-03-29 02:31:34.7865|GET|http://localhost/images/products/cleaningkit.jpg|200||||HTTP GET /images/products/cleaningkit.jpg started at 21:01:34.786 by Anonymous
2026-03-29 02:31:34.7888|GET|http://localhost/images/products/cleaningkit.jpg|404|pihudebrani@gmail.com|||HTTP GET /images/products/cleaningkit.jpg responded 404 in 2.2ms
2026-03-29 02:31:34.7888|GET|http://localhost/images/products/toolkit.jpg|200||||HTTP GET /images/products/toolkit.jpg started at 21:01:34.798 by Anonymous
2026-03-29 02:31:34.7888|GET|http://localhost/images/products/drill.jpg|200||||HTTP GET /images/products/drill.jpg started at 21:01:34.798 by Anonymous
2026-03-29 02:31:34.7888|GET|http://localhost/images/products/toolkit.jpg|404|pihudebrani@gmail.com|||HTTP GET /images/products/toolkit.jpg responded 404 in 2.1ms
2026-03-29 02:31:34.7888|GET|http://localhost/images/products/drill.jpg|404|pihudebrani@gmail.com|||HTTP GET /images/products/drill.jpg responded 404 in 2.4ms
2026-03-29 02:31:34.8066|GET|http://localhost/images/products/speaker.jpg|200||||HTTP GET /images/products/speaker.jpg started at 21:01:34.806 by Anonymous
2026-03-29 02:31:34.8066|GET|http://localhost/images/products/stabilizer.jpg|200||||HTTP GET /images/products/stabilizer.jpg started at 21:01:34.806 by Anonymous
2026-03-29 02:31:34.8066|GET|http://localhost/images/products/speaker.jpg|404|pihudebrani@gmail.com|||HTTP GET /images/products/speaker.jpg responded 404 in 2.2ms
2026-03-29 02:31:34.8066|GET|http://localhost/images/products/stabilizer.jpg|404|pihudebrani@gmail.com|||HTTP GET /images/products/stabilizer.jpg responded 404 in 3.1ms
2026-03-29 02:31:34.8066|POST|http://localhost/hubs/notification/negotiate|200||||HTTP POST /hubs/notification/negotiate started at 21:01:34.814 by Anonymous
2026-03-29 02:31:34.8066|GET|http://localhost/Notification/GetNotifications|200||Notification|GetNotifications|HTTP GET /Notification/GetNotifications started at 21:01:34.816 by Anonymous
2026-03-29 02:31:34.8066|POST|http://localhost/hubs/notification/negotiate|200|pihudebrani@gmail.com|||HTTP POST /hubs/notification/negotiate responded 200 in 2.1ms
2026-03-29 02:31:34.8312|GET|http://localhost/Notification/GetNotifications|200|pihudebrani@gmail.com|Notification|GetNotifications|HTTP GET /Notification/GetNotifications responded 200 in 15.4ms
2026-03-29 02:31:34.9362|GET|http://localhost/hubs/notification|200||||HTTP GET /hubs/notification started at 21:01:34.936 by Anonymous
2026-03-29 02:32:45.5228|GET|http://localhost/UserDashboard/PaymentHistory|200||UserDashboard|PaymentHistory|HTTP GET /UserDashboard/PaymentHistory started at 21:02:45.522 by Anonymous
2026-03-29 02:32:45.6530|GET|http://localhost/UserDashboard/PaymentHistory|200|pihudebrani@gmail.com|UserDashboard|PaymentHistory|HTTP GET /UserDashboard/PaymentHistory responded 200 in 130.3ms
2026-03-29 02:32:45.6690|GET|http://localhost/hubs/notification|101|pihudebrani@gmail.com|||HTTP GET /hubs/notification responded 101 in 70732.9ms
2026-03-29 02:32:45.7144|POST|http://localhost/hubs/notification/negotiate|200||||HTTP POST /hubs/notification/negotiate started at 21:02:45.714 by Anonymous
2026-03-29 02:32:45.7144|GET|http://localhost/Notification/GetNotifications|200||Notification|GetNotifications|HTTP GET /Notification/GetNotifications started at 21:02:45.716 by Anonymous
2026-03-29 02:32:45.7144|POST|http://localhost/hubs/notification/negotiate|200|pihudebrani@gmail.com|||HTTP POST /hubs/notification/negotiate responded 200 in 2.1ms
2026-03-29 02:32:45.7315|GET|http://localhost/Notification/GetNotifications|200|pihudebrani@gmail.com|Notification|GetNotifications|HTTP GET /Notification/GetNotifications responded 200 in 16.3ms
2026-03-29 02:32:45.7978|GET|http://localhost/hubs/notification|200||||HTTP GET /hubs/notification started at 21:02:45.797 by Anonymous
2026-03-29 02:32:49.5701|GET|http://localhost/UserDashboard/Feedback|200||UserDashboard|Feedback|HTTP GET /UserDashboard/Feedback started at 21:02:49.570 by Anonymous
2026-03-29 02:32:49.6119|GET|http://localhost/UserDashboard/Feedback|200|pihudebrani@gmail.com|UserDashboard|Feedback|HTTP GET /UserDashboard/Feedback responded 200 in 41.9ms
2026-03-29 02:32:49.6261|GET|http://localhost/hubs/notification|101|pihudebrani@gmail.com|||HTTP GET /hubs/notification responded 101 in 3828.4ms
2026-03-29 02:32:49.6599|POST|http://localhost/hubs/notification/negotiate|200||||HTTP POST /hubs/notification/negotiate started at 21:02:49.659 by Anonymous
2026-03-29 02:32:49.6599|POST|http://localhost/hubs/notification/negotiate|200|pihudebrani@gmail.com|||HTTP POST /hubs/notification/negotiate responded 200 in 1.5ms
2026-03-29 02:32:49.6626|GET|http://localhost/Notification/GetNotifications|200||Notification|GetNotifications|HTTP GET /Notification/GetNotifications started at 21:02:49.662 by Anonymous
2026-03-29 02:32:49.6626|GET|http://localhost/Notification/GetNotifications|200|pihudebrani@gmail.com|Notification|GetNotifications|HTTP GET /Notification/GetNotifications responded 200 in 5.5ms
2026-03-29 02:32:49.7536|GET|http://localhost/hubs/notification|200||||HTTP GET /hubs/notification started at 21:02:49.753 by Anonymous
2026-03-29 02:32:52.9979|GET|http://localhost/UserDashboard/Policy|200||UserDashboard|Policy|HTTP GET /UserDashboard/Policy started at 21:02:52.997 by Anonymous
2026-03-29 02:32:53.0352|GET|http://localhost/UserDashboard/Policy|200|pihudebrani@gmail.com|UserDashboard|Policy|HTTP GET /UserDashboard/Policy responded 200 in 37.3ms
2026-03-29 02:32:53.0524|GET|http://localhost/hubs/notification|101|pihudebrani@gmail.com|||HTTP GET /hubs/notification responded 101 in 3298.8ms
2026-03-29 02:32:53.1008|POST|http://localhost/hubs/notification/negotiate|200||||HTTP POST /hubs/notification/negotiate started at 21:02:53.100 by Anonymous
2026-03-29 02:32:53.1008|POST|http://localhost/hubs/notification/negotiate|200|pihudebrani@gmail.com|||HTTP POST /hubs/notification/negotiate responded 200 in 3.2ms
2026-03-29 02:32:53.1008|GET|http://localhost/Notification/GetNotifications|200||Notification|GetNotifications|HTTP GET /Notification/GetNotifications started at 21:02:53.104 by Anonymous
2026-03-29 02:32:53.1008|GET|http://localhost/Notification/GetNotifications|200|pihudebrani@gmail.com|Notification|GetNotifications|HTTP GET /Notification/GetNotifications responded 200 in 7.3ms
2026-03-29 02:32:53.1529|GET|http://localhost/hubs/notification|200||||HTTP GET /hubs/notification started at 21:02:53.152 by Anonymous
2026-03-29 02:32:56.7937|GET|http://localhost/UserDashboard/Settings|200||UserDashboard|Settings|HTTP GET /UserDashboard/Settings started at 21:02:56.793 by Anonymous
2026-03-29 02:32:56.8432|GET|http://localhost/UserDashboard/Settings|200|pihudebrani@gmail.com|UserDashboard|Settings|HTTP GET /UserDashboard/Settings responded 200 in 49.6ms
2026-03-29 02:32:56.8590|GET|http://localhost/hubs/notification|101|pihudebrani@gmail.com|||HTTP GET /hubs/notification responded 101 in 3706.1ms
2026-03-29 02:32:56.9080|POST|http://localhost/hubs/notification/negotiate|200||||HTTP POST /hubs/notification/negotiate started at 21:02:56.908 by Anonymous
2026-03-29 02:32:56.9080|GET|http://localhost/Notification/GetNotifications|200||Notification|GetNotifications|HTTP GET /Notification/GetNotifications started at 21:02:56.909 by Anonymous
2026-03-29 02:32:56.9080|POST|http://localhost/hubs/notification/negotiate|200|pihudebrani@gmail.com|||HTTP POST /hubs/notification/negotiate responded 200 in 2.3ms
2026-03-29 02:32:56.9158|GET|http://localhost/Notification/GetNotifications|200|pihudebrani@gmail.com|Notification|GetNotifications|HTTP GET /Notification/GetNotifications responded 200 in 7.2ms
2026-03-29 02:32:56.9888|GET|http://localhost/hubs/notification|200||||HTTP GET /hubs/notification started at 21:02:56.988 by Anonymous
2026-03-29 02:33:12.9390|POST|http://localhost/Account/Logout|200||Account|Logout|HTTP POST /Account/Logout started at 21:03:12.938 by Anonymous
2026-03-29 02:33:12.9986|POST|http://localhost/Account/Logout|302|pihudebrani@gmail.com|Account|Logout|HTTP POST /Account/Logout responded 302 in 61.0ms
2026-03-29 02:33:13.0132|GET|http://localhost/Account/Login|200||Account|Login|HTTP GET /Account/Login started at 21:03:13.013 by Anonymous
2026-03-29 02:33:13.0640|GET|http://localhost/Account/Login|200||Account|Login|HTTP GET /Account/Login responded 200 in 50.8ms
2026-03-29 02:33:13.0784|GET|http://localhost/hubs/notification|101|pihudebrani@gmail.com|||HTTP GET /hubs/notification responded 101 in 16089.7ms
2026-03-29 02:33:17.6554|GET|http://localhost/Account/ForgotPassword|200||Account|ForgotPassword|HTTP GET /Account/ForgotPassword started at 21:03:17.655 by Anonymous
2026-03-29 02:33:17.7045|GET|http://localhost/Account/ForgotPassword|200||Account|ForgotPassword|HTTP GET /Account/ForgotPassword responded 200 in 49.1ms
2026-03-29 02:33:24.1780|POST|http://localhost/Account/ForgotPassword|200||Account|ForgotPassword|HTTP POST /Account/ForgotPassword started at 21:03:24.178 by Anonymous
2026-03-29 02:33:28.6789|POST|http://localhost/Account/ForgotPassword|302||Account|ForgotPassword|HTTP POST /Account/ForgotPassword responded 302 in 4500.9ms
2026-03-29 02:33:28.6789|GET|http://localhost/Account/VerifyOtp|200||Account|VerifyOtp|HTTP GET /Account/VerifyOtp started at 21:03:28.692 by Anonymous
2026-03-29 02:33:28.7257|GET|http://localhost/Account/VerifyOtp|200||Account|VerifyOtp|HTTP GET /Account/VerifyOtp responded 200 in 33.4ms
2026-03-29 02:35:45.2508|POST|http://localhost/Account/VerifyOtp|200||Account|VerifyOtp|HTTP POST /Account/VerifyOtp started at 21:05:45.250 by Anonymous
2026-03-29 02:35:45.2608|POST|http://localhost/Account/VerifyOtp|302||Account|VerifyOtp|HTTP POST /Account/VerifyOtp responded 302 in 10.6ms
2026-03-29 02:35:45.2608|GET|http://localhost/Account/ResetPassword|200||Account|ResetPassword|HTTP GET /Account/ResetPassword started at 21:05:45.271 by Anonymous
2026-03-29 02:35:45.3061|GET|http://localhost/Account/ResetPassword|200||Account|ResetPassword|HTTP GET /Account/ResetPassword responded 200 in 34.6ms
2026-03-29 02:35:48.5165|GET|http://localhost/Account/Login|200||Account|Login|HTTP GET /Account/Login started at 21:05:48.516 by Anonymous
2026-03-29 02:35:48.5249|GET|http://localhost/Account/Login|200||Account|Login|HTTP GET /Account/Login responded 200 in 8.4ms
2026-03-29 02:45:10.3353|GET|http://localhost/|200||Home|Index|HTTP GET / started at 21:15:10.333 by Anonymous
2026-03-29 02:45:10.4009|GET|http://localhost/|200||Home|Index|HTTP GET / responded 200 in 67.8ms
2026-03-29 02:45:14.7501|GET|http://localhost/Account/Login|200||Account|Login|HTTP GET /Account/Login started at 21:15:14.749 by Anonymous
2026-03-29 02:45:14.7607|GET|http://localhost/Account/Login|200||Account|Login|HTTP GET /Account/Login responded 200 in 10.8ms
2026-03-29 02:45:17.5369|GET|http://localhost/Account/ForgotPassword|200||Account|ForgotPassword|HTTP GET /Account/ForgotPassword started at 21:15:17.536 by Anonymous
2026-03-29 02:45:17.5415|GET|http://localhost/Account/ForgotPassword|200||Account|ForgotPassword|HTTP GET /Account/ForgotPassword responded 200 in 4.6ms
2026-03-29 02:45:21.9784|POST|http://localhost/Account/ForgotPassword|200||Account|ForgotPassword|HTTP POST /Account/ForgotPassword started at 21:15:21.978 by Anonymous
2026-03-29 02:45:28.0118|POST|http://localhost/Account/ForgotPassword|302||Account|ForgotPassword|HTTP POST /Account/ForgotPassword responded 302 in 6039.2ms
2026-03-29 02:45:28.0249|GET|http://localhost/Account/VerifyOtp|200||Account|VerifyOtp|HTTP GET /Account/VerifyOtp started at 21:15:28.024 by Anonymous
2026-03-29 02:45:28.0249|GET|http://localhost/Account/VerifyOtp|200||Account|VerifyOtp|HTTP GET /Account/VerifyOtp responded 200 in 3.6ms
2026-03-29 02:45:57.0824|GET|http://localhost/Account/ForgotPassword|200||Account|ForgotPassword|HTTP GET /Account/ForgotPassword started at 21:15:57.082 by Anonymous
2026-03-29 02:45:57.0883|GET|http://localhost/Account/ForgotPassword|200||Account|ForgotPassword|HTTP GET /Account/ForgotPassword responded 200 in 6.0ms
2026-03-29 02:46:03.8687|POST|http://localhost/Account/ForgotPassword|200||Account|ForgotPassword|HTTP POST /Account/ForgotPassword started at 21:16:03.868 by Anonymous
2026-03-29 02:46:07.3517|POST|http://localhost/Account/ForgotPassword|302||Account|ForgotPassword|HTTP POST /Account/ForgotPassword responded 302 in 3494.3ms
2026-03-29 02:46:07.3714|GET|http://localhost/Account/VerifyOtp|200||Account|VerifyOtp|HTTP GET /Account/VerifyOtp started at 21:16:07.371 by Anonymous
2026-03-29 02:46:07.3714|GET|http://localhost/Account/VerifyOtp|200||Account|VerifyOtp|HTTP GET /Account/VerifyOtp responded 200 in 4.0ms
2026-03-29 02:47:57.4729|GET|http://localhost/Account/ForgotPassword|200||Account|ForgotPassword|HTTP GET /Account/ForgotPassword started at 21:17:57.456 by Anonymous
2026-03-29 02:47:57.7802|GET|http://localhost/Account/ForgotPassword|200||Account|ForgotPassword|HTTP GET /Account/ForgotPassword responded 200 in 323.6ms
2026-03-29 02:48:00.4469|POST|http://localhost/Account/ForgotPassword|200||Account|ForgotPassword|HTTP POST /Account/ForgotPassword started at 21:18:00.446 by Anonymous
2026-03-29 02:48:00.6615|POST|http://localhost/Account/ForgotPassword|302||Account|ForgotPassword|HTTP POST /Account/ForgotPassword responded 302 in 215.0ms
2026-03-29 02:48:00.6615|GET|http://localhost/Account/VerifyOtp|200||Account|VerifyOtp|HTTP GET /Account/VerifyOtp started at 21:18:00.673 by Anonymous
2026-03-29 02:48:00.7386|GET|http://localhost/Account/VerifyOtp|200||Account|VerifyOtp|HTTP GET /Account/VerifyOtp responded 200 in 64.6ms
2026-03-29 02:50:36.8996|GET|http://localhost/Account/ForgotPassword|200||Account|ForgotPassword|HTTP GET /Account/ForgotPassword started at 21:20:36.872 by Anonymous
2026-03-29 02:50:37.0490|GET|http://localhost/Account/Login|200||Account|Login|HTTP GET /Account/Login started at 21:20:37.048 by Anonymous
2026-03-29 02:50:37.1782|GET|http://localhost/Account/ForgotPassword|200||Account|ForgotPassword|HTTP GET /Account/ForgotPassword responded 200 in 304.8ms
2026-03-29 02:50:37.1782|GET|http://localhost/Account/Login|200||Account|Login|HTTP GET /Account/Login responded 200 in 128.9ms
2026-03-29 02:50:39.4053|GET|http://localhost/Account/ForgotPassword|200||Account|ForgotPassword|HTTP GET /Account/ForgotPassword started at 21:20:39.405 by Anonymous
2026-03-29 02:50:39.4506|GET|http://localhost/Account/ForgotPassword|200||Account|ForgotPassword|HTTP GET /Account/ForgotPassword responded 200 in 45.3ms
2026-03-29 02:50:44.0732|POST|http://localhost/Account/ForgotPassword|200||Account|ForgotPassword|HTTP POST /Account/ForgotPassword started at 21:20:44.073 by Anonymous
2026-03-29 02:50:44.2565|POST|http://localhost/Account/ForgotPassword|302||Account|ForgotPassword|HTTP POST /Account/ForgotPassword responded 302 in 197.2ms
2026-03-29 02:50:44.2882|GET|http://localhost/Account/VerifyOtp|200||Account|VerifyOtp|HTTP GET /Account/VerifyOtp started at 21:20:44.288 by Anonymous
2026-03-29 02:50:44.3284|GET|http://localhost/Account/VerifyOtp|200||Account|VerifyOtp|HTTP GET /Account/VerifyOtp responded 200 in 40.2ms
2026-03-29 02:54:15.2697|GET|http://localhost/Account/ForgotPassword|200||Account|ForgotPassword|HTTP GET /Account/ForgotPassword started at 21:24:15.269 by Anonymous
2026-03-29 02:54:15.2768|GET|http://localhost/Account/ForgotPassword|200||Account|ForgotPassword|HTTP GET /Account/ForgotPassword responded 200 in 7.2ms
2026-03-29 02:54:16.9387|GET|http://localhost/Account/ForgotPassword|200||Account|ForgotPassword|HTTP GET /Account/ForgotPassword started at 21:24:16.938 by Anonymous
2026-03-29 02:54:16.9447|GET|http://localhost/Account/ForgotPassword|200||Account|ForgotPassword|HTTP GET /Account/ForgotPassword responded 200 in 6.0ms
2026-03-29 02:54:23.1761|POST|http://localhost/Account/ForgotPassword|200||Account|ForgotPassword|HTTP POST /Account/ForgotPassword started at 21:24:23.176 by Anonymous
2026-03-29 02:54:23.3370|POST|http://localhost/Account/ForgotPassword|302||Account|ForgotPassword|HTTP POST /Account/ForgotPassword responded 302 in 162.7ms
2026-03-29 02:54:23.3370|GET|http://localhost/Account/VerifyOtp|200||Account|VerifyOtp|HTTP GET /Account/VerifyOtp started at 21:24:23.346 by Anonymous
2026-03-29 02:54:23.3514|GET|http://localhost/Account/VerifyOtp|200||Account|VerifyOtp|HTTP GET /Account/VerifyOtp responded 200 in 5.0ms
2026-03-29 22:52:39.5035|GET|http://localhost/|200||Home|Index|HTTP GET / started at 17:22:39.490 by Anonymous
2026-03-29 22:52:39.7844|GET|http://localhost/|200||Home|Index|HTTP GET / responded 200 in 293.3ms
2026-03-29 22:52:42.5547|GET|http://localhost/Account/Login|200||Account|Login|HTTP GET /Account/Login started at 17:22:42.554 by Anonymous
2026-03-29 22:52:42.6455|GET|http://localhost/Account/Login|200||Account|Login|HTTP GET /Account/Login responded 200 in 90.8ms
2026-03-29 22:52:49.2780|GET|http://localhost/Account/ForgotPassword|200||Account|ForgotPassword|HTTP GET /Account/ForgotPassword started at 17:22:49.277 by Anonymous
2026-03-29 22:52:49.3141|GET|http://localhost/Account/ForgotPassword|200||Account|ForgotPassword|HTTP GET /Account/ForgotPassword responded 200 in 36.1ms
2026-03-29 22:52:53.9498|POST|http://localhost/Account/ForgotPassword|200||Account|ForgotPassword|HTTP POST /Account/ForgotPassword started at 17:22:53.949 by Anonymous
2026-03-29 22:52:54.0588|POST|http://localhost/Account/ForgotPassword|302||Account|ForgotPassword|HTTP POST /Account/ForgotPassword responded 302 in 109.1ms
2026-03-29 22:52:54.0588|GET|http://localhost/Account/VerifyOtp|200||Account|VerifyOtp|HTTP GET /Account/VerifyOtp started at 17:22:54.069 by Anonymous
2026-03-29 22:52:54.0900|GET|http://localhost/Account/VerifyOtp|200||Account|VerifyOtp|HTTP GET /Account/VerifyOtp responded 200 in 20.8ms
2026-03-29 22:54:30.0496|GET|http://localhost/Account/VerifyOtp|200||Account|VerifyOtp|HTTP GET /Account/VerifyOtp started at 17:24:30.049 by Anonymous
2026-03-29 22:54:30.0496|GET|http://localhost/Account/VerifyOtp|200||Account|VerifyOtp|HTTP GET /Account/VerifyOtp responded 200 in 4.1ms
2026-03-29 22:54:50.8143|GET|http://localhost/Account/ForgotPassword|200||Account|ForgotPassword|HTTP GET /Account/ForgotPassword started at 17:24:50.814 by Anonymous
2026-03-29 22:54:50.8143|GET|http://localhost/Account/ForgotPassword|200||Account|ForgotPassword|HTTP GET /Account/ForgotPassword responded 200 in 4.3ms
2026-03-29 22:54:53.2364|POST|http://localhost/Account/ForgotPassword|200||Account|ForgotPassword|HTTP POST /Account/ForgotPassword started at 17:24:53.236 by Anonymous
2026-03-29 22:54:53.3131|POST|http://localhost/Account/ForgotPassword|302||Account|ForgotPassword|HTTP POST /Account/ForgotPassword responded 302 in 80.4ms
2026-03-29 22:54:53.3250|GET|http://localhost/Account/VerifyOtp|200||Account|VerifyOtp|HTTP GET /Account/VerifyOtp started at 17:24:53.324 by Anonymous
2026-03-29 22:54:53.3250|GET|http://localhost/Account/VerifyOtp|200||Account|VerifyOtp|HTTP GET /Account/VerifyOtp responded 200 in 2.8ms
2026-03-29 22:55:23.9971|GET|http://localhost/Account/ForgotPassword|200||Account|ForgotPassword|HTTP GET /Account/ForgotPassword started at 17:25:23.997 by Anonymous
2026-03-29 22:55:23.9971|GET|http://localhost/Account/ForgotPassword|200||Account|ForgotPassword|HTTP GET /Account/ForgotPassword responded 200 in 3.6ms
