2026-04-06 23:42:25.5535|GET|http://localhost/|200||Home|Index|HTTP GET / started at 18:12:25.541 by Anonymous
2026-04-06 23:42:25.7958|GET|http://localhost/|200||Home|Index|HTTP GET / responded 200 in 254.2ms
2026-04-06 23:42:42.6016|GET|http://localhost/Account/Register|200||Account|Register|HTTP GET /Account/Register started at 18:12:42.601 by Anonymous
2026-04-06 23:42:42.9642|GET|http://localhost/Account/Register|200||Account|Register|HTTP GET /Account/Register responded 200 in 362.6ms
2026-04-06 23:42:49.1262|GET|http://localhost/Account/Login|200||Account|Login|HTTP GET /Account/Login started at 18:12:49.126 by Anonymous
2026-04-06 23:42:49.1990|GET|http://localhost/Account/Login|200||Account|Login|HTTP GET /Account/Login responded 200 in 72.9ms
2026-04-06 23:43:47.2884|POST|http://localhost/Account/Login|200||Account|Login|HTTP POST /Account/Login started at 18:13:47.288 by Anonymous
2026-04-06 23:43:50.0464|POST|http://localhost/Account/Login|302|admin@serviceplatform.com|Account|Login|HTTP POST /Account/Login responded 302 in 2752.7ms
2026-04-06 23:43:50.0951|GET|http://localhost/Admin|200||Admin|Index|HTTP GET /Admin started at 18:13:50.095 by Anonymous
2026-04-06 23:43:53.1629|GET|http://localhost/Admin|200|admin@serviceplatform.com|Admin|Index|HTTP GET /Admin responded 200 in 3067.8ms
2026-04-06 23:43:53.7576|POST|http://localhost/hubs/notification/negotiate|200||||HTTP POST /hubs/notification/negotiate started at 18:13:53.757 by Anonymous
2026-04-06 23:43:53.7759|GET|http://localhost/Notification/GetNotifications|200||Notification|GetNotifications|HTTP GET /Notification/GetNotifications started at 18:13:53.775 by Anonymous
2026-04-06 23:43:53.8807|POST|http://localhost/hubs/notification/negotiate|200|admin@serviceplatform.com|||HTTP POST /hubs/notification/negotiate responded 200 in 123.2ms
2026-04-06 23:43:53.9372|GET|http://localhost/hubs/notification|200||||HTTP GET /hubs/notification started at 18:13:53.937 by Anonymous
2026-04-06 23:43:54.7905|GET|http://localhost/Notification/GetNotifications|200|admin@serviceplatform.com|Notification|GetNotifications|HTTP GET /Notification/GetNotifications responded 200 in 1014.6ms
2026-04-06 23:44:00.4986|GET|http://localhost/Admin/ServiceRequests|200||Admin|ServiceRequests|HTTP GET /Admin/ServiceRequests started at 18:14:00.497 by Anonymous
2026-04-06 23:44:01.3883|GET|http://localhost/Admin/ServiceRequests|200|admin@serviceplatform.com|Admin|ServiceRequests|HTTP GET /Admin/ServiceRequests responded 200 in 891.2ms
2026-04-06 23:44:01.5057|GET|http://localhost/hubs/notification|101|admin@serviceplatform.com|||HTTP GET /hubs/notification responded 101 in 7568.5ms
2026-04-06 23:44:01.5717|POST|http://localhost/hubs/notification/negotiate|200||||HTTP POST /hubs/notification/negotiate started at 18:14:01.571 by Anonymous
2026-04-06 23:44:01.5770|GET|http://localhost/Notification/GetNotifications|200||Notification|GetNotifications|HTTP GET /Notification/GetNotifications started at 18:14:01.576 by Anonymous
2026-04-06 23:44:01.5770|POST|http://localhost/hubs/notification/negotiate|200|admin@serviceplatform.com|||HTTP POST /hubs/notification/negotiate responded 200 in 14.4ms
2026-04-06 23:44:01.6014|GET|http://localhost/hubs/notification|200||||HTTP GET /hubs/notification started at 18:14:01.601 by Anonymous
2026-04-06 23:44:01.6224|GET|http://localhost/Notification/GetNotifications|200|admin@serviceplatform.com|Notification|GetNotifications|HTTP GET /Notification/GetNotifications responded 200 in 45.3ms
2026-04-06 23:44:12.1577|GET|http://localhost/Admin/Orders|200||Admin|Orders|HTTP GET /Admin/Orders started at 18:14:12.157 by Anonymous
2026-04-06 23:44:12.6733|GET|http://localhost/Admin/Orders|200|admin@serviceplatform.com|Admin|Orders|HTTP GET /Admin/Orders responded 200 in 515.5ms
2026-04-06 23:44:12.6922|GET|http://localhost/hubs/notification|101|admin@serviceplatform.com|||HTTP GET /hubs/notification responded 101 in 11090.7ms
2026-04-06 23:44:12.7853|POST|http://localhost/hubs/notification/negotiate|200||||HTTP POST /hubs/notification/negotiate started at 18:14:12.785 by Anonymous
2026-04-06 23:44:12.7853|POST|http://localhost/hubs/notification/negotiate|200|admin@serviceplatform.com|||HTTP POST /hubs/notification/negotiate responded 200 in 6.1ms
2026-04-06 23:44:12.7853|GET|http://localhost/Notification/GetNotifications|200||Notification|GetNotifications|HTTP GET /Notification/GetNotifications started at 18:14:12.792 by Anonymous
2026-04-06 23:44:12.8006|GET|http://localhost/hubs/notification|200||||HTTP GET /hubs/notification started at 18:14:12.800 by Anonymous
2026-04-06 23:44:12.8279|GET|http://localhost/Notification/GetNotifications|200|admin@serviceplatform.com|Notification|GetNotifications|HTTP GET /Notification/GetNotifications responded 200 in 36.8ms
2026-04-06 23:44:16.0862|GET|http://localhost/Admin/Payments|200||Admin|Payments|HTTP GET /Admin/Payments started at 18:14:16.086 by Anonymous
2026-04-06 23:44:16.5502|GET|http://localhost/Admin/Payments|200|admin@serviceplatform.com|Admin|Payments|HTTP GET /Admin/Payments responded 200 in 464.0ms
2026-04-06 23:44:16.5676|GET|http://localhost/hubs/notification|101|admin@serviceplatform.com|||HTTP GET /hubs/notification responded 101 in 3767.1ms
2026-04-06 23:44:16.6637|POST|http://localhost/hubs/notification/negotiate|200||||HTTP POST /hubs/notification/negotiate started at 18:14:16.663 by Anonymous
2026-04-06 23:44:16.6698|POST|http://localhost/hubs/notification/negotiate|200|admin@serviceplatform.com|||HTTP POST /hubs/notification/negotiate responded 200 in 6.1ms
2026-04-06 23:44:16.6698|GET|http://localhost/Notification/GetNotifications|200||Notification|GetNotifications|HTTP GET /Notification/GetNotifications started at 18:14:16.672 by Anonymous
2026-04-06 23:44:16.6698|GET|http://localhost/hubs/notification|200||||HTTP GET /hubs/notification started at 18:14:16.677 by Anonymous
2026-04-06 23:44:16.7059|GET|http://localhost/Notification/GetNotifications|200|admin@serviceplatform.com|Notification|GetNotifications|HTTP GET /Notification/GetNotifications responded 200 in 34.9ms
2026-04-06 23:44:18.8923|GET|http://localhost/Admin/Feedbacks|200||Admin|Feedbacks|HTTP GET /Admin/Feedbacks started at 18:14:18.892 by Anonymous
2026-04-06 23:44:19.1879|GET|http://localhost/Admin/Feedbacks|200|admin@serviceplatform.com|Admin|Feedbacks|HTTP GET /Admin/Feedbacks responded 200 in 295.6ms
2026-04-06 23:44:19.2188|GET|http://localhost/hubs/notification|101|admin@serviceplatform.com|||HTTP GET /hubs/notification responded 101 in 2541.2ms
2026-04-06 23:44:19.3047|POST|http://localhost/hubs/notification/negotiate|200||||HTTP POST /hubs/notification/negotiate started at 18:14:19.304 by Anonymous
2026-04-06 23:44:19.3091|POST|http://localhost/hubs/notification/negotiate|200|admin@serviceplatform.com|||HTTP POST /hubs/notification/negotiate responded 200 in 4.6ms
2026-04-06 23:44:19.3091|GET|http://localhost/Notification/GetNotifications|200||Notification|GetNotifications|HTTP GET /Notification/GetNotifications started at 18:14:19.311 by Anonymous
2026-04-06 23:44:19.3091|GET|http://localhost/hubs/notification|200||||HTTP GET /hubs/notification started at 18:14:19.321 by Anonymous
2026-04-06 23:44:19.3442|GET|http://localhost/Notification/GetNotifications|200|admin@serviceplatform.com|Notification|GetNotifications|HTTP GET /Notification/GetNotifications responded 200 in 34.4ms
2026-04-06 23:49:20.0897|POST|http://localhost/Account/Logout|200||Account|Logout|HTTP POST /Account/Logout started at 18:19:20.089 by Anonymous
2026-04-06 23:49:20.1293|POST|http://localhost/Account/Logout|302|admin@serviceplatform.com|Account|Logout|HTTP POST /Account/Logout responded 302 in 41.9ms
2026-04-06 23:49:20.1401|GET|http://localhost/Account/Login|200||Account|Login|HTTP GET /Account/Login started at 18:19:20.140 by Anonymous
2026-04-06 23:49:20.1401|GET|http://localhost/Account/Login|200||Account|Login|HTTP GET /Account/Login responded 200 in 9.4ms
2026-04-06 23:49:20.1650|GET|http://localhost/hubs/notification|101|admin@serviceplatform.com|||HTTP GET /hubs/notification responded 101 in 300843.4ms
2026-04-06 23:49:31.4857|POST|http://localhost/Account/Login|200||Account|Login|HTTP POST /Account/Login started at 18:19:31.485 by Anonymous
2026-04-06 23:49:31.8684|POST|http://localhost/Account/Login|302|user@serviceplatform.com|Account|Login|HTTP POST /Account/Login responded 302 in 382.7ms
2026-04-06 23:49:31.8771|GET|http://localhost/UserDashboard|200||UserDashboard|Index|HTTP GET /UserDashboard started at 18:19:31.876 by Anonymous
2026-04-06 23:49:32.1153|GET|http://localhost/UserDashboard|200|user@serviceplatform.com|UserDashboard|Index|HTTP GET /UserDashboard responded 200 in 238.3ms
2026-04-06 23:49:32.2257|POST|http://localhost/hubs/notification/negotiate|200||||HTTP POST /hubs/notification/negotiate started at 18:19:32.225 by Anonymous
2026-04-06 23:49:32.2257|POST|http://localhost/hubs/notification/negotiate|200|user@serviceplatform.com|||HTTP POST /hubs/notification/negotiate responded 200 in 3.2ms
2026-04-06 23:49:32.2257|GET|http://localhost/Notification/GetNotifications|200||Notification|GetNotifications|HTTP GET /Notification/GetNotifications started at 18:19:32.229 by Anonymous
2026-04-06 23:49:32.2543|GET|http://localhost/hubs/notification|200||||HTTP GET /hubs/notification started at 18:19:32.254 by Anonymous
2026-04-06 23:49:32.2721|GET|http://localhost/Notification/GetNotifications|200|user@serviceplatform.com|Notification|GetNotifications|HTTP GET /Notification/GetNotifications responded 200 in 44.2ms
2026-04-06 23:49:36.3479|GET|http://localhost/UserDashboard/CreateRequest|200||UserDashboard|CreateRequest|HTTP GET /UserDashboard/CreateRequest started at 18:19:36.347 by Anonymous
2026-04-06 23:49:36.4660|GET|http://localhost/UserDashboard/CreateRequest|200|user@serviceplatform.com|UserDashboard|CreateRequest|HTTP GET /UserDashboard/CreateRequest responded 200 in 118.1ms
2026-04-06 23:49:36.4812|GET|http://localhost/hubs/notification|101|user@serviceplatform.com|||HTTP GET /hubs/notification responded 101 in 4226.9ms
2026-04-06 23:49:38.0020|POST|http://localhost/hubs/notification/negotiate|200||||HTTP POST /hubs/notification/negotiate started at 18:19:38.001 by Anonymous
2026-04-06 23:49:38.0020|GET|http://localhost/Notification/GetNotifications|200||Notification|GetNotifications|HTTP GET /Notification/GetNotifications started at 18:19:38.004 by Anonymous
2026-04-06 23:49:38.0020|POST|http://localhost/hubs/notification/negotiate|200|user@serviceplatform.com|||HTTP POST /hubs/notification/negotiate responded 200 in 4.5ms
2026-04-06 23:49:38.0173|GET|http://localhost/Notification/GetNotifications|200|user@serviceplatform.com|Notification|GetNotifications|HTTP GET /Notification/GetNotifications responded 200 in 14.3ms
2026-04-06 23:49:38.0173|GET|http://localhost/hubs/notification|200||||HTTP GET /hubs/notification started at 18:19:38.021 by Anonymous
2026-04-06 23:49:58.9753|GET|http://localhost/UserDashboard|200||UserDashboard|Index|HTTP GET /UserDashboard started at 18:19:58.974 by Anonymous
2026-04-06 23:49:59.0900|GET|http://localhost/UserDashboard|200|user@serviceplatform.com|UserDashboard|Index|HTTP GET /UserDashboard responded 200 in 115.2ms
2026-04-06 23:49:59.1028|GET|http://localhost/hubs/notification|101|user@serviceplatform.com|||HTTP GET /hubs/notification responded 101 in 21081.6ms
2026-04-06 23:49:59.1598|POST|http://localhost/hubs/notification/negotiate|200||||HTTP POST /hubs/notification/negotiate started at 18:19:59.159 by Anonymous
2026-04-06 23:49:59.1598|POST|http://localhost/hubs/notification/negotiate|200|user@serviceplatform.com|||HTTP POST /hubs/notification/negotiate responded 200 in 2.1ms
2026-04-06 23:49:59.1598|GET|http://localhost/Notification/GetNotifications|200||Notification|GetNotifications|HTTP GET /Notification/GetNotifications started at 18:19:59.162 by Anonymous
2026-04-06 23:49:59.1784|GET|http://localhost/Notification/GetNotifications|200|user@serviceplatform.com|Notification|GetNotifications|HTTP GET /Notification/GetNotifications responded 200 in 16.4ms
2026-04-06 23:49:59.2068|GET|http://localhost/hubs/notification|200||||HTTP GET /hubs/notification started at 18:19:59.206 by Anonymous
2026-04-06 23:50:05.8678|GET|http://localhost/UserDashboard/BookAppointment|200||UserDashboard|BookAppointment|HTTP GET /UserDashboard/BookAppointment started at 18:20:05.867 by Anonymous
2026-04-06 23:50:05.9387|GET|http://localhost/UserDashboard/BookAppointment|200|user@serviceplatform.com|UserDashboard|BookAppointment|HTTP GET /UserDashboard/BookAppointment responded 200 in 70.9ms
2026-04-06 23:50:05.9507|GET|http://localhost/hubs/notification|101|user@serviceplatform.com|||HTTP GET /hubs/notification responded 101 in 6743.9ms
2026-04-06 23:50:06.0365|POST|http://localhost/hubs/notification/negotiate|200||||HTTP POST /hubs/notification/negotiate started at 18:20:06.036 by Anonymous
2026-04-06 23:50:06.0365|GET|http://localhost/Notification/GetNotifications|200||Notification|GetNotifications|HTTP GET /Notification/GetNotifications started at 18:20:06.040 by Anonymous
2026-04-06 23:50:06.0365|POST|http://localhost/hubs/notification/negotiate|200|user@serviceplatform.com|||HTTP POST /hubs/notification/negotiate responded 200 in 5.1ms
2026-04-06 23:50:06.0528|GET|http://localhost/Notification/GetNotifications|200|user@serviceplatform.com|Notification|GetNotifications|HTTP GET /Notification/GetNotifications responded 200 in 16.7ms
2026-04-06 23:50:06.0693|GET|http://localhost/hubs/notification|200||||HTTP GET /hubs/notification started at 18:20:06.069 by Anonymous
2026-04-06 23:50:11.1301|GET|http://localhost/UserDashboard|200||UserDashboard|Index|HTTP GET /UserDashboard started at 18:20:11.130 by Anonymous
2026-04-06 23:50:11.1773|GET|http://localhost/UserDashboard|200|user@serviceplatform.com|UserDashboard|Index|HTTP GET /UserDashboard responded 200 in 47.1ms
2026-04-06 23:50:11.1904|GET|http://localhost/hubs/notification|101|user@serviceplatform.com|||HTTP GET /hubs/notification responded 101 in 5121.1ms
2026-04-06 23:50:11.2491|POST|http://localhost/hubs/notification/negotiate|200||||HTTP POST /hubs/notification/negotiate started at 18:20:11.249 by Anonymous
2026-04-06 23:50:11.2491|POST|http://localhost/hubs/notification/negotiate|200|user@serviceplatform.com|||HTTP POST /hubs/notification/negotiate responded 200 in 2.2ms
2026-04-06 23:50:11.2491|GET|http://localhost/Notification/GetNotifications|200||Notification|GetNotifications|HTTP GET /Notification/GetNotifications started at 18:20:11.251 by Anonymous
2026-04-06 23:50:11.2491|GET|http://localhost/Notification/GetNotifications|200|user@serviceplatform.com|Notification|GetNotifications|HTTP GET /Notification/GetNotifications responded 200 in 10.3ms
2026-04-06 23:50:11.2941|GET|http://localhost/hubs/notification|200||||HTTP GET /hubs/notification started at 18:20:11.294 by Anonymous
2026-04-06 23:50:20.0151|GET|http://localhost/UserDashboard/PaymentHistory|200||UserDashboard|PaymentHistory|HTTP GET /UserDashboard/PaymentHistory started at 18:20:20.015 by Anonymous
2026-04-06 23:50:20.1448|GET|http://localhost/UserDashboard/PaymentHistory|200|user@serviceplatform.com|UserDashboard|PaymentHistory|HTTP GET /UserDashboard/PaymentHistory responded 200 in 129.7ms
2026-04-06 23:50:20.1646|GET|http://localhost/hubs/notification|101|user@serviceplatform.com|||HTTP GET /hubs/notification responded 101 in 8870.5ms
2026-04-06 23:50:20.2576|POST|http://localhost/hubs/notification/negotiate|200||||HTTP POST /hubs/notification/negotiate started at 18:20:20.257 by Anonymous
2026-04-06 23:50:20.2576|POST|http://localhost/hubs/notification/negotiate|200|user@serviceplatform.com|||HTTP POST /hubs/notification/negotiate responded 200 in 3.4ms
2026-04-06 23:50:20.2696|GET|http://localhost/Notification/GetNotifications|200||Notification|GetNotifications|HTTP GET /Notification/GetNotifications started at 18:20:20.269 by Anonymous
2026-04-06 23:50:20.2696|GET|http://localhost/hubs/notification|200||||HTTP GET /hubs/notification started at 18:20:20.276 by Anonymous
2026-04-06 23:50:20.2964|GET|http://localhost/Notification/GetNotifications|200|user@serviceplatform.com|Notification|GetNotifications|HTTP GET /Notification/GetNotifications responded 200 in 27.9ms
2026-04-06 23:50:22.9962|GET|http://localhost/Shop/Cart|200||Shop|Cart|HTTP GET /Shop/Cart started at 18:20:22.996 by Anonymous
2026-04-06 23:50:23.0851|GET|http://localhost/Shop/Cart|200|user@serviceplatform.com|Shop|Cart|HTTP GET /Shop/Cart responded 200 in 88.9ms
2026-04-06 23:50:23.0963|GET|http://localhost/hubs/notification|101|user@serviceplatform.com|||HTTP GET /hubs/notification responded 101 in 2819.6ms
2026-04-06 23:50:23.2014|POST|http://localhost/hubs/notification/negotiate|200||||HTTP POST /hubs/notification/negotiate started at 18:20:23.201 by Anonymous
2026-04-06 23:50:23.2014|GET|http://localhost/Notification/GetNotifications|200||Notification|GetNotifications|HTTP GET /Notification/GetNotifications started at 18:20:23.204 by Anonymous
2026-04-06 23:50:23.2014|POST|http://localhost/hubs/notification/negotiate|200|user@serviceplatform.com|||HTTP POST /hubs/notification/negotiate responded 200 in 3.5ms
2026-04-06 23:50:23.2198|GET|http://localhost/hubs/notification|200||||HTTP GET /hubs/notification started at 18:20:23.219 by Anonymous
2026-04-06 23:50:23.2312|GET|http://localhost/Notification/GetNotifications|200|user@serviceplatform.com|Notification|GetNotifications|HTTP GET /Notification/GetNotifications responded 200 in 26.7ms
2026-04-06 23:50:24.8771|GET|http://localhost/Shop|200||Shop|Index|HTTP GET /Shop started at 18:20:24.877 by Anonymous
2026-04-06 23:50:25.0617|GET|http://localhost/Shop|200|user@serviceplatform.com|Shop|Index|HTTP GET /Shop responded 200 in 184.6ms
2026-04-06 23:50:25.0745|GET|http://localhost/hubs/notification|101|user@serviceplatform.com|||HTTP GET /hubs/notification responded 101 in 1854.7ms
2026-04-06 23:50:25.1190|GET|http://localhost/images/products/cleaningkit.jpg|200||||HTTP GET /images/products/cleaningkit.jpg started at 18:20:25.119 by Anonymous
2026-04-06 23:50:25.1190|GET|http://localhost/images/products/cleaningkit.jpg|404|user@serviceplatform.com|||HTTP GET /images/products/cleaningkit.jpg responded 404 in 1.2ms
2026-04-06 23:50:25.1334|GET|http://localhost/images/products/stabilizer.jpg|200||||HTTP GET /images/products/stabilizer.jpg started at 18:20:25.133 by Anonymous
2026-04-06 23:50:25.1334|GET|http://localhost/images/products/drill.jpg|200||||HTTP GET /images/products/drill.jpg started at 18:20:25.133 by Anonymous
2026-04-06 23:50:25.1334|GET|http://localhost/images/products/stabilizer.jpg|404|user@serviceplatform.com|||HTTP GET /images/products/stabilizer.jpg responded 404 in 1.2ms
2026-04-06 23:50:25.1334|GET|http://localhost/images/products/drill.jpg|404|user@serviceplatform.com|||HTTP GET /images/products/drill.jpg responded 404 in 0.9ms
2026-04-06 23:50:25.1439|GET|http://localhost/images/products/toolkit.jpg|200||||HTTP GET /images/products/toolkit.jpg started at 18:20:25.143 by Anonymous
2026-04-06 23:50:25.1439|GET|http://localhost/images/products/speaker.jpg|200||||HTTP GET /images/products/speaker.jpg started at 18:20:25.144 by Anonymous
2026-04-06 23:50:25.1439|GET|http://localhost/images/products/toolkit.jpg|404|user@serviceplatform.com|||HTTP GET /images/products/toolkit.jpg responded 404 in 1.6ms
2026-04-06 23:50:25.1439|GET|http://localhost/images/products/speaker.jpg|404|user@serviceplatform.com|||HTTP GET /images/products/speaker.jpg responded 404 in 2.2ms
2026-04-06 23:50:25.2081|POST|http://localhost/hubs/notification/negotiate|200||||HTTP POST /hubs/notification/negotiate started at 18:20:25.208 by Anonymous
2026-04-06 23:50:25.2081|GET|http://localhost/Notification/GetNotifications|200||Notification|GetNotifications|HTTP GET /Notification/GetNotifications started at 18:20:25.210 by Anonymous
2026-04-06 23:50:25.2081|POST|http://localhost/hubs/notification/negotiate|200|user@serviceplatform.com|||HTTP POST /hubs/notification/negotiate responded 200 in 2.5ms
2026-04-06 23:50:25.2317|GET|http://localhost/Notification/GetNotifications|200|user@serviceplatform.com|Notification|GetNotifications|HTTP GET /Notification/GetNotifications responded 200 in 22.1ms
2026-04-06 23:50:25.2317|GET|http://localhost/hubs/notification|200||||HTTP GET /hubs/notification started at 18:20:25.234 by Anonymous
2026-04-06 23:50:27.1462|POST|http://localhost/Shop/AddToCart|200||Shop|AddToCart|HTTP POST /Shop/AddToCart started at 18:20:27.146 by Anonymous
2026-04-06 23:50:27.3204|POST|http://localhost/Shop/AddToCart|302|user@serviceplatform.com|Shop|AddToCart|HTTP POST /Shop/AddToCart responded 302 in 174.2ms
2026-04-06 23:50:27.3204|GET|http://localhost/Shop|200||Shop|Index|HTTP GET /Shop started at 18:20:27.325 by Anonymous
2026-04-06 23:50:27.3504|GET|http://localhost/Shop|200|user@serviceplatform.com|Shop|Index|HTTP GET /Shop responded 200 in 25.4ms
2026-04-06 23:50:27.3602|GET|http://localhost/hubs/notification|101|user@serviceplatform.com|||HTTP GET /hubs/notification responded 101 in 2125.5ms
2026-04-06 23:50:27.3834|GET|http://localhost/images/products/cleaningkit.jpg|200||||HTTP GET /images/products/cleaningkit.jpg started at 18:20:27.383 by Anonymous
2026-04-06 23:50:27.3834|GET|http://localhost/images/products/cleaningkit.jpg|404|user@serviceplatform.com|||HTTP GET /images/products/cleaningkit.jpg responded 404 in 0.9ms
2026-04-06 23:50:27.3877|GET|http://localhost/images/products/stabilizer.jpg|200||||HTTP GET /images/products/stabilizer.jpg started at 18:20:27.387 by Anonymous
2026-04-06 23:50:27.3877|GET|http://localhost/images/products/stabilizer.jpg|404|user@serviceplatform.com|||HTTP GET /images/products/stabilizer.jpg responded 404 in 1.0ms
2026-04-06 23:50:27.3877|GET|http://localhost/images/products/drill.jpg|200||||HTTP GET /images/products/drill.jpg started at 18:20:27.402 by Anonymous
2026-04-06 23:50:27.4033|GET|http://localhost/images/products/drill.jpg|404|user@serviceplatform.com|||HTTP GET /images/products/drill.jpg responded 404 in 0.9ms
2026-04-06 23:50:27.4033|GET|http://localhost/images/products/toolkit.jpg|200||||HTTP GET /images/products/toolkit.jpg started at 18:20:27.411 by Anonymous
2026-04-06 23:50:27.4033|GET|http://localhost/images/products/speaker.jpg|200||||HTTP GET /images/products/speaker.jpg started at 18:20:27.411 by Anonymous
2026-04-06 23:50:27.4033|GET|http://localhost/images/products/toolkit.jpg|404|user@serviceplatform.com|||HTTP GET /images/products/toolkit.jpg responded 404 in 0.8ms
2026-04-06 23:50:27.4033|GET|http://localhost/images/products/speaker.jpg|404|user@serviceplatform.com|||HTTP GET /images/products/speaker.jpg responded 404 in 0.9ms
2026-04-06 23:50:27.4250|POST|http://localhost/hubs/notification/negotiate|200||||HTTP POST /hubs/notification/negotiate started at 18:20:27.425 by Anonymous
2026-04-06 23:50:27.4250|GET|http://localhost/Notification/GetNotifications|200||Notification|GetNotifications|HTTP GET /Notification/GetNotifications started at 18:20:27.426 by Anonymous
2026-04-06 23:50:27.4250|POST|http://localhost/hubs/notification/negotiate|200|user@serviceplatform.com|||HTTP POST /hubs/notification/negotiate responded 200 in 1.9ms
2026-04-06 23:50:27.4250|GET|http://localhost/Notification/GetNotifications|200|user@serviceplatform.com|Notification|GetNotifications|HTTP GET /Notification/GetNotifications responded 200 in 4.8ms
2026-04-06 23:50:27.5086|GET|http://localhost/hubs/notification|200||||HTTP GET /hubs/notification started at 18:20:27.508 by Anonymous
2026-04-06 23:50:32.1898|GET|http://localhost/Shop/MyOrders|200||Shop|MyOrders|HTTP GET /Shop/MyOrders started at 18:20:32.189 by Anonymous
2026-04-06 23:50:32.3365|GET|http://localhost/Shop/MyOrders|200|user@serviceplatform.com|Shop|MyOrders|HTTP GET /Shop/MyOrders responded 200 in 146.8ms
2026-04-06 23:50:32.3598|GET|http://localhost/hubs/notification|101|user@serviceplatform.com|||HTTP GET /hubs/notification responded 101 in 4851.3ms
2026-04-06 23:50:32.4473|POST|http://localhost/hubs/notification/negotiate|200||||HTTP POST /hubs/notification/negotiate started at 18:20:32.447 by Anonymous
2026-04-06 23:50:32.4473|GET|http://localhost/Notification/GetNotifications|200||Notification|GetNotifications|HTTP GET /Notification/GetNotifications started at 18:20:32.448 by Anonymous
2026-04-06 23:50:32.4473|POST|http://localhost/hubs/notification/negotiate|200|user@serviceplatform.com|||HTTP POST /hubs/notification/negotiate responded 200 in 2.0ms
2026-04-06 23:50:32.4562|GET|http://localhost/Notification/GetNotifications|200|user@serviceplatform.com|Notification|GetNotifications|HTTP GET /Notification/GetNotifications responded 200 in 8.6ms
2026-04-06 23:50:32.4891|GET|http://localhost/hubs/notification|200||||HTTP GET /hubs/notification started at 18:20:32.489 by Anonymous
2026-04-06 23:50:33.8601|GET|http://localhost/Shop/Cart|200||Shop|Cart|HTTP GET /Shop/Cart started at 18:20:33.860 by Anonymous
2026-04-06 23:50:33.9029|GET|http://localhost/Shop/Cart|200|user@serviceplatform.com|Shop|Cart|HTTP GET /Shop/Cart responded 200 in 42.8ms
2026-04-06 23:50:33.9029|GET|http://localhost/hubs/notification|101|user@serviceplatform.com|||HTTP GET /hubs/notification responded 101 in 1426.1ms
2026-04-06 23:50:33.9874|POST|http://localhost/hubs/notification/negotiate|200||||HTTP POST /hubs/notification/negotiate started at 18:20:33.987 by Anonymous
2026-04-06 23:50:33.9874|POST|http://localhost/hubs/notification/negotiate|200|user@serviceplatform.com|||HTTP POST /hubs/notification/negotiate responded 200 in 1.4ms
2026-04-06 23:50:33.9874|GET|http://localhost/Notification/GetNotifications|200||Notification|GetNotifications|HTTP GET /Notification/GetNotifications started at 18:20:33.989 by Anonymous
2026-04-06 23:50:33.9969|GET|http://localhost/Notification/GetNotifications|200|user@serviceplatform.com|Notification|GetNotifications|HTTP GET /Notification/GetNotifications responded 200 in 8.3ms
2026-04-06 23:50:34.0333|GET|http://localhost/hubs/notification|200||||HTTP GET /hubs/notification started at 18:20:34.033 by Anonymous
2026-04-06 23:50:37.3139|GET|http://localhost/Shop/Checkout|200||Shop|Checkout|HTTP GET /Shop/Checkout started at 18:20:37.313 by Anonymous
2026-04-06 23:50:37.3875|GET|http://localhost/Shop/Checkout|200|user@serviceplatform.com|Shop|Checkout|HTTP GET /Shop/Checkout responded 200 in 73.6ms
2026-04-06 23:50:37.4038|GET|http://localhost/hubs/notification|101|user@serviceplatform.com|||HTTP GET /hubs/notification responded 101 in 3370.6ms
2026-04-06 23:50:37.4892|POST|http://localhost/hubs/notification/negotiate|200||||HTTP POST /hubs/notification/negotiate started at 18:20:37.489 by Anonymous
2026-04-06 23:50:37.4892|POST|http://localhost/hubs/notification/negotiate|200|user@serviceplatform.com|||HTTP POST /hubs/notification/negotiate responded 200 in 1.7ms
2026-04-06 23:50:37.4892|GET|http://localhost/Notification/GetNotifications|200||Notification|GetNotifications|HTTP GET /Notification/GetNotifications started at 18:20:37.491 by Anonymous
2026-04-06 23:50:37.4994|GET|http://localhost/Notification/GetNotifications|200|user@serviceplatform.com|Notification|GetNotifications|HTTP GET /Notification/GetNotifications responded 200 in 8.8ms
2026-04-06 23:50:37.5390|GET|http://localhost/hubs/notification|200||||HTTP GET /hubs/notification started at 18:20:37.539 by Anonymous
2026-04-06 23:50:57.9855|POST|http://localhost/Shop/PlaceOrder|200||Shop|PlaceOrder|HTTP POST /Shop/PlaceOrder started at 18:20:57.985 by Anonymous
2026-04-06 23:50:58.3499|POST|http://localhost/Shop/PlaceOrder|302|user@serviceplatform.com|Shop|PlaceOrder|HTTP POST /Shop/PlaceOrder responded 302 in 369.2ms
2026-04-06 23:50:58.3638|GET|http://localhost/Shop/ProcessPayment|200||Shop|ProcessPayment|HTTP GET /Shop/ProcessPayment started at 18:20:58.363 by Anonymous
2026-04-06 23:50:58.4896|GET|http://localhost/Shop/ProcessPayment|200|user@serviceplatform.com|Shop|ProcessPayment|HTTP GET /Shop/ProcessPayment responded 200 in 125.9ms
2026-04-06 23:50:58.5008|GET|http://localhost/hubs/notification|101|user@serviceplatform.com|||HTTP GET /hubs/notification responded 101 in 20961.7ms
2026-04-06 23:50:58.5845|POST|http://localhost/hubs/notification/negotiate|200||||HTTP POST /hubs/notification/negotiate started at 18:20:58.584 by Anonymous
2026-04-06 23:50:58.5845|POST|http://localhost/hubs/notification/negotiate|200|user@serviceplatform.com|||HTTP POST /hubs/notification/negotiate responded 200 in 1.6ms
2026-04-06 23:50:58.5845|GET|http://localhost/Notification/GetNotifications|200||Notification|GetNotifications|HTTP GET /Notification/GetNotifications started at 18:20:58.586 by Anonymous
2026-04-06 23:50:58.5917|GET|http://localhost/Notification/GetNotifications|200|user@serviceplatform.com|Notification|GetNotifications|HTTP GET /Notification/GetNotifications responded 200 in 6.2ms
2026-04-06 23:50:58.6330|GET|http://localhost/hubs/notification|200||||HTTP GET /hubs/notification started at 18:20:58.633 by Anonymous
2026-04-06 23:51:05.1991|POST|http://localhost/Shop/CompletePayment|200||Shop|CompletePayment|HTTP POST /Shop/CompletePayment started at 18:21:05.199 by Anonymous
2026-04-06 23:51:05.3132|POST|http://localhost/Shop/CompletePayment|302|user@serviceplatform.com|Shop|CompletePayment|HTTP POST /Shop/CompletePayment responded 302 in 114.0ms
2026-04-06 23:51:05.3132|GET|http://localhost/Shop/OrderConfirmation|200||Shop|OrderConfirmation|HTTP GET /Shop/OrderConfirmation started at 18:21:05.322 by Anonymous
2026-04-06 23:51:05.3132|GET|http://localhost/Notification/GetNotifications|200||Notification|GetNotifications|HTTP GET /Notification/GetNotifications started at 18:21:05.323 by Anonymous
2026-04-06 23:51:05.3305|GET|http://localhost/Notification/GetNotifications|200|user@serviceplatform.com|Notification|GetNotifications|HTTP GET /Notification/GetNotifications responded 200 in 10.1ms
2026-04-06 23:51:05.3710|GET|http://localhost/Shop/OrderConfirmation|200|user@serviceplatform.com|Shop|OrderConfirmation|HTTP GET /Shop/OrderConfirmation responded 200 in 48.9ms
2026-04-06 23:51:05.3841|GET|http://localhost/hubs/notification|101|user@serviceplatform.com|||HTTP GET /hubs/notification responded 101 in 6751.1ms
2026-04-06 23:51:05.4672|POST|http://localhost/hubs/notification/negotiate|200||||HTTP POST /hubs/notification/negotiate started at 18:21:05.467 by Anonymous
2026-04-06 23:51:05.4672|POST|http://localhost/hubs/notification/negotiate|200|user@serviceplatform.com|||HTTP POST /hubs/notification/negotiate responded 200 in 1.8ms
2026-04-06 23:51:05.4672|GET|http://localhost/Notification/GetNotifications|200||Notification|GetNotifications|HTTP GET /Notification/GetNotifications started at 18:21:05.469 by Anonymous
2026-04-06 23:51:05.4672|GET|http://localhost/Notification/GetNotifications|200|user@serviceplatform.com|Notification|GetNotifications|HTTP GET /Notification/GetNotifications responded 200 in 6.2ms
2026-04-06 23:51:05.5124|GET|http://localhost/hubs/notification|200||||HTTP GET /hubs/notification started at 18:21:05.512 by Anonymous
2026-04-06 23:51:09.2003|GET|http://localhost/Shop|200||Shop|Index|HTTP GET /Shop started at 18:21:09.200 by Anonymous
2026-04-06 23:51:09.2866|GET|http://localhost/Shop|200|user@serviceplatform.com|Shop|Index|HTTP GET /Shop responded 200 in 86.3ms
2026-04-06 23:51:09.3011|GET|http://localhost/hubs/notification|101|user@serviceplatform.com|||HTTP GET /hubs/notification responded 101 in 3788.8ms
2026-04-06 23:51:09.3329|GET|http://localhost/images/products/cleaningkit.jpg|200||||HTTP GET /images/products/cleaningkit.jpg started at 18:21:09.332 by Anonymous
2026-04-06 23:51:09.3329|GET|http://localhost/images/products/stabilizer.jpg|200||||HTTP GET /images/products/stabilizer.jpg started at 18:21:09.332 by Anonymous
2026-04-06 23:51:09.3329|GET|http://localhost/images/products/stabilizer.jpg|404|user@serviceplatform.com|||HTTP GET /images/products/stabilizer.jpg responded 404 in 1.3ms
2026-04-06 23:51:09.3329|GET|http://localhost/images/products/cleaningkit.jpg|404|user@serviceplatform.com|||HTTP GET /images/products/cleaningkit.jpg responded 404 in 1.3ms
2026-04-06 23:51:09.3703|GET|http://localhost/images/products/drill.jpg|200||||HTTP GET /images/products/drill.jpg started at 18:21:09.370 by Anonymous
2026-04-06 23:51:09.3703|GET|http://localhost/images/products/drill.jpg|404|user@serviceplatform.com|||HTTP GET /images/products/drill.jpg responded 404 in 1.1ms
2026-04-06 23:51:09.3833|GET|http://localhost/images/products/toolkit.jpg|200||||HTTP GET /images/products/toolkit.jpg started at 18:21:09.383 by Anonymous
2026-04-06 23:51:09.3833|GET|http://localhost/images/products/toolkit.jpg|404|user@serviceplatform.com|||HTTP GET /images/products/toolkit.jpg responded 404 in 1.5ms
2026-04-06 23:51:09.3833|GET|http://localhost/images/products/speaker.jpg|200||||HTTP GET /images/products/speaker.jpg started at 18:21:09.385 by Anonymous
2026-04-06 23:51:09.3833|GET|http://localhost/images/products/speaker.jpg|404|user@serviceplatform.com|||HTTP GET /images/products/speaker.jpg responded 404 in 1.7ms
2026-04-06 23:51:09.4391|POST|http://localhost/hubs/notification/negotiate|200||||HTTP POST /hubs/notification/negotiate started at 18:21:09.439 by Anonymous
2026-04-06 23:51:09.4391|POST|http://localhost/hubs/notification/negotiate|200|user@serviceplatform.com|||HTTP POST /hubs/notification/negotiate responded 200 in 1.5ms
2026-04-06 23:51:09.4391|GET|http://localhost/Notification/GetNotifications|200||Notification|GetNotifications|HTTP GET /Notification/GetNotifications started at 18:21:09.441 by Anonymous
2026-04-06 23:51:09.4391|GET|http://localhost/Notification/GetNotifications|200|user@serviceplatform.com|Notification|GetNotifications|HTTP GET /Notification/GetNotifications responded 200 in 7.6ms
2026-04-06 23:51:09.4855|GET|http://localhost/hubs/notification|200||||HTTP GET /hubs/notification started at 18:21:09.485 by Anonymous
2026-04-06 23:51:11.5279|GET|http://localhost/Shop/MyOrders|200||Shop|MyOrders|HTTP GET /Shop/MyOrders started at 18:21:11.527 by Anonymous
2026-04-06 23:51:11.5279|GET|http://localhost/Shop/MyOrders|200|user@serviceplatform.com|Shop|MyOrders|HTTP GET /Shop/MyOrders responded 200 in 13.9ms
2026-04-06 23:51:11.5559|GET|http://localhost/hubs/notification|101|user@serviceplatform.com|||HTTP GET /hubs/notification responded 101 in 2070.4ms
2026-04-06 23:51:11.6458|POST|http://localhost/hubs/notification/negotiate|200||||HTTP POST /hubs/notification/negotiate started at 18:21:11.645 by Anonymous
2026-04-06 23:51:11.6458|POST|http://localhost/hubs/notification/negotiate|200|user@serviceplatform.com|||HTTP POST /hubs/notification/negotiate responded 200 in 1.9ms
2026-04-06 23:51:11.6458|GET|http://localhost/Notification/GetNotifications|200||Notification|GetNotifications|HTTP GET /Notification/GetNotifications started at 18:21:11.650 by Anonymous
2026-04-06 23:51:11.6577|GET|http://localhost/Notification/GetNotifications|200|user@serviceplatform.com|Notification|GetNotifications|HTTP GET /Notification/GetNotifications responded 200 in 8.0ms
2026-04-06 23:51:11.6991|GET|http://localhost/hubs/notification|200||||HTTP GET /hubs/notification started at 18:21:11.699 by Anonymous
2026-04-06 23:51:23.9824|GET|http://localhost/UserDashboard/Policy|200||UserDashboard|Policy|HTTP GET /UserDashboard/Policy started at 18:21:23.982 by Anonymous
2026-04-06 23:51:24.0223|GET|http://localhost/UserDashboard/Policy|200|user@serviceplatform.com|UserDashboard|Policy|HTTP GET /UserDashboard/Policy responded 200 in 40.0ms
2026-04-06 23:51:24.0418|GET|http://localhost/hubs/notification|101|user@serviceplatform.com|||HTTP GET /hubs/notification responded 101 in 12342.7ms
2026-04-06 23:51:24.1574|POST|http://localhost/hubs/notification/negotiate|200||||HTTP POST /hubs/notification/negotiate started at 18:21:24.157 by Anonymous
2026-04-06 23:51:24.1574|POST|http://localhost/hubs/notification/negotiate|200|user@serviceplatform.com|||HTTP POST /hubs/notification/negotiate responded 200 in 2.0ms
2026-04-06 23:51:24.1574|GET|http://localhost/Notification/GetNotifications|200||Notification|GetNotifications|HTTP GET /Notification/GetNotifications started at 18:21:24.159 by Anonymous
2026-04-06 23:51:24.1683|GET|http://localhost/Notification/GetNotifications|200|user@serviceplatform.com|Notification|GetNotifications|HTTP GET /Notification/GetNotifications responded 200 in 9.6ms
2026-04-06 23:51:24.2107|GET|http://localhost/hubs/notification|200||||HTTP GET /hubs/notification started at 18:21:24.210 by Anonymous
