2026-03-14 10:37:51.1242|ERROR|ServicePlatform.Services.SmtpEmailService|Failed to send email to shakshidevrani@gmail.com with subject 'ServicePlatform — Password Reset OTP'|action=ForgotPassword|controller=Account|url=http://localhost/Account/ForgotPassword|user=
System.Net.Mail.SmtpException: The SMTP server requires a secure connection or the client was not authenticated. The server response was: 5.7.0 Authentication Required. For more information, go to
   at System.Net.Mail.MailCommand.CheckResponse(SmtpStatusCode statusCode, String response)
   at System.Net.Mail.MailCommand.<SendAsync>g__SendAndCheck|0_0[TIOAdapter](SmtpConnection conn, CancellationToken cancellationToken)
   at System.Net.Mail.SmtpTransport.SendMailAsync[TIOAdapter](MailAddress sender, MailAddressCollection recipients, String deliveryNotify, Boolean allowUnicode, CancellationToken cancellationToken)
   at System.Net.Mail.SmtpClient.SendAsyncInternal[TIOAdapter](MailMessage message, Boolean invokeSendCompleted, Object userToken, Boolean forceWrapExceptions, CancellationToken cancellationToken)
   at System.Net.Mail.SmtpClient.<SendMailAsync>g__WaitAndRethrowIfNeeded|75_0(Task`1 task)
   at ServicePlatform.Services.SmtpEmailService.SendEmailAsync(String to, String subject, String body) in C:\Users\Priya Devrani\Desktop\Final_Project\Services\SmtpEmailService.cs:line 44
2026-03-14 11:49:44.0873|ERROR|ServicePlatform.Program|Application stopped due to exception|action=|controller=|url=|user=
Microsoft.Extensions.Hosting.HostAbortedException: The host was aborted.
   at Microsoft.Extensions.Hosting.HostFactoryResolver.HostingListener.ThrowHostAborted()
   at Microsoft.Extensions.Hosting.HostFactoryResolver.HostingListener.OnNext(KeyValuePair`2 value)
   at System.Diagnostics.DiagnosticListener.Write(String name, Object value)
   at Microsoft.Extensions.Hosting.HostBuilder.ResolveHost(IServiceProvider serviceProvider, DiagnosticListener diagnosticListener)
   at Microsoft.Extensions.Hosting.HostApplicationBuilder.Build()
   at Microsoft.AspNetCore.Builder.WebApplicationBuilder.Build()
   at Program.<Main>$(String[] args) in C:\Users\Priya Devrani\Desktop\Final_Project\Program.cs:line 107
2026-03-14 11:50:15.9563|ERROR|ServicePlatform.Program|Application stopped due to exception|action=|controller=|url=|user=
Microsoft.Extensions.Hosting.HostAbortedException: The host was aborted.
   at Microsoft.Extensions.Hosting.HostFactoryResolver.HostingListener.ThrowHostAborted()
   at Microsoft.Extensions.Hosting.HostFactoryResolver.HostingListener.OnNext(KeyValuePair`2 value)
   at System.Diagnostics.DiagnosticListener.Write(String name, Object value)
   at Microsoft.Extensions.Hosting.HostBuilder.ResolveHost(IServiceProvider serviceProvider, DiagnosticListener diagnosticListener)
   at Microsoft.Extensions.Hosting.HostApplicationBuilder.Build()
   at Microsoft.AspNetCore.Builder.WebApplicationBuilder.Build()
   at Program.<Main>$(String[] args) in C:\Users\Priya Devrani\Desktop\Final_Project\Program.cs:line 107
