2026-03-27 00:47:19.4681|ERROR|Microsoft.EntityFrameworkCore.Database.Command|Failed executing DbCommand (22ms) [Parameters=[], CommandType='Text', CommandTimeout='30']
SELECT [o].[Id], [o].[CreatedAt], [o].[ExpectedDeliveryDate], [o].[IsDeleted], [o].[Notes], [o].[OrderNumber], [o].[ShippingAddress], [o].[ShippingAmount], [o].[Status], [o].[TaxAmount], [o].[TotalAmount], [o].[UpdatedAt], [o].[UserId], [a0].[Id], [a0].[AccessFailedCount], [a0].[Address], [a0].[ConcurrencyStamp], [a0].[CreatedAt], [a0].[Email], [a0].[EmailConfirmed], [a0].[FullName], [a0].[IsActive], [a0].[IsDeleted], [a0].[Latitude], [a0].[LockoutEnabled], [a0].[LockoutEnd], [a0].[Longitude], [a0].[Mobile], [a0].[NormalizedEmail], [a0].[NormalizedUserName], [a0].[PasswordHash], [a0].[PhoneNumber], [a0].[PhoneNumberConfirmed], [a0].[ProfileImageUrl], [a0].[SecurityStamp], [a0].[State], [a0].[TwoFactorEnabled], [a0].[UpdatedAt], [a0].[UserName], [o0].[Id], [o0].[OrderId], [o0].[ProductId], [o0].[Quantity], [o0].[TotalPrice], [o0].[UnitPrice]
FROM [Orders] AS [o]
INNER JOIN (
    SELECT [a].[Id], [a].[AccessFailedCount], [a].[Address], [a].[ConcurrencyStamp], [a].[CreatedAt], [a].[Email], [a].[EmailConfirmed], [a].[FullName], [a].[IsActive], [a].[IsDeleted], [a].[Latitude], [a].[LockoutEnabled], [a].[LockoutEnd], [a].[Longitude], [a].[Mobile], [a].[NormalizedEmail], [a].[NormalizedUserName], [a].[PasswordHash], [a].[PhoneNumber], [a].[PhoneNumberConfirmed], [a].[ProfileImageUrl], [a].[SecurityStamp], [a].[State], [a].[TwoFactorEnabled], [a].[UpdatedAt], [a].[UserName]
    FROM [AspNetUsers] AS [a]
    WHERE [a].[IsDeleted] = CAST(0 AS bit)
) AS [a0] ON [o].[UserId] = [a0].[Id]
LEFT JOIN [OrderItems] AS [o0] ON [o].[Id] = [o0].[OrderId]
WHERE [o].[IsDeleted] = CAST(0 AS bit)
ORDER BY [o].[CreatedAt] DESC, [o].[Id], [a0].[Id]|action=Orders|controller=Admin|url=http://localhost/Admin/Orders|user=admin@serviceplatform.com

2026-03-27 00:47:19.5087|ERROR|Microsoft.EntityFrameworkCore.Query|An exception occurred while iterating over the results of a query for context type 'ServicePlatform.Data.ApplicationDbContext'.
Microsoft.Data.SqlClient.SqlException (0x80131904): Invalid column name 'ExpectedDeliveryDate'.
   at Microsoft.Data.SqlClient.SqlCommand.<>c.<ExecuteDbDataReaderAsync>b__195_0(Task`1 result)
   at System.Threading.Tasks.ContinuationResultTaskFromResultTask`2.InnerInvoke()
   at System.Threading.ExecutionContext.RunInternal(ExecutionContext executionContext, ContextCallback callback, Object state)
--- End of stack trace from previous location ---
   at System.Threading.ExecutionContext.RunInternal(ExecutionContext executionContext, ContextCallback callback, Object state)
   at System.Threading.Tasks.Task.ExecuteWithThreadLocal(Task& currentTaskSlot, Thread threadPoolThread)
--- End of stack trace from previous location ---
   at Microsoft.EntityFrameworkCore.Storage.RelationalCommand.ExecuteReaderAsync(RelationalCommandParameterObject parameterObject, CancellationToken cancellationToken)
   at Microsoft.EntityFrameworkCore.Storage.RelationalCommand.ExecuteReaderAsync(RelationalCommandParameterObject parameterObject, CancellationToken cancellationToken)
   at Microsoft.EntityFrameworkCore.Query.Internal.SingleQueryingEnumerable`1.AsyncEnumerator.InitializeReaderAsync(AsyncEnumerator enumerator, CancellationToken cancellationToken)
   at Microsoft.EntityFrameworkCore.SqlServer.Storage.Internal.SqlServerExecutionStrategy.ExecuteAsync[TState,TResult](TState state, Func`4 operation, Func`4 verifySucceeded, CancellationToken cancellationToken)
   at Microsoft.EntityFrameworkCore.Query.Internal.SingleQueryingEnumerable`1.AsyncEnumerator.MoveNextAsync()
ClientConnectionId:91b4358c-6bb1-411f-9e0b-6f2af7a3c2f4
Error Number:207,State:1,Class:16|action=Orders|controller=Admin|url=http://localhost/Admin/Orders|user=admin@serviceplatform.com
Microsoft.Data.SqlClient.SqlException (0x80131904): Invalid column name 'ExpectedDeliveryDate'.
   at Microsoft.Data.SqlClient.SqlCommand.<>c.<ExecuteDbDataReaderAsync>b__195_0(Task`1 result)
   at System.Threading.Tasks.ContinuationResultTaskFromResultTask`2.InnerInvoke()
   at System.Threading.ExecutionContext.RunInternal(ExecutionContext executionContext, ContextCallback callback, Object state)
--- End of stack trace from previous location ---
   at System.Threading.ExecutionContext.RunInternal(ExecutionContext executionContext, ContextCallback callback, Object state)
   at System.Threading.Tasks.Task.ExecuteWithThreadLocal(Task& currentTaskSlot, Thread threadPoolThread)
--- End of stack trace from previous location ---
   at Microsoft.EntityFrameworkCore.Storage.RelationalCommand.ExecuteReaderAsync(RelationalCommandParameterObject parameterObject, CancellationToken cancellationToken)
   at Microsoft.EntityFrameworkCore.Storage.RelationalCommand.ExecuteReaderAsync(RelationalCommandParameterObject parameterObject, CancellationToken cancellationToken)
   at Microsoft.EntityFrameworkCore.Query.Internal.SingleQueryingEnumerable`1.AsyncEnumerator.InitializeReaderAsync(AsyncEnumerator enumerator, CancellationToken cancellationToken)
   at Microsoft.EntityFrameworkCore.SqlServer.Storage.Internal.SqlServerExecutionStrategy.ExecuteAsync[TState,TResult](TState state, Func`4 operation, Func`4 verifySucceeded, CancellationToken cancellationToken)
   at Microsoft.EntityFrameworkCore.Query.Internal.SingleQueryingEnumerable`1.AsyncEnumerator.MoveNextAsync()
ClientConnectionId:91b4358c-6bb1-411f-9e0b-6f2af7a3c2f4
Error Number:207,State:1,Class:16
2026-03-27 00:47:19.5087|ERROR|ServicePlatform.Controllers.AdminController|Error loading orders|action=Orders|controller=Admin|url=http://localhost/Admin/Orders|user=admin@serviceplatform.com
Microsoft.Data.SqlClient.SqlException (0x80131904): Invalid column name 'ExpectedDeliveryDate'.
   at Microsoft.Data.SqlClient.SqlCommand.<>c.<ExecuteDbDataReaderAsync>b__195_0(Task`1 result)
   at System.Threading.Tasks.ContinuationResultTaskFromResultTask`2.InnerInvoke()
   at System.Threading.ExecutionContext.RunInternal(ExecutionContext executionContext, ContextCallback callback, Object state)
--- End of stack trace from previous location ---
   at System.Threading.ExecutionContext.RunInternal(ExecutionContext executionContext, ContextCallback callback, Object state)
   at System.Threading.Tasks.Task.ExecuteWithThreadLocal(Task& currentTaskSlot, Thread threadPoolThread)
--- End of stack trace from previous location ---
   at Microsoft.EntityFrameworkCore.Storage.RelationalCommand.ExecuteReaderAsync(RelationalCommandParameterObject parameterObject, CancellationToken cancellationToken)
   at Microsoft.EntityFrameworkCore.Storage.RelationalCommand.ExecuteReaderAsync(RelationalCommandParameterObject parameterObject, CancellationToken cancellationToken)
   at Microsoft.EntityFrameworkCore.Query.Internal.SingleQueryingEnumerable`1.AsyncEnumerator.InitializeReaderAsync(AsyncEnumerator enumerator, CancellationToken cancellationToken)
   at Microsoft.EntityFrameworkCore.SqlServer.Storage.Internal.SqlServerExecutionStrategy.ExecuteAsync[TState,TResult](TState state, Func`4 operation, Func`4 verifySucceeded, CancellationToken cancellationToken)
   at Microsoft.EntityFrameworkCore.Query.Internal.SingleQueryingEnumerable`1.AsyncEnumerator.MoveNextAsync()
   at Microsoft.EntityFrameworkCore.EntityFrameworkQueryableExtensions.ToListAsync[TSource](IQueryable`1 source, CancellationToken cancellationToken)
   at Microsoft.EntityFrameworkCore.EntityFrameworkQueryableExtensions.ToListAsync[TSource](IQueryable`1 source, CancellationToken cancellationToken)
   at ServicePlatform.Services.OrderService.GetAllOrdersAsync() in C:\Users\Priya Devrani\Desktop\Final_Project\Services\ShopService.cs:line 289
   at ServicePlatform.Controllers.AdminController.Orders() in C:\Users\Priya Devrani\Desktop\Final_Project\Controllers\AdminController.cs:line 127
ClientConnectionId:91b4358c-6bb1-411f-9e0b-6f2af7a3c2f4
Error Number:207,State:1,Class:16
2026-03-27 00:51:05.4304|ERROR|Microsoft.EntityFrameworkCore.Database.Command|Failed executing DbCommand (9ms) [Parameters=[], CommandType='Text', CommandTimeout='30']
SELECT [o].[Id], [o].[CreatedAt], [o].[ExpectedDeliveryDate], [o].[IsDeleted], [o].[Notes], [o].[OrderNumber], [o].[ShippingAddress], [o].[ShippingAmount], [o].[Status], [o].[TaxAmount], [o].[TotalAmount], [o].[UpdatedAt], [o].[UserId], [a0].[Id], [a0].[AccessFailedCount], [a0].[Address], [a0].[ConcurrencyStamp], [a0].[CreatedAt], [a0].[Email], [a0].[EmailConfirmed], [a0].[FullName], [a0].[IsActive], [a0].[IsDeleted], [a0].[Latitude], [a0].[LockoutEnabled], [a0].[LockoutEnd], [a0].[Longitude], [a0].[Mobile], [a0].[NormalizedEmail], [a0].[NormalizedUserName], [a0].[PasswordHash], [a0].[PhoneNumber], [a0].[PhoneNumberConfirmed], [a0].[ProfileImageUrl], [a0].[SecurityStamp], [a0].[State], [a0].[TwoFactorEnabled], [a0].[UpdatedAt], [a0].[UserName], [o0].[Id], [o0].[OrderId], [o0].[ProductId], [o0].[Quantity], [o0].[TotalPrice], [o0].[UnitPrice]
FROM [Orders] AS [o]
INNER JOIN (
    SELECT [a].[Id], [a].[AccessFailedCount], [a].[Address], [a].[ConcurrencyStamp], [a].[CreatedAt], [a].[Email], [a].[EmailConfirmed], [a].[FullName], [a].[IsActive], [a].[IsDeleted], [a].[Latitude], [a].[LockoutEnabled], [a].[LockoutEnd], [a].[Longitude], [a].[Mobile], [a].[NormalizedEmail], [a].[NormalizedUserName], [a].[PasswordHash], [a].[PhoneNumber], [a].[PhoneNumberConfirmed], [a].[ProfileImageUrl], [a].[SecurityStamp], [a].[State], [a].[TwoFactorEnabled], [a].[UpdatedAt], [a].[UserName]
    FROM [AspNetUsers] AS [a]
    WHERE [a].[IsDeleted] = CAST(0 AS bit)
) AS [a0] ON [o].[UserId] = [a0].[Id]
LEFT JOIN [OrderItems] AS [o0] ON [o].[Id] = [o0].[OrderId]
WHERE [o].[IsDeleted] = CAST(0 AS bit)
ORDER BY [o].[CreatedAt] DESC, [o].[Id], [a0].[Id]|action=Orders|controller=Admin|url=http://localhost/Admin/Orders|user=admin@serviceplatform.com

2026-03-27 00:51:05.4304|ERROR|Microsoft.EntityFrameworkCore.Query|An exception occurred while iterating over the results of a query for context type 'ServicePlatform.Data.ApplicationDbContext'.
Microsoft.Data.SqlClient.SqlException (0x80131904): Invalid column name 'ExpectedDeliveryDate'.
   at System.Threading.Tasks.ContinuationResultTaskFromResultTask`2.InnerInvoke()
   at System.Threading.ExecutionContext.RunInternal(ExecutionContext executionContext, ContextCallback callback, Object state)
--- End of stack trace from previous location ---
   at System.Threading.ExecutionContext.RunInternal(ExecutionContext executionContext, ContextCallback callback, Object state)
   at System.Threading.Tasks.Task.ExecuteWithThreadLocal(Task& currentTaskSlot, Thread threadPoolThread)
--- End of stack trace from previous location ---
   at Microsoft.EntityFrameworkCore.Storage.RelationalCommand.ExecuteReaderAsync(RelationalCommandParameterObject parameterObject, CancellationToken cancellationToken)
   at Microsoft.EntityFrameworkCore.Storage.RelationalCommand.ExecuteReaderAsync(RelationalCommandParameterObject parameterObject, CancellationToken cancellationToken)
   at Microsoft.EntityFrameworkCore.Query.Internal.SingleQueryingEnumerable`1.AsyncEnumerator.InitializeReaderAsync(AsyncEnumerator enumerator, CancellationToken cancellationToken)
   at Microsoft.EntityFrameworkCore.SqlServer.Storage.Internal.SqlServerExecutionStrategy.ExecuteAsync[TState,TResult](TState state, Func`4 operation, Func`4 verifySucceeded, CancellationToken cancellationToken)
   at Microsoft.EntityFrameworkCore.Query.Internal.SingleQueryingEnumerable`1.AsyncEnumerator.MoveNextAsync()
ClientConnectionId:91b4358c-6bb1-411f-9e0b-6f2af7a3c2f4
Error Number:207,State:1,Class:16|action=Orders|controller=Admin|url=http://localhost/Admin/Orders|user=admin@serviceplatform.com
Microsoft.Data.SqlClient.SqlException (0x80131904): Invalid column name 'ExpectedDeliveryDate'.
   at System.Threading.Tasks.ContinuationResultTaskFromResultTask`2.InnerInvoke()
   at System.Threading.ExecutionContext.RunInternal(ExecutionContext executionContext, ContextCallback callback, Object state)
--- End of stack trace from previous location ---
   at System.Threading.ExecutionContext.RunInternal(ExecutionContext executionContext, ContextCallback callback, Object state)
   at System.Threading.Tasks.Task.ExecuteWithThreadLocal(Task& currentTaskSlot, Thread threadPoolThread)
--- End of stack trace from previous location ---
   at Microsoft.EntityFrameworkCore.Storage.RelationalCommand.ExecuteReaderAsync(RelationalCommandParameterObject parameterObject, CancellationToken cancellationToken)
   at Microsoft.EntityFrameworkCore.Storage.RelationalCommand.ExecuteReaderAsync(RelationalCommandParameterObject parameterObject, CancellationToken cancellationToken)
   at Microsoft.EntityFrameworkCore.Query.Internal.SingleQueryingEnumerable`1.AsyncEnumerator.InitializeReaderAsync(AsyncEnumerator enumerator, CancellationToken cancellationToken)
   at Microsoft.EntityFrameworkCore.SqlServer.Storage.Internal.SqlServerExecutionStrategy.ExecuteAsync[TState,TResult](TState state, Func`4 operation, Func`4 verifySucceeded, CancellationToken cancellationToken)
   at Microsoft.EntityFrameworkCore.Query.Internal.SingleQueryingEnumerable`1.AsyncEnumerator.MoveNextAsync()
ClientConnectionId:91b4358c-6bb1-411f-9e0b-6f2af7a3c2f4
Error Number:207,State:1,Class:16
2026-03-27 00:51:05.4467|ERROR|ServicePlatform.Controllers.AdminController|Error loading orders|action=Orders|controller=Admin|url=http://localhost/Admin/Orders|user=admin@serviceplatform.com
Microsoft.Data.SqlClient.SqlException (0x80131904): Invalid column name 'ExpectedDeliveryDate'.
   at System.Threading.Tasks.ContinuationResultTaskFromResultTask`2.InnerInvoke()
   at System.Threading.ExecutionContext.RunInternal(ExecutionContext executionContext, ContextCallback callback, Object state)
--- End of stack trace from previous location ---
   at System.Threading.ExecutionContext.RunInternal(ExecutionContext executionContext, ContextCallback callback, Object state)
   at System.Threading.Tasks.Task.ExecuteWithThreadLocal(Task& currentTaskSlot, Thread threadPoolThread)
--- End of stack trace from previous location ---
   at Microsoft.EntityFrameworkCore.Storage.RelationalCommand.ExecuteReaderAsync(RelationalCommandParameterObject parameterObject, CancellationToken cancellationToken)
   at Microsoft.EntityFrameworkCore.Storage.RelationalCommand.ExecuteReaderAsync(RelationalCommandParameterObject parameterObject, CancellationToken cancellationToken)
   at Microsoft.EntityFrameworkCore.Query.Internal.SingleQueryingEnumerable`1.AsyncEnumerator.InitializeReaderAsync(AsyncEnumerator enumerator, CancellationToken cancellationToken)
   at Microsoft.EntityFrameworkCore.SqlServer.Storage.Internal.SqlServerExecutionStrategy.ExecuteAsync[TState,TResult](TState state, Func`4 operation, Func`4 verifySucceeded, CancellationToken cancellationToken)
   at Microsoft.EntityFrameworkCore.Query.Internal.SingleQueryingEnumerable`1.AsyncEnumerator.MoveNextAsync()
   at Microsoft.EntityFrameworkCore.EntityFrameworkQueryableExtensions.ToListAsync[TSource](IQueryable`1 source, CancellationToken cancellationToken)
   at Microsoft.EntityFrameworkCore.EntityFrameworkQueryableExtensions.ToListAsync[TSource](IQueryable`1 source, CancellationToken cancellationToken)
   at ServicePlatform.Services.OrderService.GetAllOrdersAsync() in C:\Users\Priya Devrani\Desktop\Final_Project\Services\ShopService.cs:line 289
   at ServicePlatform.Controllers.AdminController.Orders() in C:\Users\Priya Devrani\Desktop\Final_Project\Controllers\AdminController.cs:line 127
ClientConnectionId:91b4358c-6bb1-411f-9e0b-6f2af7a3c2f4
Error Number:207,State:1,Class:16
2026-03-27 01:18:06.3020|ERROR|Microsoft.EntityFrameworkCore.Database.Command|Failed executing DbCommand (16ms) [Parameters=[], CommandType='Text', CommandTimeout='30']
SELECT [o].[Id], [o].[CreatedAt], [o].[ExpectedDeliveryDate], [o].[IsDeleted], [o].[Notes], [o].[OrderNumber], [o].[ShippingAddress], [o].[ShippingAmount], [o].[Status], [o].[TaxAmount], [o].[TotalAmount], [o].[UpdatedAt], [o].[UserId], [a0].[Id], [a0].[AccessFailedCount], [a0].[Address], [a0].[ConcurrencyStamp], [a0].[CreatedAt], [a0].[Email], [a0].[EmailConfirmed], [a0].[FullName], [a0].[IsActive], [a0].[IsDeleted], [a0].[Latitude], [a0].[LockoutEnabled], [a0].[LockoutEnd], [a0].[Longitude], [a0].[Mobile], [a0].[NormalizedEmail], [a0].[NormalizedUserName], [a0].[PasswordHash], [a0].[PhoneNumber], [a0].[PhoneNumberConfirmed], [a0].[ProfileImageUrl], [a0].[SecurityStamp], [a0].[State], [a0].[TwoFactorEnabled], [a0].[UpdatedAt], [a0].[UserName], [o0].[Id], [o0].[OrderId], [o0].[ProductId], [o0].[Quantity], [o0].[TotalPrice], [o0].[UnitPrice]
FROM [Orders] AS [o]
INNER JOIN (
    SELECT [a].[Id], [a].[AccessFailedCount], [a].[Address], [a].[ConcurrencyStamp], [a].[CreatedAt], [a].[Email], [a].[EmailConfirmed], [a].[FullName], [a].[IsActive], [a].[IsDeleted], [a].[Latitude], [a].[LockoutEnabled], [a].[LockoutEnd], [a].[Longitude], [a].[Mobile], [a].[NormalizedEmail], [a].[NormalizedUserName], [a].[PasswordHash], [a].[PhoneNumber], [a].[PhoneNumberConfirmed], [a].[ProfileImageUrl], [a].[SecurityStamp], [a].[State], [a].[TwoFactorEnabled], [a].[UpdatedAt], [a].[UserName]
    FROM [AspNetUsers] AS [a]
    WHERE [a].[IsDeleted] = CAST(0 AS bit)
) AS [a0] ON [o].[UserId] = [a0].[Id]
LEFT JOIN [OrderItems] AS [o0] ON [o].[Id] = [o0].[OrderId]
WHERE [o].[IsDeleted] = CAST(0 AS bit)
ORDER BY [o].[CreatedAt] DESC, [o].[Id], [a0].[Id]|action=Orders|controller=Admin|url=http://localhost/Admin/Orders|user=admin@serviceplatform.com

2026-03-27 01:18:06.3400|ERROR|Microsoft.EntityFrameworkCore.Query|An exception occurred while iterating over the results of a query for context type 'ServicePlatform.Data.ApplicationDbContext'.
Microsoft.Data.SqlClient.SqlException (0x80131904): Invalid column name 'ExpectedDeliveryDate'.
   at Microsoft.Data.SqlClient.SqlCommand.<>c.<ExecuteDbDataReaderAsync>b__195_0(Task`1 result)
   at System.Threading.Tasks.ContinuationResultTaskFromResultTask`2.InnerInvoke()
   at System.Threading.ExecutionContext.RunInternal(ExecutionContext executionContext, ContextCallback callback, Object state)
--- End of stack trace from previous location ---
   at System.Threading.ExecutionContext.RunInternal(ExecutionContext executionContext, ContextCallback callback, Object state)
   at System.Threading.Tasks.Task.ExecuteWithThreadLocal(Task& currentTaskSlot, Thread threadPoolThread)
--- End of stack trace from previous location ---
   at Microsoft.EntityFrameworkCore.Storage.RelationalCommand.ExecuteReaderAsync(RelationalCommandParameterObject parameterObject, CancellationToken cancellationToken)
   at Microsoft.EntityFrameworkCore.Storage.RelationalCommand.ExecuteReaderAsync(RelationalCommandParameterObject parameterObject, CancellationToken cancellationToken)
   at Microsoft.EntityFrameworkCore.Query.Internal.SingleQueryingEnumerable`1.AsyncEnumerator.InitializeReaderAsync(AsyncEnumerator enumerator, CancellationToken cancellationToken)
   at Microsoft.EntityFrameworkCore.SqlServer.Storage.Internal.SqlServerExecutionStrategy.ExecuteAsync[TState,TResult](TState state, Func`4 operation, Func`4 verifySucceeded, CancellationToken cancellationToken)
   at Microsoft.EntityFrameworkCore.Query.Internal.SingleQueryingEnumerable`1.AsyncEnumerator.MoveNextAsync()
ClientConnectionId:08b5a5e4-a202-4d26-acc7-1fd1c80efa5d
Error Number:207,State:1,Class:16|action=Orders|controller=Admin|url=http://localhost/Admin/Orders|user=admin@serviceplatform.com
Microsoft.Data.SqlClient.SqlException (0x80131904): Invalid column name 'ExpectedDeliveryDate'.
   at Microsoft.Data.SqlClient.SqlCommand.<>c.<ExecuteDbDataReaderAsync>b__195_0(Task`1 result)
   at System.Threading.Tasks.ContinuationResultTaskFromResultTask`2.InnerInvoke()
   at System.Threading.ExecutionContext.RunInternal(ExecutionContext executionContext, ContextCallback callback, Object state)
--- End of stack trace from previous location ---
   at System.Threading.ExecutionContext.RunInternal(ExecutionContext executionContext, ContextCallback callback, Object state)
   at System.Threading.Tasks.Task.ExecuteWithThreadLocal(Task& currentTaskSlot, Thread threadPoolThread)
--- End of stack trace from previous location ---
   at Microsoft.EntityFrameworkCore.Storage.RelationalCommand.ExecuteReaderAsync(RelationalCommandParameterObject parameterObject, CancellationToken cancellationToken)
   at Microsoft.EntityFrameworkCore.Storage.RelationalCommand.ExecuteReaderAsync(RelationalCommandParameterObject parameterObject, CancellationToken cancellationToken)
   at Microsoft.EntityFrameworkCore.Query.Internal.SingleQueryingEnumerable`1.AsyncEnumerator.InitializeReaderAsync(AsyncEnumerator enumerator, CancellationToken cancellationToken)
   at Microsoft.EntityFrameworkCore.SqlServer.Storage.Internal.SqlServerExecutionStrategy.ExecuteAsync[TState,TResult](TState state, Func`4 operation, Func`4 verifySucceeded, CancellationToken cancellationToken)
   at Microsoft.EntityFrameworkCore.Query.Internal.SingleQueryingEnumerable`1.AsyncEnumerator.MoveNextAsync()
ClientConnectionId:08b5a5e4-a202-4d26-acc7-1fd1c80efa5d
Error Number:207,State:1,Class:16
2026-03-27 01:18:06.3530|ERROR|ServicePlatform.Controllers.AdminController|Error loading orders|action=Orders|controller=Admin|url=http://localhost/Admin/Orders|user=admin@serviceplatform.com
Microsoft.Data.SqlClient.SqlException (0x80131904): Invalid column name 'ExpectedDeliveryDate'.
   at Microsoft.Data.SqlClient.SqlCommand.<>c.<ExecuteDbDataReaderAsync>b__195_0(Task`1 result)
   at System.Threading.Tasks.ContinuationResultTaskFromResultTask`2.InnerInvoke()
   at System.Threading.ExecutionContext.RunInternal(ExecutionContext executionContext, ContextCallback callback, Object state)
--- End of stack trace from previous location ---
   at System.Threading.ExecutionContext.RunInternal(ExecutionContext executionContext, ContextCallback callback, Object state)
   at System.Threading.Tasks.Task.ExecuteWithThreadLocal(Task& currentTaskSlot, Thread threadPoolThread)
--- End of stack trace from previous location ---
   at Microsoft.EntityFrameworkCore.Storage.RelationalCommand.ExecuteReaderAsync(RelationalCommandParameterObject parameterObject, CancellationToken cancellationToken)
   at Microsoft.EntityFrameworkCore.Storage.RelationalCommand.ExecuteReaderAsync(RelationalCommandParameterObject parameterObject, CancellationToken cancellationToken)
   at Microsoft.EntityFrameworkCore.Query.Internal.SingleQueryingEnumerable`1.AsyncEnumerator.InitializeReaderAsync(AsyncEnumerator enumerator, CancellationToken cancellationToken)
   at Microsoft.EntityFrameworkCore.SqlServer.Storage.Internal.SqlServerExecutionStrategy.ExecuteAsync[TState,TResult](TState state, Func`4 operation, Func`4 verifySucceeded, CancellationToken cancellationToken)
   at Microsoft.EntityFrameworkCore.Query.Internal.SingleQueryingEnumerable`1.AsyncEnumerator.MoveNextAsync()
   at Microsoft.EntityFrameworkCore.EntityFrameworkQueryableExtensions.ToListAsync[TSource](IQueryable`1 source, CancellationToken cancellationToken)
   at Microsoft.EntityFrameworkCore.EntityFrameworkQueryableExtensions.ToListAsync[TSource](IQueryable`1 source, CancellationToken cancellationToken)
   at ServicePlatform.Services.OrderService.GetAllOrdersAsync() in C:\Users\Priya Devrani\Desktop\Final_Project\Services\ShopService.cs:line 289
   at ServicePlatform.Controllers.AdminController.Orders() in C:\Users\Priya Devrani\Desktop\Final_Project\Controllers\AdminController.cs:line 127
ClientConnectionId:08b5a5e4-a202-4d26-acc7-1fd1c80efa5d
Error Number:207,State:1,Class:16
2026-03-27 01:18:33.4834|ERROR|Microsoft.EntityFrameworkCore.Database.Command|Failed executing DbCommand (5ms) [Parameters=[], CommandType='Text', CommandTimeout='30']
SELECT [o].[Id], [o].[CreatedAt], [o].[ExpectedDeliveryDate], [o].[IsDeleted], [o].[Notes], [o].[OrderNumber], [o].[ShippingAddress], [o].[ShippingAmount], [o].[Status], [o].[TaxAmount], [o].[TotalAmount], [o].[UpdatedAt], [o].[UserId], [a0].[Id], [a0].[AccessFailedCount], [a0].[Address], [a0].[ConcurrencyStamp], [a0].[CreatedAt], [a0].[Email], [a0].[EmailConfirmed], [a0].[FullName], [a0].[IsActive], [a0].[IsDeleted], [a0].[Latitude], [a0].[LockoutEnabled], [a0].[LockoutEnd], [a0].[Longitude], [a0].[Mobile], [a0].[NormalizedEmail], [a0].[NormalizedUserName], [a0].[PasswordHash], [a0].[PhoneNumber], [a0].[PhoneNumberConfirmed], [a0].[ProfileImageUrl], [a0].[SecurityStamp], [a0].[State], [a0].[TwoFactorEnabled], [a0].[UpdatedAt], [a0].[UserName], [o0].[Id], [o0].[OrderId], [o0].[ProductId], [o0].[Quantity], [o0].[TotalPrice], [o0].[UnitPrice]
FROM [Orders] AS [o]
INNER JOIN (
    SELECT [a].[Id], [a].[AccessFailedCount], [a].[Address], [a].[ConcurrencyStamp], [a].[CreatedAt], [a].[Email], [a].[EmailConfirmed], [a].[FullName], [a].[IsActive], [a].[IsDeleted], [a].[Latitude], [a].[LockoutEnabled], [a].[LockoutEnd], [a].[Longitude], [a].[Mobile], [a].[NormalizedEmail], [a].[NormalizedUserName], [a].[PasswordHash], [a].[PhoneNumber], [a].[PhoneNumberConfirmed], [a].[ProfileImageUrl], [a].[SecurityStamp], [a].[State], [a].[TwoFactorEnabled], [a].[UpdatedAt], [a].[UserName]
    FROM [AspNetUsers] AS [a]
    WHERE [a].[IsDeleted] = CAST(0 AS bit)
) AS [a0] ON [o].[UserId] = [a0].[Id]
LEFT JOIN [OrderItems] AS [o0] ON [o].[Id] = [o0].[OrderId]
WHERE [o].[IsDeleted] = CAST(0 AS bit)
ORDER BY [o].[CreatedAt] DESC, [o].[Id], [a0].[Id]|action=Orders|controller=Admin|url=http://localhost/Admin/Orders|user=admin@serviceplatform.com

2026-03-27 01:18:33.4834|ERROR|Microsoft.EntityFrameworkCore.Query|An exception occurred while iterating over the results of a query for context type 'ServicePlatform.Data.ApplicationDbContext'.
Microsoft.Data.SqlClient.SqlException (0x80131904): Invalid column name 'ExpectedDeliveryDate'.
   at Microsoft.Data.SqlClient.SqlCommand.<>c.<ExecuteDbDataReaderAsync>b__195_0(Task`1 result)
   at System.Threading.Tasks.ContinuationResultTaskFromResultTask`2.InnerInvoke()
   at System.Threading.ExecutionContext.RunInternal(ExecutionContext executionContext, ContextCallback callback, Object state)
--- End of stack trace from previous location ---
   at System.Threading.ExecutionContext.RunInternal(ExecutionContext executionContext, ContextCallback callback, Object state)
   at System.Threading.Tasks.Task.ExecuteWithThreadLocal(Task& currentTaskSlot, Thread threadPoolThread)
--- End of stack trace from previous location ---
   at Microsoft.EntityFrameworkCore.Storage.RelationalCommand.ExecuteReaderAsync(RelationalCommandParameterObject parameterObject, CancellationToken cancellationToken)
   at Microsoft.EntityFrameworkCore.Storage.RelationalCommand.ExecuteReaderAsync(RelationalCommandParameterObject parameterObject, CancellationToken cancellationToken)
   at Microsoft.EntityFrameworkCore.Query.Internal.SingleQueryingEnumerable`1.AsyncEnumerator.InitializeReaderAsync(AsyncEnumerator enumerator, CancellationToken cancellationToken)
   at Microsoft.EntityFrameworkCore.SqlServer.Storage.Internal.SqlServerExecutionStrategy.ExecuteAsync[TState,TResult](TState state, Func`4 operation, Func`4 verifySucceeded, CancellationToken cancellationToken)
   at Microsoft.EntityFrameworkCore.Query.Internal.SingleQueryingEnumerable`1.AsyncEnumerator.MoveNextAsync()
ClientConnectionId:08b5a5e4-a202-4d26-acc7-1fd1c80efa5d
Error Number:207,State:1,Class:16|action=Orders|controller=Admin|url=http://localhost/Admin/Orders|user=admin@serviceplatform.com
Microsoft.Data.SqlClient.SqlException (0x80131904): Invalid column name 'ExpectedDeliveryDate'.
   at Microsoft.Data.SqlClient.SqlCommand.<>c.<ExecuteDbDataReaderAsync>b__195_0(Task`1 result)
   at System.Threading.Tasks.ContinuationResultTaskFromResultTask`2.InnerInvoke()
   at System.Threading.ExecutionContext.RunInternal(ExecutionContext executionContext, ContextCallback callback, Object state)
--- End of stack trace from previous location ---
   at System.Threading.ExecutionContext.RunInternal(ExecutionContext executionContext, ContextCallback callback, Object state)
   at System.Threading.Tasks.Task.ExecuteWithThreadLocal(Task& currentTaskSlot, Thread threadPoolThread)
--- End of stack trace from previous location ---
   at Microsoft.EntityFrameworkCore.Storage.RelationalCommand.ExecuteReaderAsync(RelationalCommandParameterObject parameterObject, CancellationToken cancellationToken)
   at Microsoft.EntityFrameworkCore.Storage.RelationalCommand.ExecuteReaderAsync(RelationalCommandParameterObject parameterObject, CancellationToken cancellationToken)
   at Microsoft.EntityFrameworkCore.Query.Internal.SingleQueryingEnumerable`1.AsyncEnumerator.InitializeReaderAsync(AsyncEnumerator enumerator, CancellationToken cancellationToken)
   at Microsoft.EntityFrameworkCore.SqlServer.Storage.Internal.SqlServerExecutionStrategy.ExecuteAsync[TState,TResult](TState state, Func`4 operation, Func`4 verifySucceeded, CancellationToken cancellationToken)
   at Microsoft.EntityFrameworkCore.Query.Internal.SingleQueryingEnumerable`1.AsyncEnumerator.MoveNextAsync()
ClientConnectionId:08b5a5e4-a202-4d26-acc7-1fd1c80efa5d
Error Number:207,State:1,Class:16
2026-03-27 01:18:33.4971|ERROR|ServicePlatform.Controllers.AdminController|Error loading orders|action=Orders|controller=Admin|url=http://localhost/Admin/Orders|user=admin@serviceplatform.com
Microsoft.Data.SqlClient.SqlException (0x80131904): Invalid column name 'ExpectedDeliveryDate'.
   at Microsoft.Data.SqlClient.SqlCommand.<>c.<ExecuteDbDataReaderAsync>b__195_0(Task`1 result)
   at System.Threading.Tasks.ContinuationResultTaskFromResultTask`2.InnerInvoke()
   at System.Threading.ExecutionContext.RunInternal(ExecutionContext executionContext, ContextCallback callback, Object state)
--- End of stack trace from previous location ---
   at System.Threading.ExecutionContext.RunInternal(ExecutionContext executionContext, ContextCallback callback, Object state)
   at System.Threading.Tasks.Task.ExecuteWithThreadLocal(Task& currentTaskSlot, Thread threadPoolThread)
--- End of stack trace from previous location ---
   at Microsoft.EntityFrameworkCore.Storage.RelationalCommand.ExecuteReaderAsync(RelationalCommandParameterObject parameterObject, CancellationToken cancellationToken)
   at Microsoft.EntityFrameworkCore.Storage.RelationalCommand.ExecuteReaderAsync(RelationalCommandParameterObject parameterObject, CancellationToken cancellationToken)
   at Microsoft.EntityFrameworkCore.Query.Internal.SingleQueryingEnumerable`1.AsyncEnumerator.InitializeReaderAsync(AsyncEnumerator enumerator, CancellationToken cancellationToken)
   at Microsoft.EntityFrameworkCore.SqlServer.Storage.Internal.SqlServerExecutionStrategy.ExecuteAsync[TState,TResult](TState state, Func`4 operation, Func`4 verifySucceeded, CancellationToken cancellationToken)
   at Microsoft.EntityFrameworkCore.Query.Internal.SingleQueryingEnumerable`1.AsyncEnumerator.MoveNextAsync()
   at Microsoft.EntityFrameworkCore.EntityFrameworkQueryableExtensions.ToListAsync[TSource](IQueryable`1 source, CancellationToken cancellationToken)
   at Microsoft.EntityFrameworkCore.EntityFrameworkQueryableExtensions.ToListAsync[TSource](IQueryable`1 source, CancellationToken cancellationToken)
   at ServicePlatform.Services.OrderService.GetAllOrdersAsync() in C:\Users\Priya Devrani\Desktop\Final_Project\Services\ShopService.cs:line 289
   at ServicePlatform.Controllers.AdminController.Orders() in C:\Users\Priya Devrani\Desktop\Final_Project\Controllers\AdminController.cs:line 127
ClientConnectionId:08b5a5e4-a202-4d26-acc7-1fd1c80efa5d
Error Number:207,State:1,Class:16
2026-03-27 01:18:48.5136|ERROR|Microsoft.EntityFrameworkCore.Database.Command|Failed executing DbCommand (5ms) [Parameters=[], CommandType='Text', CommandTimeout='30']
SELECT [o].[Id], [o].[CreatedAt], [o].[ExpectedDeliveryDate], [o].[IsDeleted], [o].[Notes], [o].[OrderNumber], [o].[ShippingAddress], [o].[ShippingAmount], [o].[Status], [o].[TaxAmount], [o].[TotalAmount], [o].[UpdatedAt], [o].[UserId], [a0].[Id], [a0].[AccessFailedCount], [a0].[Address], [a0].[ConcurrencyStamp], [a0].[CreatedAt], [a0].[Email], [a0].[EmailConfirmed], [a0].[FullName], [a0].[IsActive], [a0].[IsDeleted], [a0].[Latitude], [a0].[LockoutEnabled], [a0].[LockoutEnd], [a0].[Longitude], [a0].[Mobile], [a0].[NormalizedEmail], [a0].[NormalizedUserName], [a0].[PasswordHash], [a0].[PhoneNumber], [a0].[PhoneNumberConfirmed], [a0].[ProfileImageUrl], [a0].[SecurityStamp], [a0].[State], [a0].[TwoFactorEnabled], [a0].[UpdatedAt], [a0].[UserName], [o0].[Id], [o0].[OrderId], [o0].[ProductId], [o0].[Quantity], [o0].[TotalPrice], [o0].[UnitPrice]
FROM [Orders] AS [o]
INNER JOIN (
    SELECT [a].[Id], [a].[AccessFailedCount], [a].[Address], [a].[ConcurrencyStamp], [a].[CreatedAt], [a].[Email], [a].[EmailConfirmed], [a].[FullName], [a].[IsActive], [a].[IsDeleted], [a].[Latitude], [a].[LockoutEnabled], [a].[LockoutEnd], [a].[Longitude], [a].[Mobile], [a].[NormalizedEmail], [a].[NormalizedUserName], [a].[PasswordHash], [a].[PhoneNumber], [a].[PhoneNumberConfirmed], [a].[ProfileImageUrl], [a].[SecurityStamp], [a].[State], [a].[TwoFactorEnabled], [a].[UpdatedAt], [a].[UserName]
    FROM [AspNetUsers] AS [a]
    WHERE [a].[IsDeleted] = CAST(0 AS bit)
) AS [a0] ON [o].[UserId] = [a0].[Id]
LEFT JOIN [OrderItems] AS [o0] ON [o].[Id] = [o0].[OrderId]
WHERE [o].[IsDeleted] = CAST(0 AS bit)
ORDER BY [o].[CreatedAt] DESC, [o].[Id], [a0].[Id]|action=Orders|controller=Admin|url=http://localhost/Admin/Orders|user=admin@serviceplatform.com

2026-03-27 01:18:48.5233|ERROR|Microsoft.EntityFrameworkCore.Query|An exception occurred while iterating over the results of a query for context type 'ServicePlatform.Data.ApplicationDbContext'.
Microsoft.Data.SqlClient.SqlException (0x80131904): Invalid column name 'ExpectedDeliveryDate'.
   at Microsoft.Data.SqlClient.SqlCommand.<>c.<ExecuteDbDataReaderAsync>b__195_0(Task`1 result)
   at System.Threading.Tasks.ContinuationResultTaskFromResultTask`2.InnerInvoke()
   at System.Threading.ExecutionContext.RunInternal(ExecutionContext executionContext, ContextCallback callback, Object state)
--- End of stack trace from previous location ---
   at System.Threading.ExecutionContext.RunInternal(ExecutionContext executionContext, ContextCallback callback, Object state)
   at System.Threading.Tasks.Task.ExecuteWithThreadLocal(Task& currentTaskSlot, Thread threadPoolThread)
--- End of stack trace from previous location ---
   at Microsoft.EntityFrameworkCore.Storage.RelationalCommand.ExecuteReaderAsync(RelationalCommandParameterObject parameterObject, CancellationToken cancellationToken)
   at Microsoft.EntityFrameworkCore.Storage.RelationalCommand.ExecuteReaderAsync(RelationalCommandParameterObject parameterObject, CancellationToken cancellationToken)
   at Microsoft.EntityFrameworkCore.Query.Internal.SingleQueryingEnumerable`1.AsyncEnumerator.InitializeReaderAsync(AsyncEnumerator enumerator, CancellationToken cancellationToken)
   at Microsoft.EntityFrameworkCore.SqlServer.Storage.Internal.SqlServerExecutionStrategy.ExecuteAsync[TState,TResult](TState state, Func`4 operation, Func`4 verifySucceeded, CancellationToken cancellationToken)
   at Microsoft.EntityFrameworkCore.Query.Internal.SingleQueryingEnumerable`1.AsyncEnumerator.MoveNextAsync()
ClientConnectionId:08b5a5e4-a202-4d26-acc7-1fd1c80efa5d
Error Number:207,State:1,Class:16|action=Orders|controller=Admin|url=http://localhost/Admin/Orders|user=admin@serviceplatform.com
Microsoft.Data.SqlClient.SqlException (0x80131904): Invalid column name 'ExpectedDeliveryDate'.
   at Microsoft.Data.SqlClient.SqlCommand.<>c.<ExecuteDbDataReaderAsync>b__195_0(Task`1 result)
   at System.Threading.Tasks.ContinuationResultTaskFromResultTask`2.InnerInvoke()
   at System.Threading.ExecutionContext.RunInternal(ExecutionContext executionContext, ContextCallback callback, Object state)
--- End of stack trace from previous location ---
   at System.Threading.ExecutionContext.RunInternal(ExecutionContext executionContext, ContextCallback callback, Object state)
   at System.Threading.Tasks.Task.ExecuteWithThreadLocal(Task& currentTaskSlot, Thread threadPoolThread)
--- End of stack trace from previous location ---
   at Microsoft.EntityFrameworkCore.Storage.RelationalCommand.ExecuteReaderAsync(RelationalCommandParameterObject parameterObject, CancellationToken cancellationToken)
   at Microsoft.EntityFrameworkCore.Storage.RelationalCommand.ExecuteReaderAsync(RelationalCommandParameterObject parameterObject, CancellationToken cancellationToken)
   at Microsoft.EntityFrameworkCore.Query.Internal.SingleQueryingEnumerable`1.AsyncEnumerator.InitializeReaderAsync(AsyncEnumerator enumerator, CancellationToken cancellationToken)
   at Microsoft.EntityFrameworkCore.SqlServer.Storage.Internal.SqlServerExecutionStrategy.ExecuteAsync[TState,TResult](TState state, Func`4 operation, Func`4 verifySucceeded, CancellationToken cancellationToken)
   at Microsoft.EntityFrameworkCore.Query.Internal.SingleQueryingEnumerable`1.AsyncEnumerator.MoveNextAsync()
ClientConnectionId:08b5a5e4-a202-4d26-acc7-1fd1c80efa5d
Error Number:207,State:1,Class:16
2026-03-27 01:18:48.5233|ERROR|ServicePlatform.Controllers.AdminController|Error loading orders|action=Orders|controller=Admin|url=http://localhost/Admin/Orders|user=admin@serviceplatform.com
Microsoft.Data.SqlClient.SqlException (0x80131904): Invalid column name 'ExpectedDeliveryDate'.
   at Microsoft.Data.SqlClient.SqlCommand.<>c.<ExecuteDbDataReaderAsync>b__195_0(Task`1 result)
   at System.Threading.Tasks.ContinuationResultTaskFromResultTask`2.InnerInvoke()
   at System.Threading.ExecutionContext.RunInternal(ExecutionContext executionContext, ContextCallback callback, Object state)
--- End of stack trace from previous location ---
   at System.Threading.ExecutionContext.RunInternal(ExecutionContext executionContext, ContextCallback callback, Object state)
   at System.Threading.Tasks.Task.ExecuteWithThreadLocal(Task& currentTaskSlot, Thread threadPoolThread)
--- End of stack trace from previous location ---
   at Microsoft.EntityFrameworkCore.Storage.RelationalCommand.ExecuteReaderAsync(RelationalCommandParameterObject parameterObject, CancellationToken cancellationToken)
   at Microsoft.EntityFrameworkCore.Storage.RelationalCommand.ExecuteReaderAsync(RelationalCommandParameterObject parameterObject, CancellationToken cancellationToken)
   at Microsoft.EntityFrameworkCore.Query.Internal.SingleQueryingEnumerable`1.AsyncEnumerator.InitializeReaderAsync(AsyncEnumerator enumerator, CancellationToken cancellationToken)
   at Microsoft.EntityFrameworkCore.SqlServer.Storage.Internal.SqlServerExecutionStrategy.ExecuteAsync[TState,TResult](TState state, Func`4 operation, Func`4 verifySucceeded, CancellationToken cancellationToken)
   at Microsoft.EntityFrameworkCore.Query.Internal.SingleQueryingEnumerable`1.AsyncEnumerator.MoveNextAsync()
   at Microsoft.EntityFrameworkCore.EntityFrameworkQueryableExtensions.ToListAsync[TSource](IQueryable`1 source, CancellationToken cancellationToken)
   at Microsoft.EntityFrameworkCore.EntityFrameworkQueryableExtensions.ToListAsync[TSource](IQueryable`1 source, CancellationToken cancellationToken)
   at ServicePlatform.Services.OrderService.GetAllOrdersAsync() in C:\Users\Priya Devrani\Desktop\Final_Project\Services\ShopService.cs:line 289
   at ServicePlatform.Controllers.AdminController.Orders() in C:\Users\Priya Devrani\Desktop\Final_Project\Controllers\AdminController.cs:line 127
ClientConnectionId:08b5a5e4-a202-4d26-acc7-1fd1c80efa5d
Error Number:207,State:1,Class:16
2026-03-27 01:21:07.5525|ERROR|Microsoft.EntityFrameworkCore.Database.Command|Failed executing DbCommand (4ms) [Parameters=[], CommandType='Text', CommandTimeout='30']
SELECT [o].[Id], [o].[CreatedAt], [o].[ExpectedDeliveryDate], [o].[IsDeleted], [o].[Notes], [o].[OrderNumber], [o].[ShippingAddress], [o].[ShippingAmount], [o].[Status], [o].[TaxAmount], [o].[TotalAmount], [o].[UpdatedAt], [o].[UserId], [a0].[Id], [a0].[AccessFailedCount], [a0].[Address], [a0].[ConcurrencyStamp], [a0].[CreatedAt], [a0].[Email], [a0].[EmailConfirmed], [a0].[FullName], [a0].[IsActive], [a0].[IsDeleted], [a0].[Latitude], [a0].[LockoutEnabled], [a0].[LockoutEnd], [a0].[Longitude], [a0].[Mobile], [a0].[NormalizedEmail], [a0].[NormalizedUserName], [a0].[PasswordHash], [a0].[PhoneNumber], [a0].[PhoneNumberConfirmed], [a0].[ProfileImageUrl], [a0].[SecurityStamp], [a0].[State], [a0].[TwoFactorEnabled], [a0].[UpdatedAt], [a0].[UserName], [o0].[Id], [o0].[OrderId], [o0].[ProductId], [o0].[Quantity], [o0].[TotalPrice], [o0].[UnitPrice]
FROM [Orders] AS [o]
INNER JOIN (
    SELECT [a].[Id], [a].[AccessFailedCount], [a].[Address], [a].[ConcurrencyStamp], [a].[CreatedAt], [a].[Email], [a].[EmailConfirmed], [a].[FullName], [a].[IsActive], [a].[IsDeleted], [a].[Latitude], [a].[LockoutEnabled], [a].[LockoutEnd], [a].[Longitude], [a].[Mobile], [a].[NormalizedEmail], [a].[NormalizedUserName], [a].[PasswordHash], [a].[PhoneNumber], [a].[PhoneNumberConfirmed], [a].[ProfileImageUrl], [a].[SecurityStamp], [a].[State], [a].[TwoFactorEnabled], [a].[UpdatedAt], [a].[UserName]
    FROM [AspNetUsers] AS [a]
    WHERE [a].[IsDeleted] = CAST(0 AS bit)
) AS [a0] ON [o].[UserId] = [a0].[Id]
LEFT JOIN [OrderItems] AS [o0] ON [o].[Id] = [o0].[OrderId]
WHERE [o].[IsDeleted] = CAST(0 AS bit)
ORDER BY [o].[CreatedAt] DESC, [o].[Id], [a0].[Id]|action=Orders|controller=Admin|url=http://localhost/Admin/Orders|user=admin@serviceplatform.com

2026-03-27 01:21:07.5719|ERROR|Microsoft.EntityFrameworkCore.Query|An exception occurred while iterating over the results of a query for context type 'ServicePlatform.Data.ApplicationDbContext'.
Microsoft.Data.SqlClient.SqlException (0x80131904): Invalid column name 'ExpectedDeliveryDate'.
   at System.Threading.Tasks.ContinuationResultTaskFromResultTask`2.InnerInvoke()
   at System.Threading.ExecutionContext.RunInternal(ExecutionContext executionContext, ContextCallback callback, Object state)
--- End of stack trace from previous location ---
   at System.Threading.ExecutionContext.RunInternal(ExecutionContext executionContext, ContextCallback callback, Object state)
   at System.Threading.Tasks.Task.ExecuteWithThreadLocal(Task& currentTaskSlot, Thread threadPoolThread)
--- End of stack trace from previous location ---
   at Microsoft.EntityFrameworkCore.Storage.RelationalCommand.ExecuteReaderAsync(RelationalCommandParameterObject parameterObject, CancellationToken cancellationToken)
   at Microsoft.EntityFrameworkCore.Storage.RelationalCommand.ExecuteReaderAsync(RelationalCommandParameterObject parameterObject, CancellationToken cancellationToken)
   at Microsoft.EntityFrameworkCore.Query.Internal.SingleQueryingEnumerable`1.AsyncEnumerator.InitializeReaderAsync(AsyncEnumerator enumerator, CancellationToken cancellationToken)
   at Microsoft.EntityFrameworkCore.SqlServer.Storage.Internal.SqlServerExecutionStrategy.ExecuteAsync[TState,TResult](TState state, Func`4 operation, Func`4 verifySucceeded, CancellationToken cancellationToken)
   at Microsoft.EntityFrameworkCore.Query.Internal.SingleQueryingEnumerable`1.AsyncEnumerator.MoveNextAsync()
ClientConnectionId:08b5a5e4-a202-4d26-acc7-1fd1c80efa5d
Error Number:207,State:1,Class:16|action=Orders|controller=Admin|url=http://localhost/Admin/Orders|user=admin@serviceplatform.com
Microsoft.Data.SqlClient.SqlException (0x80131904): Invalid column name 'ExpectedDeliveryDate'.
   at System.Threading.Tasks.ContinuationResultTaskFromResultTask`2.InnerInvoke()
   at System.Threading.ExecutionContext.RunInternal(ExecutionContext executionContext, ContextCallback callback, Object state)
--- End of stack trace from previous location ---
   at System.Threading.ExecutionContext.RunInternal(ExecutionContext executionContext, ContextCallback callback, Object state)
   at System.Threading.Tasks.Task.ExecuteWithThreadLocal(Task& currentTaskSlot, Thread threadPoolThread)
--- End of stack trace from previous location ---
   at Microsoft.EntityFrameworkCore.Storage.RelationalCommand.ExecuteReaderAsync(RelationalCommandParameterObject parameterObject, CancellationToken cancellationToken)
   at Microsoft.EntityFrameworkCore.Storage.RelationalCommand.ExecuteReaderAsync(RelationalCommandParameterObject parameterObject, CancellationToken cancellationToken)
   at Microsoft.EntityFrameworkCore.Query.Internal.SingleQueryingEnumerable`1.AsyncEnumerator.InitializeReaderAsync(AsyncEnumerator enumerator, CancellationToken cancellationToken)
   at Microsoft.EntityFrameworkCore.SqlServer.Storage.Internal.SqlServerExecutionStrategy.ExecuteAsync[TState,TResult](TState state, Func`4 operation, Func`4 verifySucceeded, CancellationToken cancellationToken)
   at Microsoft.EntityFrameworkCore.Query.Internal.SingleQueryingEnumerable`1.AsyncEnumerator.MoveNextAsync()
ClientConnectionId:08b5a5e4-a202-4d26-acc7-1fd1c80efa5d
Error Number:207,State:1,Class:16
2026-03-27 01:21:07.5719|ERROR|ServicePlatform.Controllers.AdminController|Error loading orders|action=Orders|controller=Admin|url=http://localhost/Admin/Orders|user=admin@serviceplatform.com
Microsoft.Data.SqlClient.SqlException (0x80131904): Invalid column name 'ExpectedDeliveryDate'.
   at System.Threading.Tasks.ContinuationResultTaskFromResultTask`2.InnerInvoke()
   at System.Threading.ExecutionContext.RunInternal(ExecutionContext executionContext, ContextCallback callback, Object state)
--- End of stack trace from previous location ---
   at System.Threading.ExecutionContext.RunInternal(ExecutionContext executionContext, ContextCallback callback, Object state)
   at System.Threading.Tasks.Task.ExecuteWithThreadLocal(Task& currentTaskSlot, Thread threadPoolThread)
--- End of stack trace from previous location ---
   at Microsoft.EntityFrameworkCore.Storage.RelationalCommand.ExecuteReaderAsync(RelationalCommandParameterObject parameterObject, CancellationToken cancellationToken)
   at Microsoft.EntityFrameworkCore.Storage.RelationalCommand.ExecuteReaderAsync(RelationalCommandParameterObject parameterObject, CancellationToken cancellationToken)
   at Microsoft.EntityFrameworkCore.Query.Internal.SingleQueryingEnumerable`1.AsyncEnumerator.InitializeReaderAsync(AsyncEnumerator enumerator, CancellationToken cancellationToken)
   at Microsoft.EntityFrameworkCore.SqlServer.Storage.Internal.SqlServerExecutionStrategy.ExecuteAsync[TState,TResult](TState state, Func`4 operation, Func`4 verifySucceeded, CancellationToken cancellationToken)
   at Microsoft.EntityFrameworkCore.Query.Internal.SingleQueryingEnumerable`1.AsyncEnumerator.MoveNextAsync()
   at Microsoft.EntityFrameworkCore.EntityFrameworkQueryableExtensions.ToListAsync[TSource](IQueryable`1 source, CancellationToken cancellationToken)
   at Microsoft.EntityFrameworkCore.EntityFrameworkQueryableExtensions.ToListAsync[TSource](IQueryable`1 source, CancellationToken cancellationToken)
   at ServicePlatform.Services.OrderService.GetAllOrdersAsync() in C:\Users\Priya Devrani\Desktop\Final_Project\Services\ShopService.cs:line 289
   at ServicePlatform.Controllers.AdminController.Orders() in C:\Users\Priya Devrani\Desktop\Final_Project\Controllers\AdminController.cs:line 127
ClientConnectionId:08b5a5e4-a202-4d26-acc7-1fd1c80efa5d
Error Number:207,State:1,Class:16
2026-03-27 01:21:57.3409|ERROR|Microsoft.EntityFrameworkCore.Database.Command|Failed executing DbCommand (7ms) [Parameters=[], CommandType='Text', CommandTimeout='30']
SELECT [o].[Id], [o].[CreatedAt], [o].[ExpectedDeliveryDate], [o].[IsDeleted], [o].[Notes], [o].[OrderNumber], [o].[ShippingAddress], [o].[ShippingAmount], [o].[Status], [o].[TaxAmount], [o].[TotalAmount], [o].[UpdatedAt], [o].[UserId], [a0].[Id], [a0].[AccessFailedCount], [a0].[Address], [a0].[ConcurrencyStamp], [a0].[CreatedAt], [a0].[Email], [a0].[EmailConfirmed], [a0].[FullName], [a0].[IsActive], [a0].[IsDeleted], [a0].[Latitude], [a0].[LockoutEnabled], [a0].[LockoutEnd], [a0].[Longitude], [a0].[Mobile], [a0].[NormalizedEmail], [a0].[NormalizedUserName], [a0].[PasswordHash], [a0].[PhoneNumber], [a0].[PhoneNumberConfirmed], [a0].[ProfileImageUrl], [a0].[SecurityStamp], [a0].[State], [a0].[TwoFactorEnabled], [a0].[UpdatedAt], [a0].[UserName], [o0].[Id], [o0].[OrderId], [o0].[ProductId], [o0].[Quantity], [o0].[TotalPrice], [o0].[UnitPrice]
FROM [Orders] AS [o]
INNER JOIN (
    SELECT [a].[Id], [a].[AccessFailedCount], [a].[Address], [a].[ConcurrencyStamp], [a].[CreatedAt], [a].[Email], [a].[EmailConfirmed], [a].[FullName], [a].[IsActive], [a].[IsDeleted], [a].[Latitude], [a].[LockoutEnabled], [a].[LockoutEnd], [a].[Longitude], [a].[Mobile], [a].[NormalizedEmail], [a].[NormalizedUserName], [a].[PasswordHash], [a].[PhoneNumber], [a].[PhoneNumberConfirmed], [a].[ProfileImageUrl], [a].[SecurityStamp], [a].[State], [a].[TwoFactorEnabled], [a].[UpdatedAt], [a].[UserName]
    FROM [AspNetUsers] AS [a]
    WHERE [a].[IsDeleted] = CAST(0 AS bit)
) AS [a0] ON [o].[UserId] = [a0].[Id]
LEFT JOIN [OrderItems] AS [o0] ON [o].[Id] = [o0].[OrderId]
WHERE [o].[IsDeleted] = CAST(0 AS bit)
ORDER BY [o].[CreatedAt] DESC, [o].[Id], [a0].[Id]|action=Orders|controller=Admin|url=http://localhost/Admin/Orders|user=admin@serviceplatform.com

2026-03-27 01:21:57.3409|ERROR|Microsoft.EntityFrameworkCore.Query|An exception occurred while iterating over the results of a query for context type 'ServicePlatform.Data.ApplicationDbContext'.
Microsoft.Data.SqlClient.SqlException (0x80131904): Invalid column name 'ExpectedDeliveryDate'.
   at System.Threading.Tasks.ContinuationResultTaskFromResultTask`2.InnerInvoke()
   at System.Threading.ExecutionContext.RunInternal(ExecutionContext executionContext, ContextCallback callback, Object state)
--- End of stack trace from previous location ---
   at System.Threading.ExecutionContext.RunInternal(ExecutionContext executionContext, ContextCallback callback, Object state)
   at System.Threading.Tasks.Task.ExecuteWithThreadLocal(Task& currentTaskSlot, Thread threadPoolThread)
--- End of stack trace from previous location ---
   at Microsoft.EntityFrameworkCore.Storage.RelationalCommand.ExecuteReaderAsync(RelationalCommandParameterObject parameterObject, CancellationToken cancellationToken)
   at Microsoft.EntityFrameworkCore.Storage.RelationalCommand.ExecuteReaderAsync(RelationalCommandParameterObject parameterObject, CancellationToken cancellationToken)
   at Microsoft.EntityFrameworkCore.Query.Internal.SingleQueryingEnumerable`1.AsyncEnumerator.InitializeReaderAsync(AsyncEnumerator enumerator, CancellationToken cancellationToken)
   at Microsoft.EntityFrameworkCore.SqlServer.Storage.Internal.SqlServerExecutionStrategy.ExecuteAsync[TState,TResult](TState state, Func`4 operation, Func`4 verifySucceeded, CancellationToken cancellationToken)
   at Microsoft.EntityFrameworkCore.Query.Internal.SingleQueryingEnumerable`1.AsyncEnumerator.MoveNextAsync()
ClientConnectionId:08b5a5e4-a202-4d26-acc7-1fd1c80efa5d
Error Number:207,State:1,Class:16|action=Orders|controller=Admin|url=http://localhost/Admin/Orders|user=admin@serviceplatform.com
Microsoft.Data.SqlClient.SqlException (0x80131904): Invalid column name 'ExpectedDeliveryDate'.
   at System.Threading.Tasks.ContinuationResultTaskFromResultTask`2.InnerInvoke()
   at System.Threading.ExecutionContext.RunInternal(ExecutionContext executionContext, ContextCallback callback, Object state)
--- End of stack trace from previous location ---
   at System.Threading.ExecutionContext.RunInternal(ExecutionContext executionContext, ContextCallback callback, Object state)
   at System.Threading.Tasks.Task.ExecuteWithThreadLocal(Task& currentTaskSlot, Thread threadPoolThread)
--- End of stack trace from previous location ---
   at Microsoft.EntityFrameworkCore.Storage.RelationalCommand.ExecuteReaderAsync(RelationalCommandParameterObject parameterObject, CancellationToken cancellationToken)
   at Microsoft.EntityFrameworkCore.Storage.RelationalCommand.ExecuteReaderAsync(RelationalCommandParameterObject parameterObject, CancellationToken cancellationToken)
   at Microsoft.EntityFrameworkCore.Query.Internal.SingleQueryingEnumerable`1.AsyncEnumerator.InitializeReaderAsync(AsyncEnumerator enumerator, CancellationToken cancellationToken)
   at Microsoft.EntityFrameworkCore.SqlServer.Storage.Internal.SqlServerExecutionStrategy.ExecuteAsync[TState,TResult](TState state, Func`4 operation, Func`4 verifySucceeded, CancellationToken cancellationToken)
   at Microsoft.EntityFrameworkCore.Query.Internal.SingleQueryingEnumerable`1.AsyncEnumerator.MoveNextAsync()
ClientConnectionId:08b5a5e4-a202-4d26-acc7-1fd1c80efa5d
Error Number:207,State:1,Class:16
2026-03-27 01:21:57.3548|ERROR|ServicePlatform.Controllers.AdminController|Error loading orders|action=Orders|controller=Admin|url=http://localhost/Admin/Orders|user=admin@serviceplatform.com
Microsoft.Data.SqlClient.SqlException (0x80131904): Invalid column name 'ExpectedDeliveryDate'.
   at System.Threading.Tasks.ContinuationResultTaskFromResultTask`2.InnerInvoke()
   at System.Threading.ExecutionContext.RunInternal(ExecutionContext executionContext, ContextCallback callback, Object state)
--- End of stack trace from previous location ---
   at System.Threading.ExecutionContext.RunInternal(ExecutionContext executionContext, ContextCallback callback, Object state)
   at System.Threading.Tasks.Task.ExecuteWithThreadLocal(Task& currentTaskSlot, Thread threadPoolThread)
--- End of stack trace from previous location ---
   at Microsoft.EntityFrameworkCore.Storage.RelationalCommand.ExecuteReaderAsync(RelationalCommandParameterObject parameterObject, CancellationToken cancellationToken)
   at Microsoft.EntityFrameworkCore.Storage.RelationalCommand.ExecuteReaderAsync(RelationalCommandParameterObject parameterObject, CancellationToken cancellationToken)
   at Microsoft.EntityFrameworkCore.Query.Internal.SingleQueryingEnumerable`1.AsyncEnumerator.InitializeReaderAsync(AsyncEnumerator enumerator, CancellationToken cancellationToken)
   at Microsoft.EntityFrameworkCore.SqlServer.Storage.Internal.SqlServerExecutionStrategy.ExecuteAsync[TState,TResult](TState state, Func`4 operation, Func`4 verifySucceeded, CancellationToken cancellationToken)
   at Microsoft.EntityFrameworkCore.Query.Internal.SingleQueryingEnumerable`1.AsyncEnumerator.MoveNextAsync()
   at Microsoft.EntityFrameworkCore.EntityFrameworkQueryableExtensions.ToListAsync[TSource](IQueryable`1 source, CancellationToken cancellationToken)
   at Microsoft.EntityFrameworkCore.EntityFrameworkQueryableExtensions.ToListAsync[TSource](IQueryable`1 source, CancellationToken cancellationToken)
   at ServicePlatform.Services.OrderService.GetAllOrdersAsync() in C:\Users\Priya Devrani\Desktop\Final_Project\Services\ShopService.cs:line 289
   at ServicePlatform.Controllers.AdminController.Orders() in C:\Users\Priya Devrani\Desktop\Final_Project\Controllers\AdminController.cs:line 127
ClientConnectionId:08b5a5e4-a202-4d26-acc7-1fd1c80efa5d
Error Number:207,State:1,Class:16
